#
# There is insufficient memory for the Java Runtime Environment to continue.
# Native memory allocation (malloc) failed to allocate 1428656 bytes for Chunk::new
# Possible reasons:
#   The system is out of physical RAM or swap space
#   The process is running with CompressedOops enabled, and the Java Heap may be blocking the growth of the native heap
# Possible solutions:
#   Reduce memory load on the system
#   Increase physical memory or swap space
#   Check if swap backing store is full
#   Decrease Java heap size (-Xmx/-Xms)
#   Decrease number of Java threads
#   Decrease Java thread stack sizes (-Xss)
#   Set larger code cache with -XX:ReservedCodeCacheSize=
#   JVM is running with Unscaled Compressed Oops mode in which the Java heap is
#     placed in the first 4GB address space. The Java Heap base address is the
#     maximum limit for the native heap growth. Please use -XX:HeapBaseMinAddress
#     to set the Java Heap base and to place the Java Heap above 4GB virtual address.
# This output file may be truncated or incomplete.
#
#  Out of Memory Error (arena.cpp:189), pid=112216, tid=116684
#
# JRE version: Java(TM) SE Runtime Environment (17.0.5+9) (build 17.0.5+9-LTS-191)
# Java VM: Java HotSpot(TM) 64-Bit Server VM (17.0.5+9-LTS-191, mixed mode, sharing, tiered, compressed oops, compressed class ptrs, g1 gc, windows-amd64)
# No core dump will be written. Minidumps are not enabled by default on client versions of Windows
#

---------------  S U M M A R Y ------------

Command Line: --add-opens=java.base/java.util=ALL-UNNAMED --add-opens=java.base/java.lang=ALL-UNNAMED --add-opens=java.base/java.lang.invoke=ALL-UNNAMED --add-opens=java.prefs/java.util.prefs=ALL-UNNAMED --add-opens=java.base/java.nio.charset=ALL-UNNAMED --add-opens=java.base/java.net=ALL-UNNAMED --add-opens=java.base/java.util.concurrent.atomic=ALL-UNNAMED -XX:MaxMetaspaceSize=384m -XX:+HeapDumpOnOutOfMemoryError -Xms256m -Xmx512m -Dfile.encoding=x-windows-949 -Duser.country=KR -Duser.language=ko -Duser.variant -javaagent:C:\Users\USER\.gradle\wrapper\dists\gradle-8.8-bin\dl7vupf4psengwqhwktix4v1\gradle-8.8\lib\agents\gradle-instrumentation-agent-8.8.jar org.gradle.launcher.daemon.bootstrap.GradleDaemon 8.8

Host: Intel(R) Core(TM) i5-1035G1 CPU @ 1.00GHz, 8 cores, 7G,  Windows 10 , 64 bit Build 19041 (10.0.19041.2913)
Time: Thu Jun 13 16:44:57 2024  Windows 10 , 64 bit Build 19041 (10.0.19041.2913) elapsed time: 384.382253 seconds (0d 0h 6m 24s)

---------------  T H R E A D  ---------------

Current thread (0x000002667dcd4e90):  JavaThread "C2 CompilerThread0" daemon [_thread_in_native, id=116684, stack(0x000000d951600000,0x000000d951700000)]


Current CompileTask:
C2: 384383 10971   !   4       com.google.common.cache.LocalCache$Segment::clear (261 bytes)

Stack: [0x000000d951600000,0x000000d951700000]
Native frames: (J=compiled Java code, j=interpreted, Vv=VM code, C=native code)
V  [jvm.dll+0x672eea]
V  [jvm.dll+0x7d2a04]
V  [jvm.dll+0x7d41ae]
V  [jvm.dll+0x7d4813]
V  [jvm.dll+0x242c15]
V  [jvm.dll+0xaa57b]
V  [jvm.dll+0xaab0c]
V  [jvm.dll+0x35ff42]
V  [jvm.dll+0x32a631]
V  [jvm.dll+0x329ada]
V  [jvm.dll+0x215cc1]
V  [jvm.dll+0x2150e1]
V  [jvm.dll+0x1a18ed]
V  [jvm.dll+0x22493a]
V  [jvm.dll+0x222aa5]
V  [jvm.dll+0x7885db]
V  [jvm.dll+0x782b4a]
V  [jvm.dll+0x671d75]
C  [ucrtbase.dll+0x21bb2]
C  [KERNEL32.DLL+0x17614]
C  [ntdll.dll+0x526a1]


---------------  P R O C E S S  ---------------

Threads class SMR info:
_java_thread_list=0x000002667ec52780, length=135, elements={
0x00000266634109e0, 0x000002667dcb3970, 0x000002667dcb4a40, 0x000002667dccd580,
0x000002667dcce040, 0x000002667dcd2920, 0x000002667dcd31e0, 0x000002667dcd4e90,
0x000002667dcd8be0, 0x000002667dcda4f0, 0x000002667e895780, 0x000002667e99bf20,
0x00000266006c5930, 0x00000266001ce760, 0x000002667ec7c990, 0x000002667ed785c0,
0x0000026600989f00, 0x000002660098b380, 0x0000026600834eb0, 0x00000266007cde40,
0x0000026600ddb870, 0x0000026600dda530, 0x0000026600ddd080, 0x0000026600ddda20,
0x0000026600dda060, 0x0000026600ddaa00, 0x0000026600ddb3a0, 0x0000026600ddbd40,
0x0000026600ddaed0, 0x0000026600ddc210, 0x0000026600ddcbb0, 0x0000026600867080,
0x000002660086d590, 0x000002660086d0c0, 0x0000026600869700, 0x000002660086b3e0,
0x000002660086bd80, 0x0000026600866210, 0x000002660086cbf0, 0x0000026600867a20,
0x000002660086c250, 0x000002660086c720, 0x000002660086a570, 0x000002660086aa40,
0x000002660086b8b0, 0x000002660086a0a0, 0x00000266008666e0, 0x0000026600866bb0,
0x0000026600867550, 0x0000026600869230, 0x0000026600867ef0, 0x00000266008683c0,
0x0000026600868890, 0x0000026600868d60, 0x0000026602c221c0, 0x0000026602c1fb40,
0x0000026602c239d0, 0x0000026602c20e80, 0x0000026602c20010, 0x0000026602c1d990,
0x0000026602c21350, 0x0000026602c21820, 0x0000026602c1cff0, 0x0000026602c204e0,
0x0000026602c23ea0, 0x0000026602c23030, 0x0000026602c1cb20, 0x0000026602c1d4c0,
0x0000026602c1e800, 0x0000026602c1f1a0, 0x0000026602c1f670, 0x000002667eb19370,
0x000002667eb1a1e0, 0x000002667eb1b050, 0x000002667eb19d10, 0x000002667eb189d0,
0x000002667eb1b520, 0x000002667eb17690, 0x000002667eb18500, 0x000002667eb1d200,
0x000002667eb16820, 0x000002667eb1c390, 0x000002667eb1ab80, 0x000002667eb18ea0,
0x000002667eb1b9f0, 0x000002667eb1c860, 0x000002667eb1bec0, 0x000002667eb1cd30,
0x000002667eb1d6d0, 0x000002667eb1dba0, 0x000002667eb16350, 0x000002667eb16cf0,
0x000002667eb19840, 0x000002667eb1a6b0, 0x000002667eb17b60, 0x000002667eb18030,
0x000002660276efc0, 0x00000266027707d0, 0x0000026602771170, 0x000002660276f960,
0x00000266027737f0, 0x0000026602771640, 0x000002660276e620, 0x0000026602773cc0,
0x0000026602774190, 0x0000026602770300, 0x000002660276eaf0, 0x0000026602771fe0,
0x0000026602771b10, 0x000002660276fe30, 0x0000026602774660, 0x0000026602774b30,
0x00000266027724b0, 0x0000026602770ca0, 0x000002660276e150, 0x0000026602772980,
0x0000026602772e50, 0x000002660276f490, 0x0000026602773320, 0x0000026602775000,
0x00000266027754d0, 0x00000266027759a0, 0x0000026601c2ba00, 0x0000026601c25e90,
0x0000026601c2bed0, 0x0000026601c2b060, 0x0000026601c28510, 0x0000026601c26360,
0x0000026601c29380, 0x0000026601c2cd40, 0x0000026601c2c3a0, 0x0000026601c26830,
0x0000026601c2c870, 0x0000026601c271d0, 0x0000026601c29850
}

Java Threads: ( => current thread )
  0x00000266634109e0 JavaThread "main" [_thread_blocked, id=68036, stack(0x000000d950900000,0x000000d950a00000)]
  0x000002667dcb3970 JavaThread "Reference Handler" daemon [_thread_blocked, id=112232, stack(0x000000d951000000,0x000000d951100000)]
  0x000002667dcb4a40 JavaThread "Finalizer" daemon [_thread_blocked, id=116100, stack(0x000000d951100000,0x000000d951200000)]
  0x000002667dccd580 JavaThread "Signal Dispatcher" daemon [_thread_blocked, id=113660, stack(0x000000d951200000,0x000000d951300000)]
  0x000002667dcce040 JavaThread "Attach Listener" daemon [_thread_blocked, id=112424, stack(0x000000d951300000,0x000000d951400000)]
  0x000002667dcd2920 JavaThread "Service Thread" daemon [_thread_blocked, id=116448, stack(0x000000d951400000,0x000000d951500000)]
  0x000002667dcd31e0 JavaThread "Monitor Deflation Thread" daemon [_thread_blocked, id=111992, stack(0x000000d951500000,0x000000d951600000)]
=>0x000002667dcd4e90 JavaThread "C2 CompilerThread0" daemon [_thread_in_native, id=116684, stack(0x000000d951600000,0x000000d951700000)]
  0x000002667dcd8be0 JavaThread "C1 CompilerThread0" daemon [_thread_blocked, id=106128, stack(0x000000d951700000,0x000000d951800000)]
  0x000002667dcda4f0 JavaThread "Sweeper thread" daemon [_thread_blocked, id=107608, stack(0x000000d951800000,0x000000d951900000)]
  0x000002667e895780 JavaThread "Common-Cleaner" daemon [_thread_blocked, id=117096, stack(0x000000d951900000,0x000000d951a00000)]
  0x000002667e99bf20 JavaThread "Notification Thread" daemon [_thread_blocked, id=107792, stack(0x000000d951a00000,0x000000d951b00000)]
  0x00000266006c5930 JavaThread "Daemon health stats" [_thread_blocked, id=114752, stack(0x000000d952100000,0x000000d952200000)]
  0x00000266001ce760 JavaThread "Incoming local TCP Connector on port 64333" [_thread_in_native, id=115132, stack(0x000000d952200000,0x000000d952300000)]
  0x000002667ec7c990 JavaThread "Daemon periodic checks" [_thread_blocked, id=115628, stack(0x000000d952300000,0x000000d952400000)]
  0x000002667ed785c0 JavaThread "Daemon" [_thread_blocked, id=104164, stack(0x000000d952400000,0x000000d952500000)]
  0x0000026600989f00 JavaThread "Handler for socket connection from /127.0.0.1:64333 to /127.0.0.1:64335" [_thread_in_native, id=111700, stack(0x000000d952500000,0x000000d952600000)]
  0x000002660098b380 JavaThread "Cancel handler" [_thread_blocked, id=110412, stack(0x000000d952600000,0x000000d952700000)]
  0x0000026600834eb0 JavaThread "Daemon worker" [_thread_blocked, id=111276, stack(0x000000d952700000,0x000000d952800000)]
  0x00000266007cde40 JavaThread "Asynchronous log dispatcher for DefaultDaemonConnection: socket connection from /127.0.0.1:64333 to /127.0.0.1:64335" [_thread_blocked, id=106384, stack(0x000000d952800000,0x000000d952900000)]
  0x0000026600ddb870 JavaThread "Stdin handler" [_thread_blocked, id=111696, stack(0x000000d952900000,0x000000d952a00000)]
  0x0000026600dda530 JavaThread "Daemon client event forwarder" [_thread_blocked, id=114312, stack(0x000000d952a00000,0x000000d952b00000)]
  0x0000026600ddd080 JavaThread "Cache worker for journal cache (C:\Users\USER\.gradle\caches\journal-1)" [_thread_blocked, id=105648, stack(0x000000d952b00000,0x000000d952c00000)]
  0x0000026600ddda20 JavaThread "File lock request listener" [_thread_in_native, id=115272, stack(0x000000d952c00000,0x000000d952d00000)]
  0x0000026600dda060 JavaThread "Cache worker for file hash cache (C:\Users\USER\.gradle\caches\8.8\fileHashes)" [_thread_blocked, id=107600, stack(0x000000d952d00000,0x000000d952e00000)]
  0x0000026600ddaa00 JavaThread "Cache worker for file hash cache (C:\coding\Sunjoo\sunjoo-server-auth\.gradle\8.8\fileHashes)" [_thread_blocked, id=89128, stack(0x000000d952f00000,0x000000d953000000)]
  0x0000026600ddb3a0 JavaThread "File watcher server" daemon [_thread_in_native, id=116380, stack(0x000000d953200000,0x000000d953300000)]
  0x0000026600ddbd40 JavaThread "File watcher consumer" daemon [_thread_blocked_trans, id=103476, stack(0x000000d953300000,0x000000d953400000)]
  0x0000026600ddaed0 JavaThread "Cache worker for checksums cache (C:\coding\Sunjoo\sunjoo-server-auth\.gradle\8.8\checksums)" [_thread_blocked, id=88132, stack(0x000000d953500000,0x000000d953600000)]
  0x0000026600ddc210 JavaThread "Cache worker for file content cache (C:\Users\USER\.gradle\caches\8.8\fileContent)" [_thread_blocked, id=114984, stack(0x000000d953600000,0x000000d953700000)]
  0x0000026600ddcbb0 JavaThread "Cache worker for cache directory md-rule (C:\Users\USER\.gradle\caches\8.8\md-rule)" [_thread_blocked, id=113504, stack(0x000000d953700000,0x000000d953800000)]
  0x0000026600867080 JavaThread "Cache worker for cache directory md-supplier (C:\Users\USER\.gradle\caches\8.8\md-supplier)" [_thread_blocked, id=103212, stack(0x000000d953800000,0x000000d953900000)]
  0x000002660086d590 JavaThread "jar transforms" [_thread_blocked, id=65204, stack(0x000000d953900000,0x000000d953a00000)]
  0x000002660086d0c0 JavaThread "jar transforms Thread 2" [_thread_blocked, id=65812, stack(0x000000d953a00000,0x000000d953b00000)]
  0x0000026600869700 JavaThread "jar transforms Thread 3" [_thread_blocked, id=115216, stack(0x000000d953b00000,0x000000d953c00000)]
  0x000002660086b3e0 JavaThread "jar transforms Thread 4" [_thread_blocked, id=112672, stack(0x000000d953c00000,0x000000d953d00000)]
  0x000002660086bd80 JavaThread "jar transforms Thread 5" [_thread_blocked, id=117404, stack(0x000000d953d00000,0x000000d953e00000)]
  0x0000026600866210 JavaThread "jar transforms Thread 6" [_thread_blocked, id=106080, stack(0x000000d953e00000,0x000000d953f00000)]
  0x000002660086cbf0 JavaThread "Cache worker for Build Output Cleanup Cache (C:\coding\Sunjoo\sunjoo-server-auth\.gradle\buildOutputCleanup)" [_thread_blocked, id=115428, stack(0x000000d953f00000,0x000000d954000000)]
  0x0000026600867a20 JavaThread "jar transforms Thread 7" [_thread_blocked, id=112608, stack(0x000000d954000000,0x000000d954100000)]
  0x000002660086c250 JavaThread "Unconstrained build operations" [_thread_blocked, id=112752, stack(0x000000d954300000,0x000000d954400000)]
  0x000002660086c720 JavaThread "Unconstrained build operations Thread 2" [_thread_blocked, id=111656, stack(0x000000d954400000,0x000000d954500000)]
  0x000002660086a570 JavaThread "Unconstrained build operations Thread 3" [_thread_blocked, id=63876, stack(0x000000d954500000,0x000000d954600000)]
  0x000002660086aa40 JavaThread "Unconstrained build operations Thread 4" [_thread_blocked, id=114412, stack(0x000000d954600000,0x000000d954700000)]
  0x000002660086b8b0 JavaThread "Unconstrained build operations Thread 5" [_thread_blocked, id=116452, stack(0x000000d954700000,0x000000d954800000)]
  0x000002660086a0a0 JavaThread "Unconstrained build operations Thread 6" [_thread_blocked, id=112548, stack(0x000000d954800000,0x000000d954900000)]
  0x00000266008666e0 JavaThread "Unconstrained build operations Thread 7" [_thread_blocked, id=116872, stack(0x000000d954900000,0x000000d954a00000)]
  0x0000026600866bb0 JavaThread "Unconstrained build operations Thread 8" [_thread_blocked, id=109240, stack(0x000000d954a00000,0x000000d954b00000)]
  0x0000026600867550 JavaThread "Unconstrained build operations Thread 9" [_thread_blocked, id=110672, stack(0x000000d954b00000,0x000000d954c00000)]
  0x0000026600869230 JavaThread "Unconstrained build operations Thread 10" [_thread_blocked, id=113712, stack(0x000000d954c00000,0x000000d954d00000)]
  0x0000026600867ef0 JavaThread "Unconstrained build operations Thread 11" [_thread_blocked, id=109892, stack(0x000000d954d00000,0x000000d954e00000)]
  0x00000266008683c0 JavaThread "Unconstrained build operations Thread 12" [_thread_blocked, id=104488, stack(0x000000d954e00000,0x000000d954f00000)]
  0x0000026600868890 JavaThread "Unconstrained build operations Thread 13" [_thread_blocked, id=113832, stack(0x000000d954f00000,0x000000d955000000)]
  0x0000026600868d60 JavaThread "Unconstrained build operations Thread 14" [_thread_blocked, id=115684, stack(0x000000d955000000,0x000000d955100000)]
  0x0000026602c221c0 JavaThread "Unconstrained build operations Thread 15" [_thread_blocked, id=112492, stack(0x000000d950600000,0x000000d950700000)]
  0x0000026602c1fb40 JavaThread "Unconstrained build operations Thread 16" [_thread_blocked, id=117016, stack(0x000000d950700000,0x000000d950800000)]
  0x0000026602c239d0 JavaThread "Unconstrained build operations Thread 17" [_thread_blocked, id=112576, stack(0x000000d950800000,0x000000d950900000)]
  0x0000026602c20e80 JavaThread "Unconstrained build operations Thread 18" [_thread_blocked, id=61584, stack(0x000000d955100000,0x000000d955200000)]
  0x0000026602c20010 JavaThread "Unconstrained build operations Thread 19" [_thread_blocked, id=117376, stack(0x000000d955200000,0x000000d955300000)]
  0x0000026602c1d990 JavaThread "Unconstrained build operations Thread 20" [_thread_blocked, id=67920, stack(0x000000d955300000,0x000000d955400000)]
  0x0000026602c21350 JavaThread "Unconstrained build operations Thread 21" [_thread_blocked, id=99592, stack(0x000000d955400000,0x000000d955500000)]
  0x0000026602c21820 JavaThread "Memory manager" [_thread_blocked, id=75796, stack(0x000000d955500000,0x000000d955600000)]
  0x0000026602c1cff0 JavaThread "jar transforms Thread 8" [_thread_blocked, id=64076, stack(0x000000d955600000,0x000000d955700000)]
  0x0000026602c204e0 JavaThread "ForkJoinPool.commonPool-worker-1" daemon [_thread_blocked, id=107340, stack(0x000000d955700000,0x000000d955800000)]
  0x0000026602c23ea0 JavaThread "ForkJoinPool.commonPool-worker-3" daemon [_thread_blocked, id=110880, stack(0x000000d955900000,0x000000d955a00000)]
  0x0000026602c23030 JavaThread "ForkJoinPool.commonPool-worker-5" daemon [_thread_blocked, id=111796, stack(0x000000d955b00000,0x000000d955c00000)]
  0x0000026602c1cb20 JavaThread "included builds" [_thread_blocked, id=96696, stack(0x000000d956100000,0x000000d956200000)]
  0x0000026602c1d4c0 JavaThread "Execution worker" [_thread_blocked, id=113672, stack(0x000000d956200000,0x000000d956300000)]
  0x0000026602c1e800 JavaThread "Execution worker Thread 2" [_thread_blocked, id=97428, stack(0x000000d956300000,0x000000d956400000)]
  0x0000026602c1f1a0 JavaThread "Execution worker Thread 3" [_thread_in_vm, id=115340, stack(0x000000d956400000,0x000000d956500000)]
  0x0000026602c1f670 JavaThread "Execution worker Thread 4" [_thread_blocked, id=116416, stack(0x000000d956500000,0x000000d956600000)]
  0x000002667eb19370 JavaThread "Execution worker Thread 5" [_thread_blocked, id=116844, stack(0x000000d956600000,0x000000d956700000)]
  0x000002667eb1a1e0 JavaThread "Execution worker Thread 6" [_thread_blocked, id=83752, stack(0x000000d956700000,0x000000d956800000)]
  0x000002667eb1b050 JavaThread "Execution worker Thread 7" [_thread_blocked, id=37188, stack(0x000000d956800000,0x000000d956900000)]
  0x000002667eb19d10 JavaThread "Cache worker for execution history cache (C:\coding\Sunjoo\sunjoo-server-auth\.gradle\8.8\executionHistory)" [_thread_blocked, id=6384, stack(0x000000d956900000,0x000000d956a00000)]
  0x000002667eb189d0 JavaThread "Unconstrained build operations Thread 22" [_thread_blocked, id=107596, stack(0x000000d956a00000,0x000000d956b00000)]
  0x000002667eb1b520 JavaThread "Unconstrained build operations Thread 23" [_thread_blocked, id=116360, stack(0x000000d956b00000,0x000000d956c00000)]
  0x000002667eb17690 JavaThread "Unconstrained build operations Thread 24" [_thread_blocked, id=113052, stack(0x000000d956c00000,0x000000d956d00000)]
  0x000002667eb18500 JavaThread "Unconstrained build operations Thread 25" [_thread_blocked, id=113956, stack(0x000000d956d00000,0x000000d956e00000)]
  0x000002667eb1d200 JavaThread "Unconstrained build operations Thread 26" [_thread_blocked, id=116804, stack(0x000000d956e00000,0x000000d956f00000)]
  0x000002667eb16820 JavaThread "Unconstrained build operations Thread 27" [_thread_blocked, id=101764, stack(0x000000d956f00000,0x000000d957000000)]
  0x000002667eb1c390 JavaThread "Unconstrained build operations Thread 28" [_thread_blocked, id=110728, stack(0x000000d957000000,0x000000d957100000)]
  0x000002667eb1ab80 JavaThread "Unconstrained build operations Thread 29" [_thread_blocked, id=113232, stack(0x000000d957100000,0x000000d957200000)]
  0x000002667eb18ea0 JavaThread "Unconstrained build operations Thread 30" [_thread_blocked, id=108744, stack(0x000000d957200000,0x000000d957300000)]
  0x000002667eb1b9f0 JavaThread "Unconstrained build operations Thread 31" [_thread_blocked, id=66288, stack(0x000000d957300000,0x000000d957400000)]
  0x000002667eb1c860 JavaThread "Unconstrained build operations Thread 32" [_thread_blocked, id=115448, stack(0x000000d957400000,0x000000d957500000)]
  0x000002667eb1bec0 JavaThread "Unconstrained build operations Thread 33" [_thread_blocked, id=55756, stack(0x000000d957500000,0x000000d957600000)]
  0x000002667eb1cd30 JavaThread "Unconstrained build operations Thread 34" [_thread_blocked, id=116688, stack(0x000000d957600000,0x000000d957700000)]
  0x000002667eb1d6d0 JavaThread "Unconstrained build operations Thread 35" [_thread_blocked, id=114776, stack(0x000000d957700000,0x000000d957800000)]
  0x000002667eb1dba0 JavaThread "Unconstrained build operations Thread 36" [_thread_blocked, id=105916, stack(0x000000d957800000,0x000000d957900000)]
  0x000002667eb16350 JavaThread "Unconstrained build operations Thread 37" [_thread_blocked, id=111676, stack(0x000000d957900000,0x000000d957a00000)]
  0x000002667eb16cf0 JavaThread "Unconstrained build operations Thread 38" [_thread_blocked, id=1772, stack(0x000000d957a00000,0x000000d957b00000)]
  0x000002667eb19840 JavaThread "Unconstrained build operations Thread 39" [_thread_blocked, id=104800, stack(0x000000d957b00000,0x000000d957c00000)]
  0x000002667eb1a6b0 JavaThread "Unconstrained build operations Thread 40" [_thread_blocked, id=117012, stack(0x000000d957c00000,0x000000d957d00000)]
  0x000002667eb17b60 JavaThread "Unconstrained build operations Thread 41" [_thread_blocked, id=109364, stack(0x000000d957d00000,0x000000d957e00000)]
  0x000002667eb18030 JavaThread "Unconstrained build operations Thread 42" [_thread_blocked, id=116960, stack(0x000000d957e00000,0x000000d957f00000)]
  0x000002660276efc0 JavaThread "Unconstrained build operations Thread 43" [_thread_blocked, id=107964, stack(0x000000d957f00000,0x000000d958000000)]
  0x00000266027707d0 JavaThread "Unconstrained build operations Thread 44" [_thread_blocked, id=114636, stack(0x000000d958000000,0x000000d958100000)]
  0x0000026602771170 JavaThread "Unconstrained build operations Thread 45" [_thread_blocked, id=111572, stack(0x000000d958100000,0x000000d958200000)]
  0x000002660276f960 JavaThread "Unconstrained build operations Thread 46" [_thread_blocked, id=110060, stack(0x000000d958200000,0x000000d958300000)]
  0x00000266027737f0 JavaThread "Unconstrained build operations Thread 47" [_thread_blocked, id=93936, stack(0x000000d958300000,0x000000d958400000)]
  0x0000026602771640 JavaThread "Unconstrained build operations Thread 48" [_thread_blocked, id=111944, stack(0x000000d958400000,0x000000d958500000)]
  0x000002660276e620 JavaThread "Unconstrained build operations Thread 49" [_thread_blocked, id=64172, stack(0x000000d958500000,0x000000d958600000)]
  0x0000026602773cc0 JavaThread "Unconstrained build operations Thread 50" [_thread_blocked, id=104152, stack(0x000000d958600000,0x000000d958700000)]
  0x0000026602774190 JavaThread "Unconstrained build operations Thread 51" [_thread_blocked, id=105700, stack(0x000000d958700000,0x000000d958800000)]
  0x0000026602770300 JavaThread "Unconstrained build operations Thread 52" [_thread_blocked, id=115612, stack(0x000000d958800000,0x000000d958900000)]
  0x000002660276eaf0 JavaThread "Unconstrained build operations Thread 53" [_thread_blocked, id=109084, stack(0x000000d958900000,0x000000d958a00000)]
  0x0000026602771fe0 JavaThread "Unconstrained build operations Thread 54" [_thread_blocked, id=112944, stack(0x000000d958a00000,0x000000d958b00000)]
  0x0000026602771b10 JavaThread "Unconstrained build operations Thread 55" [_thread_blocked, id=116516, stack(0x000000d958b00000,0x000000d958c00000)]
  0x000002660276fe30 JavaThread "Unconstrained build operations Thread 56" [_thread_blocked, id=115160, stack(0x000000d958c00000,0x000000d958d00000)]
  0x0000026602774660 JavaThread "Unconstrained build operations Thread 57" [_thread_blocked, id=102804, stack(0x000000d958d00000,0x000000d958e00000)]
  0x0000026602774b30 JavaThread "Unconstrained build operations Thread 58" [_thread_blocked, id=116580, stack(0x000000d958e00000,0x000000d958f00000)]
  0x00000266027724b0 JavaThread "Unconstrained build operations Thread 59" [_thread_blocked, id=90500, stack(0x000000d958f00000,0x000000d959000000)]
  0x0000026602770ca0 JavaThread "Unconstrained build operations Thread 60" [_thread_blocked, id=111328, stack(0x000000d959000000,0x000000d959100000)]
  0x000002660276e150 JavaThread "Unconstrained build operations Thread 61" [_thread_blocked, id=115228, stack(0x000000d959100000,0x000000d959200000)]
  0x0000026602772980 JavaThread "Unconstrained build operations Thread 62" [_thread_blocked, id=116032, stack(0x000000d959200000,0x000000d959300000)]
  0x0000026602772e50 JavaThread "Unconstrained build operations Thread 63" [_thread_blocked, id=113724, stack(0x000000d959300000,0x000000d959400000)]
  0x000002660276f490 JavaThread "Unconstrained build operations Thread 64" [_thread_blocked, id=115396, stack(0x000000d959400000,0x000000d959500000)]
  0x0000026602773320 JavaThread "Unconstrained build operations Thread 65" [_thread_blocked, id=112612, stack(0x000000d959500000,0x000000d959600000)]
  0x0000026602775000 JavaThread "Unconstrained build operations Thread 66" [_thread_blocked, id=115016, stack(0x000000d959600000,0x000000d959700000)]
  0x00000266027754d0 JavaThread "Unconstrained build operations Thread 67" [_thread_blocked, id=105320, stack(0x000000d959700000,0x000000d959800000)]
  0x00000266027759a0 JavaThread "Unconstrained build operations Thread 68" [_thread_blocked, id=61804, stack(0x000000d959800000,0x000000d959900000)]
  0x0000026601c2ba00 JavaThread "Unconstrained build operations Thread 69" [_thread_blocked, id=114968, stack(0x000000d959900000,0x000000d959a00000)]
  0x0000026601c25e90 JavaThread "Unconstrained build operations Thread 70" [_thread_blocked, id=115204, stack(0x000000d959a00000,0x000000d959b00000)]
  0x0000026601c2bed0 JavaThread "Unconstrained build operations Thread 71" [_thread_blocked, id=96268, stack(0x000000d959b00000,0x000000d959c00000)]
  0x0000026601c2b060 JavaThread "Unconstrained build operations Thread 72" [_thread_blocked, id=108568, stack(0x000000d959c00000,0x000000d959d00000)]
  0x0000026601c28510 JavaThread "Unconstrained build operations Thread 73" [_thread_blocked, id=110976, stack(0x000000d959d00000,0x000000d959e00000)]
  0x0000026601c26360 JavaThread "Unconstrained build operations Thread 74" [_thread_blocked, id=17604, stack(0x000000d959e00000,0x000000d959f00000)]
  0x0000026601c29380 JavaThread "Unconstrained build operations Thread 75" [_thread_blocked, id=114272, stack(0x000000d959f00000,0x000000d95a000000)]
  0x0000026601c2cd40 JavaThread "Unconstrained build operations Thread 76" [_thread_blocked, id=108288, stack(0x000000d95a000000,0x000000d95a100000)]
  0x0000026601c2c3a0 JavaThread "Unconstrained build operations Thread 77" [_thread_blocked, id=114000, stack(0x000000d95a100000,0x000000d95a200000)]
  0x0000026601c26830 JavaThread "Unconstrained build operations Thread 78" [_thread_blocked, id=106904, stack(0x000000d95a200000,0x000000d95a300000)]
  0x0000026601c2c870 JavaThread "Unconstrained build operations Thread 79" [_thread_blocked, id=111304, stack(0x000000d95a300000,0x000000d95a400000)]
  0x0000026601c271d0 JavaThread "Unconstrained build operations Thread 80" [_thread_blocked, id=116356, stack(0x000000d95a400000,0x000000d95a500000)]
  0x0000026601c29850 JavaThread "File lock release action executor Thread 3" [_thread_blocked, id=119176, stack(0x000000d954100000,0x000000d954200000)]

Other Threads:
  0x000002667dcaf830 VMThread "VM Thread" [stack: 0x000000d950f00000,0x000000d951000000] [id=110852]
  0x000002667e99c3f0 WatcherThread [stack: 0x000000d951b00000,0x000000d951c00000] [id=106048]
  0x000002666343f810 GCTaskThread "GC Thread#0" [stack: 0x000000d950a00000,0x000000d950b00000] [id=17740]
  0x000002667f261320 GCTaskThread "GC Thread#1" [stack: 0x000000d951c00000,0x000000d951d00000] [id=86116]
  0x000002667f031c30 GCTaskThread "GC Thread#2" [stack: 0x000000d951d00000,0x000000d951e00000] [id=112116]
  0x000002667f031ee0 GCTaskThread "GC Thread#3" [stack: 0x000000d951e00000,0x000000d951f00000] [id=117064]
  0x000002667f1e5e80 GCTaskThread "GC Thread#4" [stack: 0x000000d951f00000,0x000000d952000000] [id=104292]
  0x000002667f1e6130 GCTaskThread "GC Thread#5" [stack: 0x000000d952000000,0x000000d952100000] [id=115664]
  0x000002660213e8a0 GCTaskThread "GC Thread#6" [stack: 0x000000d953000000,0x000000d953100000] [id=66772]
  0x000002660213e5f0 GCTaskThread "GC Thread#7" [stack: 0x000000d953100000,0x000000d953200000] [id=113424]
  0x0000026663445670 ConcurrentGCThread "G1 Main Marker" [stack: 0x000000d950b00000,0x000000d950c00000] [id=81036]
  0x0000026663445f90 ConcurrentGCThread "G1 Conc#0" [stack: 0x000000d950c00000,0x000000d950d00000] [id=106308]
  0x000002660213dde0 ConcurrentGCThread "G1 Conc#1" [stack: 0x000000d953400000,0x000000d953500000] [id=110152]
  0x00000266634ed540 ConcurrentGCThread "G1 Refine#0" [stack: 0x000000d950d00000,0x000000d950e00000] [id=112908]
  0x0000026601cd7910 ConcurrentGCThread "G1 Refine#1" [stack: 0x000000d95a500000,0x000000d95a600000] [id=108820]
  0x0000026602632b40 ConcurrentGCThread "G1 Refine#2" [stack: 0x000000d95a600000,0x000000d95a700000] [id=100716]
  0x00000266634ede70 ConcurrentGCThread "G1 Service" [stack: 0x000000d950e00000,0x000000d950f00000] [id=116256]

Threads with active compile tasks:
C2 CompilerThread0   384667 10971   !   4       com.google.common.cache.LocalCache$Segment::clear (261 bytes)

VM state: not at safepoint (normal execution)

VM Mutex/Monitor currently owned by a thread: None

Heap address: 0x00000000e0000000, size: 512 MB, Compressed Oops mode: 32-bit

CDS archive(s) mapped at: [0x0000000800000000-0x0000000800bd0000-0x0000000800bd0000), size 12386304, SharedBaseAddress: 0x0000000800000000, ArchiveRelocationMode: 0.
Compressed class space mapped at: 0x0000000800c00000-0x0000000814000000, reserved size: 322961408
Narrow klass base: 0x0000000800000000, Narrow klass shift: 0, Narrow klass range: 0x100000000

GC Precious Log:
 CPUs: 8 total, 8 available
 Memory: 7880M
 Large Page Support: Disabled
 NUMA Support: Disabled
 Compressed Oops: Enabled (32-bit)
 Heap Region Size: 1M
 Heap Min Capacity: 256M
 Heap Initial Capacity: 256M
 Heap Max Capacity: 512M
 Pre-touch: Disabled
 Parallel Workers: 8
 Concurrent Workers: 2
 Concurrent Refinement Workers: 8
 Periodic GC: Disabled

Heap:
 garbage-first heap   total 262144K, used 86864K [0x00000000e0000000, 0x0000000100000000)
  region size 1024K, 28 young (28672K), 4 survivors (4096K)
 Metaspace       used 56035K, committed 56576K, reserved 364544K
  class space    used 7726K, committed 8000K, reserved 315392K

Heap Regions: E=young(eden), S=young(survivor), O=old, HS=humongous(starts), HC=humongous(continues), CS=collection set, F=free, OA=open archive, CA=closed archive, TAMS=top-at-mark-start (previous, next)
|   0|0x00000000e0000000, 0x00000000e0100000, 0x00000000e0100000|100%|HS|  |TAMS 0x00000000e0100000, 0x00000000e0000000| Complete 
|   1|0x00000000e0100000, 0x00000000e0200000, 0x00000000e0200000|100%|HC|  |TAMS 0x00000000e0200000, 0x00000000e0100000| Complete 
|   2|0x00000000e0200000, 0x00000000e0300000, 0x00000000e0300000|100%|HC|  |TAMS 0x00000000e0300000, 0x00000000e0200000| Complete 
|   3|0x00000000e0300000, 0x00000000e0400000, 0x00000000e0400000|100%|HC|  |TAMS 0x00000000e0400000, 0x00000000e0300000| Complete 
|   4|0x00000000e0400000, 0x00000000e0500000, 0x00000000e0500000|100%| O|  |TAMS 0x00000000e0500000, 0x00000000e0400000| Untracked 
|   5|0x00000000e0500000, 0x00000000e0600000, 0x00000000e0600000|100%| O|  |TAMS 0x00000000e0600000, 0x00000000e0500000| Untracked 
|   6|0x00000000e0600000, 0x00000000e0700000, 0x00000000e0700000|100%| O|  |TAMS 0x00000000e0700000, 0x00000000e0600000| Untracked 
|   7|0x00000000e0700000, 0x00000000e0800000, 0x00000000e0800000|100%| O|  |TAMS 0x00000000e0800000, 0x00000000e0700000| Untracked 
|   8|0x00000000e0800000, 0x00000000e0900000, 0x00000000e0900000|100%| O|  |TAMS 0x00000000e0900000, 0x00000000e0800000| Untracked 
|   9|0x00000000e0900000, 0x00000000e0a00000, 0x00000000e0a00000|100%| O|  |TAMS 0x00000000e0a00000, 0x00000000e0900000| Untracked 
|  10|0x00000000e0a00000, 0x00000000e0b00000, 0x00000000e0b00000|100%| O|  |TAMS 0x00000000e0b00000, 0x00000000e0a00000| Untracked 
|  11|0x00000000e0b00000, 0x00000000e0c00000, 0x00000000e0c00000|100%|HS|  |TAMS 0x00000000e0c00000, 0x00000000e0b00000| Complete 
|  12|0x00000000e0c00000, 0x00000000e0d00000, 0x00000000e0d00000|100%| O|  |TAMS 0x00000000e0cbf800, 0x00000000e0c00000| Untracked 
|  13|0x00000000e0d00000, 0x00000000e0e00000, 0x00000000e0e00000|100%| O|  |TAMS 0x00000000e0d00000, 0x00000000e0d00000| Untracked 
|  14|0x00000000e0e00000, 0x00000000e0f00000, 0x00000000e0f00000|100%| O|  |TAMS 0x00000000e0e00000, 0x00000000e0e00000| Untracked 
|  15|0x00000000e0f00000, 0x00000000e1000000, 0x00000000e1000000|100%| O|  |TAMS 0x00000000e0f00000, 0x00000000e0f00000| Untracked 
|  16|0x00000000e1000000, 0x00000000e1100000, 0x00000000e1100000|100%| O|  |TAMS 0x00000000e1000000, 0x00000000e1000000| Untracked 
|  17|0x00000000e1100000, 0x00000000e1200000, 0x00000000e1200000|100%| O|  |TAMS 0x00000000e1100000, 0x00000000e1100000| Untracked 
|  18|0x00000000e1200000, 0x00000000e1300000, 0x00000000e1300000|100%| O|  |TAMS 0x00000000e1200000, 0x00000000e1200000| Untracked 
|  19|0x00000000e1300000, 0x00000000e1400000, 0x00000000e1400000|100%| O|  |TAMS 0x00000000e1300000, 0x00000000e1300000| Untracked 
|  20|0x00000000e1400000, 0x00000000e1500000, 0x00000000e1500000|100%| O|  |TAMS 0x00000000e1400000, 0x00000000e1400000| Untracked 
|  21|0x00000000e1500000, 0x00000000e1600000, 0x00000000e1600000|100%| O|  |TAMS 0x00000000e1500000, 0x00000000e1500000| Untracked 
|  22|0x00000000e1600000, 0x00000000e1700000, 0x00000000e1700000|100%| O|  |TAMS 0x00000000e1600000, 0x00000000e1600000| Untracked 
|  23|0x00000000e1700000, 0x00000000e1800000, 0x00000000e1800000|100%| O|  |TAMS 0x00000000e1700000, 0x00000000e1700000| Untracked 
|  24|0x00000000e1800000, 0x00000000e1900000, 0x00000000e1900000|100%| O|  |TAMS 0x00000000e1800000, 0x00000000e1800000| Untracked 
|  25|0x00000000e1900000, 0x00000000e1a00000, 0x00000000e1a00000|100%| O|  |TAMS 0x00000000e1900000, 0x00000000e1900000| Untracked 
|  26|0x00000000e1a00000, 0x00000000e1b00000, 0x00000000e1b00000|100%| O|  |TAMS 0x00000000e1a00000, 0x00000000e1a00000| Untracked 
|  27|0x00000000e1b00000, 0x00000000e1c00000, 0x00000000e1c00000|100%| O|  |TAMS 0x00000000e1b00000, 0x00000000e1b00000| Untracked 
|  28|0x00000000e1c00000, 0x00000000e1d00000, 0x00000000e1d00000|100%| O|  |TAMS 0x00000000e1c00000, 0x00000000e1c00000| Untracked 
|  29|0x00000000e1d00000, 0x00000000e1e00000, 0x00000000e1e00000|100%| O|  |TAMS 0x00000000e1d00000, 0x00000000e1d00000| Untracked 
|  30|0x00000000e1e00000, 0x00000000e1f00000, 0x00000000e1f00000|100%| O|  |TAMS 0x00000000e1e00000, 0x00000000e1e00000| Untracked 
|  31|0x00000000e1f00000, 0x00000000e2000000, 0x00000000e2000000|100%| O|  |TAMS 0x00000000e1f00000, 0x00000000e1f00000| Untracked 
|  32|0x00000000e2000000, 0x00000000e2100000, 0x00000000e2100000|100%| O|  |TAMS 0x00000000e2000000, 0x00000000e2000000| Untracked 
|  33|0x00000000e2100000, 0x00000000e2200000, 0x00000000e2200000|100%| O|  |TAMS 0x00000000e2100000, 0x00000000e2100000| Untracked 
|  34|0x00000000e2200000, 0x00000000e2300000, 0x00000000e2300000|100%| O|  |TAMS 0x00000000e2200000, 0x00000000e2200000| Untracked 
|  35|0x00000000e2300000, 0x00000000e2400000, 0x00000000e2400000|100%| O|  |TAMS 0x00000000e2300000, 0x00000000e2300000| Untracked 
|  36|0x00000000e2400000, 0x00000000e2500000, 0x00000000e2500000|100%| O|  |TAMS 0x00000000e2400000, 0x00000000e2400000| Untracked 
|  37|0x00000000e2500000, 0x00000000e2600000, 0x00000000e2600000|100%| O|  |TAMS 0x00000000e2500000, 0x00000000e2500000| Untracked 
|  38|0x00000000e2600000, 0x00000000e2700000, 0x00000000e2700000|100%| O|  |TAMS 0x00000000e2600000, 0x00000000e2600000| Untracked 
|  39|0x00000000e2700000, 0x00000000e2800000, 0x00000000e2800000|100%| O|  |TAMS 0x00000000e2700000, 0x00000000e2700000| Untracked 
|  40|0x00000000e2800000, 0x00000000e2900000, 0x00000000e2900000|100%| O|  |TAMS 0x00000000e2800000, 0x00000000e2800000| Untracked 
|  41|0x00000000e2900000, 0x00000000e2a00000, 0x00000000e2a00000|100%| O|  |TAMS 0x00000000e2900000, 0x00000000e2900000| Untracked 
|  42|0x00000000e2a00000, 0x00000000e2b00000, 0x00000000e2b00000|100%| O|  |TAMS 0x00000000e2a00000, 0x00000000e2a00000| Untracked 
|  43|0x00000000e2b00000, 0x00000000e2c00000, 0x00000000e2c00000|100%| O|  |TAMS 0x00000000e2b00000, 0x00000000e2b00000| Untracked 
|  44|0x00000000e2c00000, 0x00000000e2d00000, 0x00000000e2d00000|100%| O|  |TAMS 0x00000000e2c00000, 0x00000000e2c00000| Untracked 
|  45|0x00000000e2d00000, 0x00000000e2e00000, 0x00000000e2e00000|100%| O|  |TAMS 0x00000000e2d00000, 0x00000000e2d00000| Untracked 
|  46|0x00000000e2e00000, 0x00000000e2f00000, 0x00000000e2f00000|100%| O|  |TAMS 0x00000000e2e00000, 0x00000000e2e00000| Untracked 
|  47|0x00000000e2f00000, 0x00000000e3000000, 0x00000000e3000000|100%| O|  |TAMS 0x00000000e2f00000, 0x00000000e2f00000| Untracked 
|  48|0x00000000e3000000, 0x00000000e3100000, 0x00000000e3100000|100%| O|  |TAMS 0x00000000e3000000, 0x00000000e3000000| Untracked 
|  49|0x00000000e3100000, 0x00000000e3200000, 0x00000000e3200000|100%| O|  |TAMS 0x00000000e3100000, 0x00000000e3100000| Untracked 
|  50|0x00000000e3200000, 0x00000000e3300000, 0x00000000e3300000|100%| O|  |TAMS 0x00000000e3200000, 0x00000000e3200000| Untracked 
|  51|0x00000000e3300000, 0x00000000e3400000, 0x00000000e3400000|100%| O|  |TAMS 0x00000000e3300000, 0x00000000e3300000| Untracked 
|  52|0x00000000e3400000, 0x00000000e3500000, 0x00000000e3500000|100%| O|  |TAMS 0x00000000e3400000, 0x00000000e3400000| Untracked 
|  53|0x00000000e3500000, 0x00000000e3600000, 0x00000000e3600000|100%| O|  |TAMS 0x00000000e3500000, 0x00000000e3500000| Untracked 
|  54|0x00000000e3600000, 0x00000000e3700000, 0x00000000e3700000|100%| O|  |TAMS 0x00000000e3600000, 0x00000000e3600000| Untracked 
|  55|0x00000000e3700000, 0x00000000e3800000, 0x00000000e3800000|100%| O|  |TAMS 0x00000000e3700000, 0x00000000e3700000| Untracked 
|  56|0x00000000e3800000, 0x00000000e3900000, 0x00000000e3900000|100%| O|  |TAMS 0x00000000e3800000, 0x00000000e3800000| Untracked 
|  57|0x00000000e3900000, 0x00000000e3a00000, 0x00000000e3a00000|100%| O|  |TAMS 0x00000000e3900000, 0x00000000e3900000| Untracked 
|  58|0x00000000e3a00000, 0x00000000e3b00000, 0x00000000e3b00000|100%| O|  |TAMS 0x00000000e3a00000, 0x00000000e3a00000| Untracked 
|  59|0x00000000e3b00000, 0x00000000e3b00000, 0x00000000e3c00000|  0%| F|  |TAMS 0x00000000e3b00000, 0x00000000e3b00000| Untracked 
|  60|0x00000000e3c00000, 0x00000000e3c00000, 0x00000000e3d00000|  0%| F|  |TAMS 0x00000000e3c00000, 0x00000000e3c00000| Untracked 
|  61|0x00000000e3d00000, 0x00000000e3d00000, 0x00000000e3e00000|  0%| F|  |TAMS 0x00000000e3d00000, 0x00000000e3d00000| Untracked 
|  62|0x00000000e3e00000, 0x00000000e3e00000, 0x00000000e3f00000|  0%| F|  |TAMS 0x00000000e3e00000, 0x00000000e3e00000| Untracked 
|  63|0x00000000e3f00000, 0x00000000e3f00000, 0x00000000e4000000|  0%| F|  |TAMS 0x00000000e3f00000, 0x00000000e3f00000| Untracked 
|  64|0x00000000e4000000, 0x00000000e4000000, 0x00000000e4100000|  0%| F|  |TAMS 0x00000000e4000000, 0x00000000e4000000| Untracked 
|  65|0x00000000e4100000, 0x00000000e4100000, 0x00000000e4200000|  0%| F|  |TAMS 0x00000000e4100000, 0x00000000e4100000| Untracked 
|  66|0x00000000e4200000, 0x00000000e4200000, 0x00000000e4300000|  0%| F|  |TAMS 0x00000000e4200000, 0x00000000e4200000| Untracked 
|  67|0x00000000e4300000, 0x00000000e4300000, 0x00000000e4400000|  0%| F|  |TAMS 0x00000000e4300000, 0x00000000e4300000| Untracked 
|  68|0x00000000e4400000, 0x00000000e4400000, 0x00000000e4500000|  0%| F|  |TAMS 0x00000000e4400000, 0x00000000e4400000| Untracked 
|  69|0x00000000e4500000, 0x00000000e4500000, 0x00000000e4600000|  0%| F|  |TAMS 0x00000000e4500000, 0x00000000e4500000| Untracked 
|  70|0x00000000e4600000, 0x00000000e4600000, 0x00000000e4700000|  0%| F|  |TAMS 0x00000000e4600000, 0x00000000e4600000| Untracked 
|  71|0x00000000e4700000, 0x00000000e4700000, 0x00000000e4800000|  0%| F|  |TAMS 0x00000000e4700000, 0x00000000e4700000| Untracked 
|  72|0x00000000e4800000, 0x00000000e4800000, 0x00000000e4900000|  0%| F|  |TAMS 0x00000000e4800000, 0x00000000e4800000| Untracked 
|  73|0x00000000e4900000, 0x00000000e4900000, 0x00000000e4a00000|  0%| F|  |TAMS 0x00000000e4900000, 0x00000000e4900000| Untracked 
|  74|0x00000000e4a00000, 0x00000000e4a00000, 0x00000000e4b00000|  0%| F|  |TAMS 0x00000000e4a00000, 0x00000000e4a00000| Untracked 
|  75|0x00000000e4b00000, 0x00000000e4b00000, 0x00000000e4c00000|  0%| F|  |TAMS 0x00000000e4b00000, 0x00000000e4b00000| Untracked 
|  76|0x00000000e4c00000, 0x00000000e4c00000, 0x00000000e4d00000|  0%| F|  |TAMS 0x00000000e4c00000, 0x00000000e4c00000| Untracked 
|  77|0x00000000e4d00000, 0x00000000e4d00000, 0x00000000e4e00000|  0%| F|  |TAMS 0x00000000e4d00000, 0x00000000e4d00000| Untracked 
|  78|0x00000000e4e00000, 0x00000000e4e00000, 0x00000000e4f00000|  0%| F|  |TAMS 0x00000000e4e00000, 0x00000000e4e00000| Untracked 
|  79|0x00000000e4f00000, 0x00000000e4f00000, 0x00000000e5000000|  0%| F|  |TAMS 0x00000000e4f00000, 0x00000000e4f00000| Untracked 
|  80|0x00000000e5000000, 0x00000000e5000000, 0x00000000e5100000|  0%| F|  |TAMS 0x00000000e5000000, 0x00000000e5000000| Untracked 
|  81|0x00000000e5100000, 0x00000000e5100000, 0x00000000e5200000|  0%| F|  |TAMS 0x00000000e5100000, 0x00000000e5100000| Untracked 
|  82|0x00000000e5200000, 0x00000000e5200000, 0x00000000e5300000|  0%| F|  |TAMS 0x00000000e5200000, 0x00000000e5200000| Untracked 
|  83|0x00000000e5300000, 0x00000000e5300000, 0x00000000e5400000|  0%| F|  |TAMS 0x00000000e5300000, 0x00000000e5300000| Untracked 
|  84|0x00000000e5400000, 0x00000000e5400000, 0x00000000e5500000|  0%| F|  |TAMS 0x00000000e5400000, 0x00000000e5400000| Untracked 
|  85|0x00000000e5500000, 0x00000000e5500000, 0x00000000e5600000|  0%| F|  |TAMS 0x00000000e5500000, 0x00000000e5500000| Untracked 
|  86|0x00000000e5600000, 0x00000000e5600000, 0x00000000e5700000|  0%| F|  |TAMS 0x00000000e5600000, 0x00000000e5600000| Untracked 
|  87|0x00000000e5700000, 0x00000000e5700000, 0x00000000e5800000|  0%| F|  |TAMS 0x00000000e5700000, 0x00000000e5700000| Untracked 
|  88|0x00000000e5800000, 0x00000000e5800000, 0x00000000e5900000|  0%| F|  |TAMS 0x00000000e5800000, 0x00000000e5800000| Untracked 
|  89|0x00000000e5900000, 0x00000000e5900000, 0x00000000e5a00000|  0%| F|  |TAMS 0x00000000e5900000, 0x00000000e5900000| Untracked 
|  90|0x00000000e5a00000, 0x00000000e5a00000, 0x00000000e5b00000|  0%| F|  |TAMS 0x00000000e5a00000, 0x00000000e5a00000| Untracked 
|  91|0x00000000e5b00000, 0x00000000e5b00000, 0x00000000e5c00000|  0%| F|  |TAMS 0x00000000e5b00000, 0x00000000e5b00000| Untracked 
|  92|0x00000000e5c00000, 0x00000000e5c00000, 0x00000000e5d00000|  0%| F|  |TAMS 0x00000000e5c00000, 0x00000000e5c00000| Untracked 
|  93|0x00000000e5d00000, 0x00000000e5d00000, 0x00000000e5e00000|  0%| F|  |TAMS 0x00000000e5d00000, 0x00000000e5d00000| Untracked 
|  94|0x00000000e5e00000, 0x00000000e5e00000, 0x00000000e5f00000|  0%| F|  |TAMS 0x00000000e5e00000, 0x00000000e5e00000| Untracked 
|  95|0x00000000e5f00000, 0x00000000e5f00000, 0x00000000e6000000|  0%| F|  |TAMS 0x00000000e5f00000, 0x00000000e5f00000| Untracked 
|  96|0x00000000e6000000, 0x00000000e6000000, 0x00000000e6100000|  0%| F|  |TAMS 0x00000000e6000000, 0x00000000e6000000| Untracked 
|  97|0x00000000e6100000, 0x00000000e6100000, 0x00000000e6200000|  0%| F|  |TAMS 0x00000000e6100000, 0x00000000e6100000| Untracked 
|  98|0x00000000e6200000, 0x00000000e6200000, 0x00000000e6300000|  0%| F|  |TAMS 0x00000000e6200000, 0x00000000e6200000| Untracked 
|  99|0x00000000e6300000, 0x00000000e6300000, 0x00000000e6400000|  0%| F|  |TAMS 0x00000000e6300000, 0x00000000e6300000| Untracked 
| 100|0x00000000e6400000, 0x00000000e6400000, 0x00000000e6500000|  0%| F|  |TAMS 0x00000000e6400000, 0x00000000e6400000| Untracked 
| 101|0x00000000e6500000, 0x00000000e6500000, 0x00000000e6600000|  0%| F|  |TAMS 0x00000000e6500000, 0x00000000e6500000| Untracked 
| 102|0x00000000e6600000, 0x00000000e6600000, 0x00000000e6700000|  0%| F|  |TAMS 0x00000000e6600000, 0x00000000e6600000| Untracked 
| 103|0x00000000e6700000, 0x00000000e6700000, 0x00000000e6800000|  0%| F|  |TAMS 0x00000000e6700000, 0x00000000e6700000| Untracked 
| 104|0x00000000e6800000, 0x00000000e6800000, 0x00000000e6900000|  0%| F|  |TAMS 0x00000000e6800000, 0x00000000e6800000| Untracked 
| 105|0x00000000e6900000, 0x00000000e6900000, 0x00000000e6a00000|  0%| F|  |TAMS 0x00000000e6900000, 0x00000000e6900000| Untracked 
| 106|0x00000000e6a00000, 0x00000000e6a00000, 0x00000000e6b00000|  0%| F|  |TAMS 0x00000000e6a00000, 0x00000000e6a00000| Untracked 
| 107|0x00000000e6b00000, 0x00000000e6b00000, 0x00000000e6c00000|  0%| F|  |TAMS 0x00000000e6b00000, 0x00000000e6b00000| Untracked 
| 108|0x00000000e6c00000, 0x00000000e6c00000, 0x00000000e6d00000|  0%| F|  |TAMS 0x00000000e6c00000, 0x00000000e6c00000| Untracked 
| 109|0x00000000e6d00000, 0x00000000e6d00000, 0x00000000e6e00000|  0%| F|  |TAMS 0x00000000e6d00000, 0x00000000e6d00000| Untracked 
| 110|0x00000000e6e00000, 0x00000000e6e00000, 0x00000000e6f00000|  0%| F|  |TAMS 0x00000000e6e00000, 0x00000000e6e00000| Untracked 
| 111|0x00000000e6f00000, 0x00000000e6f00000, 0x00000000e7000000|  0%| F|  |TAMS 0x00000000e6f00000, 0x00000000e6f00000| Untracked 
| 112|0x00000000e7000000, 0x00000000e7000000, 0x00000000e7100000|  0%| F|  |TAMS 0x00000000e7000000, 0x00000000e7000000| Untracked 
| 113|0x00000000e7100000, 0x00000000e7100000, 0x00000000e7200000|  0%| F|  |TAMS 0x00000000e7100000, 0x00000000e7100000| Untracked 
| 114|0x00000000e7200000, 0x00000000e7200000, 0x00000000e7300000|  0%| F|  |TAMS 0x00000000e7200000, 0x00000000e7200000| Untracked 
| 115|0x00000000e7300000, 0x00000000e7300000, 0x00000000e7400000|  0%| F|  |TAMS 0x00000000e7300000, 0x00000000e7300000| Untracked 
| 116|0x00000000e7400000, 0x00000000e7400000, 0x00000000e7500000|  0%| F|  |TAMS 0x00000000e7400000, 0x00000000e7400000| Untracked 
| 117|0x00000000e7500000, 0x00000000e7500000, 0x00000000e7600000|  0%| F|  |TAMS 0x00000000e7500000, 0x00000000e7500000| Untracked 
| 118|0x00000000e7600000, 0x00000000e7600000, 0x00000000e7700000|  0%| F|  |TAMS 0x00000000e7600000, 0x00000000e7600000| Untracked 
| 119|0x00000000e7700000, 0x00000000e7700000, 0x00000000e7800000|  0%| F|  |TAMS 0x00000000e7700000, 0x00000000e7700000| Untracked 
| 120|0x00000000e7800000, 0x00000000e7800000, 0x00000000e7900000|  0%| F|  |TAMS 0x00000000e7800000, 0x00000000e7800000| Untracked 
| 121|0x00000000e7900000, 0x00000000e7900000, 0x00000000e7a00000|  0%| F|  |TAMS 0x00000000e7900000, 0x00000000e7900000| Untracked 
| 122|0x00000000e7a00000, 0x00000000e7a00000, 0x00000000e7b00000|  0%| F|  |TAMS 0x00000000e7a00000, 0x00000000e7a00000| Untracked 
| 123|0x00000000e7b00000, 0x00000000e7b00000, 0x00000000e7c00000|  0%| F|  |TAMS 0x00000000e7b00000, 0x00000000e7b00000| Untracked 
| 124|0x00000000e7c00000, 0x00000000e7c00000, 0x00000000e7d00000|  0%| F|  |TAMS 0x00000000e7c00000, 0x00000000e7c00000| Untracked 
| 125|0x00000000e7d00000, 0x00000000e7d00000, 0x00000000e7e00000|  0%| F|  |TAMS 0x00000000e7d00000, 0x00000000e7d00000| Untracked 
| 126|0x00000000e7e00000, 0x00000000e7e00000, 0x00000000e7f00000|  0%| F|  |TAMS 0x00000000e7e00000, 0x00000000e7e00000| Untracked 
| 127|0x00000000e7f00000, 0x00000000e7f00000, 0x00000000e8000000|  0%| F|  |TAMS 0x00000000e7f00000, 0x00000000e7f00000| Untracked 
| 128|0x00000000e8000000, 0x00000000e8000000, 0x00000000e8100000|  0%| F|  |TAMS 0x00000000e8000000, 0x00000000e8000000| Untracked 
| 129|0x00000000e8100000, 0x00000000e8100000, 0x00000000e8200000|  0%| F|  |TAMS 0x00000000e8100000, 0x00000000e8100000| Untracked 
| 130|0x00000000e8200000, 0x00000000e8200000, 0x00000000e8300000|  0%| F|  |TAMS 0x00000000e8200000, 0x00000000e8200000| Untracked 
| 131|0x00000000e8300000, 0x00000000e8300000, 0x00000000e8400000|  0%| F|  |TAMS 0x00000000e8300000, 0x00000000e8300000| Untracked 
| 132|0x00000000e8400000, 0x00000000e8400000, 0x00000000e8500000|  0%| F|  |TAMS 0x00000000e8400000, 0x00000000e8400000| Untracked 
| 133|0x00000000e8500000, 0x00000000e8500000, 0x00000000e8600000|  0%| F|  |TAMS 0x00000000e8500000, 0x00000000e8500000| Untracked 
| 134|0x00000000e8600000, 0x00000000e8600000, 0x00000000e8700000|  0%| F|  |TAMS 0x00000000e8600000, 0x00000000e8600000| Untracked 
| 135|0x00000000e8700000, 0x00000000e8700000, 0x00000000e8800000|  0%| F|  |TAMS 0x00000000e8700000, 0x00000000e8700000| Untracked 
| 136|0x00000000e8800000, 0x00000000e8800000, 0x00000000e8900000|  0%| F|  |TAMS 0x00000000e8800000, 0x00000000e8800000| Untracked 
| 137|0x00000000e8900000, 0x00000000e8900000, 0x00000000e8a00000|  0%| F|  |TAMS 0x00000000e8900000, 0x00000000e8900000| Untracked 
| 138|0x00000000e8a00000, 0x00000000e8a00000, 0x00000000e8b00000|  0%| F|  |TAMS 0x00000000e8a00000, 0x00000000e8a00000| Untracked 
| 139|0x00000000e8b00000, 0x00000000e8b00000, 0x00000000e8c00000|  0%| F|  |TAMS 0x00000000e8b00000, 0x00000000e8b00000| Untracked 
| 140|0x00000000e8c00000, 0x00000000e8c00000, 0x00000000e8d00000|  0%| F|  |TAMS 0x00000000e8c00000, 0x00000000e8c00000| Untracked 
| 141|0x00000000e8d00000, 0x00000000e8d00000, 0x00000000e8e00000|  0%| F|  |TAMS 0x00000000e8d00000, 0x00000000e8d00000| Untracked 
| 142|0x00000000e8e00000, 0x00000000e8e00000, 0x00000000e8f00000|  0%| F|  |TAMS 0x00000000e8e00000, 0x00000000e8e00000| Untracked 
| 143|0x00000000e8f00000, 0x00000000e8f00000, 0x00000000e9000000|  0%| F|  |TAMS 0x00000000e8f00000, 0x00000000e8f00000| Untracked 
| 144|0x00000000e9000000, 0x00000000e9000000, 0x00000000e9100000|  0%| F|  |TAMS 0x00000000e9000000, 0x00000000e9000000| Untracked 
| 145|0x00000000e9100000, 0x00000000e9100000, 0x00000000e9200000|  0%| F|  |TAMS 0x00000000e9100000, 0x00000000e9100000| Untracked 
| 146|0x00000000e9200000, 0x00000000e9200000, 0x00000000e9300000|  0%| F|  |TAMS 0x00000000e9200000, 0x00000000e9200000| Untracked 
| 147|0x00000000e9300000, 0x00000000e9300000, 0x00000000e9400000|  0%| F|  |TAMS 0x00000000e9300000, 0x00000000e9300000| Untracked 
| 148|0x00000000e9400000, 0x00000000e9400000, 0x00000000e9500000|  0%| F|  |TAMS 0x00000000e9400000, 0x00000000e9400000| Untracked 
| 149|0x00000000e9500000, 0x00000000e9500000, 0x00000000e9600000|  0%| F|  |TAMS 0x00000000e9500000, 0x00000000e9500000| Untracked 
| 150|0x00000000e9600000, 0x00000000e9600000, 0x00000000e9700000|  0%| F|  |TAMS 0x00000000e9600000, 0x00000000e9600000| Untracked 
| 151|0x00000000e9700000, 0x00000000e9700000, 0x00000000e9800000|  0%| F|  |TAMS 0x00000000e9700000, 0x00000000e9700000| Untracked 
| 152|0x00000000e9800000, 0x00000000e9800000, 0x00000000e9900000|  0%| F|  |TAMS 0x00000000e9800000, 0x00000000e9800000| Untracked 
| 153|0x00000000e9900000, 0x00000000e9900000, 0x00000000e9a00000|  0%| F|  |TAMS 0x00000000e9900000, 0x00000000e9900000| Untracked 
| 154|0x00000000e9a00000, 0x00000000e9a00000, 0x00000000e9b00000|  0%| F|  |TAMS 0x00000000e9a00000, 0x00000000e9a00000| Untracked 
| 155|0x00000000e9b00000, 0x00000000e9b00000, 0x00000000e9c00000|  0%| F|  |TAMS 0x00000000e9b00000, 0x00000000e9b00000| Untracked 
| 156|0x00000000e9c00000, 0x00000000e9c00000, 0x00000000e9d00000|  0%| F|  |TAMS 0x00000000e9c00000, 0x00000000e9c00000| Untracked 
| 157|0x00000000e9d00000, 0x00000000e9d00000, 0x00000000e9e00000|  0%| F|  |TAMS 0x00000000e9d00000, 0x00000000e9d00000| Untracked 
| 158|0x00000000e9e00000, 0x00000000e9e00000, 0x00000000e9f00000|  0%| F|  |TAMS 0x00000000e9e00000, 0x00000000e9e00000| Untracked 
| 159|0x00000000e9f00000, 0x00000000e9f00000, 0x00000000ea000000|  0%| F|  |TAMS 0x00000000e9f00000, 0x00000000e9f00000| Untracked 
| 160|0x00000000ea000000, 0x00000000ea000000, 0x00000000ea100000|  0%| F|  |TAMS 0x00000000ea000000, 0x00000000ea000000| Untracked 
| 161|0x00000000ea100000, 0x00000000ea100000, 0x00000000ea200000|  0%| F|  |TAMS 0x00000000ea100000, 0x00000000ea100000| Untracked 
| 162|0x00000000ea200000, 0x00000000ea200000, 0x00000000ea300000|  0%| F|  |TAMS 0x00000000ea200000, 0x00000000ea200000| Untracked 
| 163|0x00000000ea300000, 0x00000000ea300000, 0x00000000ea400000|  0%| F|  |TAMS 0x00000000ea300000, 0x00000000ea300000| Untracked 
| 164|0x00000000ea400000, 0x00000000ea400000, 0x00000000ea500000|  0%| F|  |TAMS 0x00000000ea400000, 0x00000000ea400000| Untracked 
| 165|0x00000000ea500000, 0x00000000ea500000, 0x00000000ea600000|  0%| F|  |TAMS 0x00000000ea500000, 0x00000000ea500000| Untracked 
| 166|0x00000000ea600000, 0x00000000ea600000, 0x00000000ea700000|  0%| F|  |TAMS 0x00000000ea600000, 0x00000000ea600000| Untracked 
| 167|0x00000000ea700000, 0x00000000ea700000, 0x00000000ea800000|  0%| F|  |TAMS 0x00000000ea700000, 0x00000000ea700000| Untracked 
| 168|0x00000000ea800000, 0x00000000ea800000, 0x00000000ea900000|  0%| F|  |TAMS 0x00000000ea800000, 0x00000000ea800000| Untracked 
| 169|0x00000000ea900000, 0x00000000ea900000, 0x00000000eaa00000|  0%| F|  |TAMS 0x00000000ea900000, 0x00000000ea900000| Untracked 
| 170|0x00000000eaa00000, 0x00000000eaa00000, 0x00000000eab00000|  0%| F|  |TAMS 0x00000000eaa00000, 0x00000000eaa00000| Untracked 
| 171|0x00000000eab00000, 0x00000000eab00000, 0x00000000eac00000|  0%| F|  |TAMS 0x00000000eab00000, 0x00000000eab00000| Untracked 
| 172|0x00000000eac00000, 0x00000000eac00000, 0x00000000ead00000|  0%| F|  |TAMS 0x00000000eac00000, 0x00000000eac00000| Untracked 
| 173|0x00000000ead00000, 0x00000000ead00000, 0x00000000eae00000|  0%| F|  |TAMS 0x00000000ead00000, 0x00000000ead00000| Untracked 
| 174|0x00000000eae00000, 0x00000000eae00000, 0x00000000eaf00000|  0%| F|  |TAMS 0x00000000eae00000, 0x00000000eae00000| Untracked 
| 175|0x00000000eaf00000, 0x00000000eaf00000, 0x00000000eb000000|  0%| F|  |TAMS 0x00000000eaf00000, 0x00000000eaf00000| Untracked 
| 176|0x00000000eb000000, 0x00000000eb000000, 0x00000000eb100000|  0%| F|  |TAMS 0x00000000eb000000, 0x00000000eb000000| Untracked 
| 177|0x00000000eb100000, 0x00000000eb100000, 0x00000000eb200000|  0%| F|  |TAMS 0x00000000eb100000, 0x00000000eb100000| Untracked 
| 178|0x00000000eb200000, 0x00000000eb200000, 0x00000000eb300000|  0%| F|  |TAMS 0x00000000eb200000, 0x00000000eb200000| Untracked 
| 179|0x00000000eb300000, 0x00000000eb300000, 0x00000000eb400000|  0%| F|  |TAMS 0x00000000eb300000, 0x00000000eb300000| Untracked 
| 180|0x00000000eb400000, 0x00000000eb400000, 0x00000000eb500000|  0%| F|  |TAMS 0x00000000eb400000, 0x00000000eb400000| Untracked 
| 181|0x00000000eb500000, 0x00000000eb500000, 0x00000000eb600000|  0%| F|  |TAMS 0x00000000eb500000, 0x00000000eb500000| Untracked 
| 182|0x00000000eb600000, 0x00000000eb600000, 0x00000000eb700000|  0%| F|  |TAMS 0x00000000eb600000, 0x00000000eb600000| Untracked 
| 183|0x00000000eb700000, 0x00000000eb700000, 0x00000000eb800000|  0%| F|  |TAMS 0x00000000eb700000, 0x00000000eb700000| Untracked 
| 184|0x00000000eb800000, 0x00000000eb800000, 0x00000000eb900000|  0%| F|  |TAMS 0x00000000eb800000, 0x00000000eb800000| Untracked 
| 185|0x00000000eb900000, 0x00000000eb900000, 0x00000000eba00000|  0%| F|  |TAMS 0x00000000eb900000, 0x00000000eb900000| Untracked 
| 186|0x00000000eba00000, 0x00000000eba00000, 0x00000000ebb00000|  0%| F|  |TAMS 0x00000000eba00000, 0x00000000eba00000| Untracked 
| 187|0x00000000ebb00000, 0x00000000ebb00000, 0x00000000ebc00000|  0%| F|  |TAMS 0x00000000ebb00000, 0x00000000ebb00000| Untracked 
| 188|0x00000000ebc00000, 0x00000000ebc00000, 0x00000000ebd00000|  0%| F|  |TAMS 0x00000000ebc00000, 0x00000000ebc00000| Untracked 
| 189|0x00000000ebd00000, 0x00000000ebd00000, 0x00000000ebe00000|  0%| F|  |TAMS 0x00000000ebd00000, 0x00000000ebd00000| Untracked 
| 190|0x00000000ebe00000, 0x00000000ebe00000, 0x00000000ebf00000|  0%| F|  |TAMS 0x00000000ebe00000, 0x00000000ebe00000| Untracked 
| 191|0x00000000ebf00000, 0x00000000ebfd4098, 0x00000000ec000000| 82%| S|CS|TAMS 0x00000000ebf00000, 0x00000000ebf00000| Complete 
| 192|0x00000000ec000000, 0x00000000ec100000, 0x00000000ec100000|100%| S|CS|TAMS 0x00000000ec000000, 0x00000000ec000000| Complete 
| 193|0x00000000ec100000, 0x00000000ec200000, 0x00000000ec200000|100%| S|CS|TAMS 0x00000000ec100000, 0x00000000ec100000| Complete 
| 194|0x00000000ec200000, 0x00000000ec300000, 0x00000000ec300000|100%| S|CS|TAMS 0x00000000ec200000, 0x00000000ec200000| Complete 
| 195|0x00000000ec300000, 0x00000000ec300000, 0x00000000ec400000|  0%| F|  |TAMS 0x00000000ec300000, 0x00000000ec300000| Untracked 
| 196|0x00000000ec400000, 0x00000000ec400000, 0x00000000ec500000|  0%| F|  |TAMS 0x00000000ec400000, 0x00000000ec400000| Untracked 
| 197|0x00000000ec500000, 0x00000000ec500000, 0x00000000ec600000|  0%| F|  |TAMS 0x00000000ec500000, 0x00000000ec500000| Untracked 
| 198|0x00000000ec600000, 0x00000000ec600000, 0x00000000ec700000|  0%| F|  |TAMS 0x00000000ec600000, 0x00000000ec600000| Untracked 
| 199|0x00000000ec700000, 0x00000000ec700000, 0x00000000ec800000|  0%| F|  |TAMS 0x00000000ec700000, 0x00000000ec700000| Untracked 
| 200|0x00000000ec800000, 0x00000000ec800000, 0x00000000ec900000|  0%| F|  |TAMS 0x00000000ec800000, 0x00000000ec800000| Untracked 
| 201|0x00000000ec900000, 0x00000000ec900000, 0x00000000eca00000|  0%| F|  |TAMS 0x00000000ec900000, 0x00000000ec900000| Untracked 
| 202|0x00000000eca00000, 0x00000000eca00000, 0x00000000ecb00000|  0%| F|  |TAMS 0x00000000eca00000, 0x00000000eca00000| Untracked 
| 203|0x00000000ecb00000, 0x00000000ecb00000, 0x00000000ecc00000|  0%| F|  |TAMS 0x00000000ecb00000, 0x00000000ecb00000| Untracked 
| 204|0x00000000ecc00000, 0x00000000ecc00000, 0x00000000ecd00000|  0%| F|  |TAMS 0x00000000ecc00000, 0x00000000ecc00000| Untracked 
| 205|0x00000000ecd00000, 0x00000000ecd00000, 0x00000000ece00000|  0%| F|  |TAMS 0x00000000ecd00000, 0x00000000ecd00000| Untracked 
| 206|0x00000000ece00000, 0x00000000ece00000, 0x00000000ecf00000|  0%| F|  |TAMS 0x00000000ece00000, 0x00000000ece00000| Untracked 
| 207|0x00000000ecf00000, 0x00000000ecf00000, 0x00000000ed000000|  0%| F|  |TAMS 0x00000000ecf00000, 0x00000000ecf00000| Untracked 
| 208|0x00000000ed000000, 0x00000000ed000000, 0x00000000ed100000|  0%| F|  |TAMS 0x00000000ed000000, 0x00000000ed000000| Untracked 
| 209|0x00000000ed100000, 0x00000000ed100000, 0x00000000ed200000|  0%| F|  |TAMS 0x00000000ed100000, 0x00000000ed100000| Untracked 
| 210|0x00000000ed200000, 0x00000000ed200000, 0x00000000ed300000|  0%| F|  |TAMS 0x00000000ed200000, 0x00000000ed200000| Untracked 
| 211|0x00000000ed300000, 0x00000000ed300000, 0x00000000ed400000|  0%| F|  |TAMS 0x00000000ed300000, 0x00000000ed300000| Untracked 
| 212|0x00000000ed400000, 0x00000000ed400000, 0x00000000ed500000|  0%| F|  |TAMS 0x00000000ed400000, 0x00000000ed400000| Untracked 
| 213|0x00000000ed500000, 0x00000000ed500000, 0x00000000ed600000|  0%| F|  |TAMS 0x00000000ed500000, 0x00000000ed500000| Untracked 
| 214|0x00000000ed600000, 0x00000000ed600000, 0x00000000ed700000|  0%| F|  |TAMS 0x00000000ed600000, 0x00000000ed600000| Untracked 
| 215|0x00000000ed700000, 0x00000000ed700000, 0x00000000ed800000|  0%| F|  |TAMS 0x00000000ed700000, 0x00000000ed700000| Untracked 
| 216|0x00000000ed800000, 0x00000000ed800000, 0x00000000ed900000|  0%| F|  |TAMS 0x00000000ed800000, 0x00000000ed800000| Untracked 
| 217|0x00000000ed900000, 0x00000000ed900000, 0x00000000eda00000|  0%| F|  |TAMS 0x00000000ed900000, 0x00000000ed900000| Untracked 
| 218|0x00000000eda00000, 0x00000000eda00000, 0x00000000edb00000|  0%| F|  |TAMS 0x00000000eda00000, 0x00000000eda00000| Untracked 
| 219|0x00000000edb00000, 0x00000000edb00000, 0x00000000edc00000|  0%| F|  |TAMS 0x00000000edb00000, 0x00000000edb00000| Untracked 
| 220|0x00000000edc00000, 0x00000000edc00000, 0x00000000edd00000|  0%| F|  |TAMS 0x00000000edc00000, 0x00000000edc00000| Untracked 
| 221|0x00000000edd00000, 0x00000000edd00000, 0x00000000ede00000|  0%| F|  |TAMS 0x00000000edd00000, 0x00000000edd00000| Untracked 
| 222|0x00000000ede00000, 0x00000000ede00000, 0x00000000edf00000|  0%| F|  |TAMS 0x00000000ede00000, 0x00000000ede00000| Untracked 
| 223|0x00000000edf00000, 0x00000000edf00000, 0x00000000ee000000|  0%| F|  |TAMS 0x00000000edf00000, 0x00000000edf00000| Untracked 
| 224|0x00000000ee000000, 0x00000000ee000000, 0x00000000ee100000|  0%| F|  |TAMS 0x00000000ee000000, 0x00000000ee000000| Untracked 
| 225|0x00000000ee100000, 0x00000000ee100000, 0x00000000ee200000|  0%| F|  |TAMS 0x00000000ee100000, 0x00000000ee100000| Untracked 
| 226|0x00000000ee200000, 0x00000000ee200000, 0x00000000ee300000|  0%| F|  |TAMS 0x00000000ee200000, 0x00000000ee200000| Untracked 
| 227|0x00000000ee300000, 0x00000000ee300000, 0x00000000ee400000|  0%| F|  |TAMS 0x00000000ee300000, 0x00000000ee300000| Untracked 
| 228|0x00000000ee400000, 0x00000000ee400000, 0x00000000ee500000|  0%| F|  |TAMS 0x00000000ee400000, 0x00000000ee400000| Untracked 
| 229|0x00000000ee500000, 0x00000000ee500000, 0x00000000ee600000|  0%| F|  |TAMS 0x00000000ee500000, 0x00000000ee500000| Untracked 
| 230|0x00000000ee600000, 0x00000000ee600000, 0x00000000ee700000|  0%| F|  |TAMS 0x00000000ee600000, 0x00000000ee600000| Untracked 
| 231|0x00000000ee700000, 0x00000000ee700000, 0x00000000ee800000|  0%| F|  |TAMS 0x00000000ee700000, 0x00000000ee700000| Untracked 
| 232|0x00000000ee800000, 0x00000000ee870148, 0x00000000ee900000| 43%| E|  |TAMS 0x00000000ee800000, 0x00000000ee800000| Complete 
| 233|0x00000000ee900000, 0x00000000eea00000, 0x00000000eea00000|100%| E|CS|TAMS 0x00000000ee900000, 0x00000000ee900000| Complete 
| 234|0x00000000eea00000, 0x00000000eeb00000, 0x00000000eeb00000|100%| E|  |TAMS 0x00000000eea00000, 0x00000000eea00000| Complete 
| 235|0x00000000eeb00000, 0x00000000eec00000, 0x00000000eec00000|100%| E|CS|TAMS 0x00000000eeb00000, 0x00000000eeb00000| Complete 
| 236|0x00000000eec00000, 0x00000000eed00000, 0x00000000eed00000|100%| E|CS|TAMS 0x00000000eec00000, 0x00000000eec00000| Complete 
| 237|0x00000000eed00000, 0x00000000eee00000, 0x00000000eee00000|100%| E|CS|TAMS 0x00000000eed00000, 0x00000000eed00000| Complete 
| 238|0x00000000eee00000, 0x00000000eef00000, 0x00000000eef00000|100%| E|CS|TAMS 0x00000000eee00000, 0x00000000eee00000| Complete 
| 239|0x00000000eef00000, 0x00000000ef000000, 0x00000000ef000000|100%| E|CS|TAMS 0x00000000eef00000, 0x00000000eef00000| Complete 
| 240|0x00000000ef000000, 0x00000000ef100000, 0x00000000ef100000|100%| E|CS|TAMS 0x00000000ef000000, 0x00000000ef000000| Complete 
| 241|0x00000000ef100000, 0x00000000ef200000, 0x00000000ef200000|100%| E|CS|TAMS 0x00000000ef100000, 0x00000000ef100000| Complete 
| 242|0x00000000ef200000, 0x00000000ef300000, 0x00000000ef300000|100%| E|CS|TAMS 0x00000000ef200000, 0x00000000ef200000| Complete 
| 243|0x00000000ef300000, 0x00000000ef400000, 0x00000000ef400000|100%| E|CS|TAMS 0x00000000ef300000, 0x00000000ef300000| Complete 
| 244|0x00000000ef400000, 0x00000000ef500000, 0x00000000ef500000|100%| E|CS|TAMS 0x00000000ef400000, 0x00000000ef400000| Complete 
| 245|0x00000000ef500000, 0x00000000ef600000, 0x00000000ef600000|100%| E|CS|TAMS 0x00000000ef500000, 0x00000000ef500000| Complete 
| 246|0x00000000ef600000, 0x00000000ef700000, 0x00000000ef700000|100%| E|CS|TAMS 0x00000000ef600000, 0x00000000ef600000| Complete 
| 247|0x00000000ef700000, 0x00000000ef800000, 0x00000000ef800000|100%| E|CS|TAMS 0x00000000ef700000, 0x00000000ef700000| Complete 
| 248|0x00000000ef800000, 0x00000000ef900000, 0x00000000ef900000|100%| E|CS|TAMS 0x00000000ef800000, 0x00000000ef800000| Complete 
| 249|0x00000000ef900000, 0x00000000efa00000, 0x00000000efa00000|100%| E|CS|TAMS 0x00000000ef900000, 0x00000000ef900000| Complete 
| 250|0x00000000efa00000, 0x00000000efb00000, 0x00000000efb00000|100%| E|CS|TAMS 0x00000000efa00000, 0x00000000efa00000| Complete 
| 251|0x00000000efb00000, 0x00000000efc00000, 0x00000000efc00000|100%| E|CS|TAMS 0x00000000efb00000, 0x00000000efb00000| Complete 
| 252|0x00000000efc00000, 0x00000000efd00000, 0x00000000efd00000|100%| E|CS|TAMS 0x00000000efc00000, 0x00000000efc00000| Complete 
| 253|0x00000000efd00000, 0x00000000efe00000, 0x00000000efe00000|100%| E|CS|TAMS 0x00000000efd00000, 0x00000000efd00000| Complete 
| 254|0x00000000efe00000, 0x00000000eff00000, 0x00000000eff00000|100%| E|CS|TAMS 0x00000000efe00000, 0x00000000efe00000| Complete 
| 255|0x00000000eff00000, 0x00000000f0000000, 0x00000000f0000000|100%| E|CS|TAMS 0x00000000eff00000, 0x00000000eff00000| Complete 

Card table byte_map: [0x000002667a0c0000,0x000002667a1c0000] _byte_map_base: 0x00000266799c0000

Marking Bits (Prev, Next): (CMBitMap*) 0x0000026663440d40, (CMBitMap*) 0x0000026663440d80
 Prev Bits: [0x000002667a2c0000, 0x000002667aac0000)
 Next Bits: [0x000002667aac0000, 0x000002667b2c0000)

Polling page: 0x0000026661270000

Metaspace:

Usage:
  Non-class:     47.18 MB used.
      Class:      7.55 MB used.
       Both:     54.72 MB used.

Virtual space:
  Non-class space:       48.00 MB reserved,      47.44 MB ( 99%) committed,  6 nodes.
      Class space:      308.00 MB reserved,       7.81 MB (  3%) committed,  1 nodes.
             Both:      356.00 MB reserved,      55.25 MB ( 16%) committed. 

Chunk freelists:
   Non-Class:  384.00 KB
       Class:  164.00 KB
        Both:  548.00 KB

MaxMetaspaceSize: 384.00 MB
CompressedClassSpaceSize: 308.00 MB
Initial GC threshold: 21.00 MB
Current GC threshold: 58.69 MB
CDS: on
MetaspaceReclaimPolicy: balanced
 - commit_granule_bytes: 65536.
 - commit_granule_words: 8192.
 - virtual_space_node_default_size: 1048576.
 - enlarge_chunks_in_place: 1.
 - new_chunks_are_fully_committed: 0.
 - uncommit_free_chunks: 1.
 - use_allocation_guard: 0.
 - handle_deallocations: 1.


Internal statistics:

num_allocs_failed_limit: 6.
num_arena_births: 660.
num_arena_deaths: 0.
num_vsnodes_births: 7.
num_vsnodes_deaths: 0.
num_space_committed: 884.
num_space_uncommitted: 0.
num_chunks_returned_to_freelist: 6.
num_chunks_taken_from_freelist: 3004.
num_chunk_merges: 6.
num_chunk_splits: 1925.
num_chunks_enlarged: 1255.
num_purges: 0.
num_inconsistent_stats: 0.

CodeHeap 'non-profiled nmethods': size=120000Kb used=5566Kb max_used=5921Kb free=114433Kb
 bounds [0x0000026672760000, 0x0000026672d30000, 0x0000026679c90000]
CodeHeap 'profiled nmethods': size=120000Kb used=17802Kb max_used=19667Kb free=102197Kb
 bounds [0x000002666b230000, 0x000002666c570000, 0x0000026672760000]
CodeHeap 'non-nmethods': size=5760Kb used=2337Kb max_used=2387Kb free=3422Kb
 bounds [0x000002666ac90000, 0x000002666af00000, 0x000002666b230000]
 total_blobs=10046 nmethods=9204 adapters=754
 compilation: enabled
              stopped_count=0, restarted_count=0
 full_count=0

Compilation events (20 events):
Event: 378.056 Thread 0x000002667dcd8be0 nmethod 10958 0x000002666bd65610 code [0x000002666bd657c0, 0x000002666bd659b8]
Event: 378.057 Thread 0x000002667dcd8be0 10959       3       org.gradle.cache.internal.DefaultFileLockManager::determineLockTargetFile (72 bytes)
Event: 378.063 Thread 0x000002667dcd8be0 nmethod 10959 0x000002666becf290 code [0x000002666becf5e0, 0x000002666bed0698]
Event: 378.090 Thread 0x000002667dcd8be0 10960   !   3       org.gradle.cache.internal.filelock.LockStateAccess::readState (155 bytes)
Event: 378.168 Thread 0x000002667dcd8be0 nmethod 10960 0x000002666bab8e10 code [0x000002666bab91c0, 0x000002666babad28]
Event: 378.248 Thread 0x000002667dcd8be0 10961       3       org.gradle.cache.internal.DefaultFileLockManager$DefaultFileLock$$Lambda$97/0x0000000800d1bdb0::stop (8 bytes)
Event: 378.301 Thread 0x000002667dcd8be0 nmethod 10961 0x000002666b956390 code [0x000002666b956540, 0x000002666b956688]
Event: 379.345 Thread 0x000002667dcd8be0 10967       3       org.gradle.internal.resources.DefaultResourceLockCoordinationService::startOperation (49 bytes)
Event: 379.447 Thread 0x000002667dcd8be0 nmethod 10967 0x000002666b54b710 code [0x000002666b54b8c0, 0x000002666b54bc28]
Event: 379.447 Thread 0x000002667dcd8be0 10969       3       org.gradle.internal.resources.DefaultResourceLockCoordinationService::maybeNotifyStateChange (94 bytes)
Event: 379.532 Thread 0x000002667dcd8be0 nmethod 10969 0x000002666b80f790 code [0x000002666b80fa20, 0x000002666b8107e8]
Event: 379.532 Thread 0x000002667dcd8be0 10968       3       org.gradle.internal.resources.DefaultResourceLockCoordinationService::finishOperation (38 bytes)
Event: 379.532 Thread 0x000002667dcd8be0 nmethod 10968 0x000002666b5e1590 code [0x000002666b5e1740, 0x000002666b5e1a48]
Event: 379.532 Thread 0x000002667dcd8be0 10970   !   3       org.gradle.internal.resources.DefaultResourceLockCoordinationService::assertHasStateLock (33 bytes)
Event: 379.573 Thread 0x000002667dcd8be0 nmethod 10970 0x000002666b7bbc90 code [0x000002666b7bbe60, 0x000002666b7bc368]
Event: 383.476 Thread 0x000002667dcd4e90 10971   !   4       com.google.common.cache.LocalCache$Segment::clear (261 bytes)
Event: 383.492 Thread 0x000002667dcd8be0 10972       3       org.gradle.internal.resources.AbstractTrackedResourceLock::isLockedByCurrentThread (9 bytes)
Event: 383.499 Thread 0x000002667dcd8be0 nmethod 10972 0x000002666b318e10 code [0x000002666b318fe0, 0x000002666b3193a8]
Event: 384.033 Thread 0x000002667dcd8be0 10973   !   3       java.security.Provider$Service::newInstanceUtil (60 bytes)
Event: 384.090 Thread 0x000002667dcd8be0 nmethod 10973 0x000002666b4b5590 code [0x000002666b4b5860, 0x000002666b4b6628]

GC Heap History (20 events):
Event: 8.074 GC heap before
{Heap before GC invocations=0 (full 0):
 garbage-first heap   total 262144K, used 26624K [0x00000000e0000000, 0x0000000100000000)
  region size 1024K, 23 young (23552K), 0 survivors (0K)
 Metaspace       used 1988K, committed 2176K, reserved 323584K
  class space    used 208K, committed 320K, reserved 315392K
}
Event: 8.282 GC heap after
{Heap after GC invocations=1 (full 0):
 garbage-first heap   total 262144K, used 10617K [0x00000000e0000000, 0x0000000100000000)
  region size 1024K, 3 young (3072K), 3 survivors (3072K)
 Metaspace       used 1988K, committed 2176K, reserved 323584K
  class space    used 208K, committed 320K, reserved 315392K
}
Event: 11.985 GC heap before
{Heap before GC invocations=1 (full 0):
 garbage-first heap   total 262144K, used 37241K [0x00000000e0000000, 0x0000000100000000)
  region size 1024K, 29 young (29696K), 3 survivors (3072K)
 Metaspace       used 4069K, committed 4224K, reserved 323584K
  class space    used 507K, committed 640K, reserved 315392K
}
Event: 11.989 GC heap after
{Heap after GC invocations=2 (full 0):
 garbage-first heap   total 262144K, used 12108K [0x00000000e0000000, 0x0000000100000000)
  region size 1024K, 2 young (2048K), 2 survivors (2048K)
 Metaspace       used 4069K, committed 4224K, reserved 323584K
  class space    used 507K, committed 640K, reserved 315392K
}
Event: 27.532 GC heap before
{Heap before GC invocations=2 (full 0):
 garbage-first heap   total 262144K, used 136012K [0x00000000e0000000, 0x0000000100000000)
  region size 1024K, 121 young (123904K), 2 survivors (2048K)
 Metaspace       used 19961K, committed 20288K, reserved 339968K
  class space    used 2912K, committed 3072K, reserved 315392K
}
Event: 27.549 GC heap after
{Heap after GC invocations=3 (full 0):
 garbage-first heap   total 262144K, used 23230K [0x00000000e0000000, 0x0000000100000000)
  region size 1024K, 11 young (11264K), 11 survivors (11264K)
 Metaspace       used 19961K, committed 20288K, reserved 339968K
  class space    used 2912K, committed 3072K, reserved 315392K
}
Event: 28.228 GC heap before
{Heap before GC invocations=3 (full 0):
 garbage-first heap   total 262144K, used 32446K [0x00000000e0000000, 0x0000000100000000)
  region size 1024K, 21 young (21504K), 11 survivors (11264K)
 Metaspace       used 21207K, committed 21504K, reserved 339968K
  class space    used 3126K, committed 3264K, reserved 315392K
}
Event: 28.238 GC heap after
{Heap after GC invocations=4 (full 0):
 garbage-first heap   total 262144K, used 24133K [0x00000000e0000000, 0x0000000100000000)
  region size 1024K, 11 young (11264K), 11 survivors (11264K)
 Metaspace       used 21207K, committed 21504K, reserved 339968K
  class space    used 3126K, committed 3264K, reserved 315392K
}
Event: 39.179 GC heap before
{Heap before GC invocations=5 (full 0):
 garbage-first heap   total 262144K, used 144965K [0x00000000e0000000, 0x0000000100000000)
  region size 1024K, 126 young (129024K), 11 survivors (11264K)
 Metaspace       used 35555K, committed 35968K, reserved 348160K
  class space    used 4943K, committed 5184K, reserved 315392K
}
Event: 39.199 GC heap after
{Heap after GC invocations=6 (full 0):
 garbage-first heap   total 262144K, used 33800K [0x00000000e0000000, 0x0000000100000000)
  region size 1024K, 11 young (11264K), 11 survivors (11264K)
 Metaspace       used 35555K, committed 35968K, reserved 348160K
  class space    used 4943K, committed 5184K, reserved 315392K
}
Event: 80.133 GC heap before
{Heap before GC invocations=7 (full 0):
 garbage-first heap   total 262144K, used 180232K [0x00000000e0000000, 0x0000000100000000)
  region size 1024K, 153 young (156672K), 11 survivors (11264K)
 Metaspace       used 48709K, committed 49152K, reserved 364544K
  class space    used 6917K, committed 7104K, reserved 315392K
}
Event: 80.221 GC heap after
{Heap after GC invocations=8 (full 0):
 garbage-first heap   total 262144K, used 39472K [0x00000000e0000000, 0x0000000100000000)
  region size 1024K, 16 young (16384K), 16 survivors (16384K)
 Metaspace       used 48709K, committed 49152K, reserved 364544K
  class space    used 6917K, committed 7104K, reserved 315392K
}
Event: 116.858 GC heap before
{Heap before GC invocations=8 (full 0):
 garbage-first heap   total 262144K, used 178736K [0x00000000e0000000, 0x0000000100000000)
  region size 1024K, 153 young (156672K), 16 survivors (16384K)
 Metaspace       used 54407K, committed 54976K, reserved 364544K
  class space    used 7663K, committed 7936K, reserved 315392K
}
Event: 116.952 GC heap after
{Heap after GC invocations=9 (full 0):
 garbage-first heap   total 262144K, used 49413K [0x00000000e0000000, 0x0000000100000000)
  region size 1024K, 18 young (18432K), 18 survivors (18432K)
 Metaspace       used 54407K, committed 54976K, reserved 364544K
  class space    used 7663K, committed 7936K, reserved 315392K
}
Event: 255.457 GC heap before
{Heap before GC invocations=9 (full 0):
 garbage-first heap   total 262144K, used 187653K [0x00000000e0000000, 0x0000000100000000)
  region size 1024K, 153 young (156672K), 18 survivors (18432K)
 Metaspace       used 55590K, committed 56192K, reserved 364544K
  class space    used 7705K, committed 8000K, reserved 315392K
}
Event: 256.855 GC heap after
{Heap after GC invocations=10 (full 0):
 garbage-first heap   total 262144K, used 60039K [0x00000000e0000000, 0x0000000100000000)
  region size 1024K, 20 young (20480K), 20 survivors (20480K)
 Metaspace       used 55590K, committed 56192K, reserved 364544K
  class space    used 7705K, committed 8000K, reserved 315392K
}
Event: 260.830 GC heap before
{Heap before GC invocations=10 (full 0):
 garbage-first heap   total 262144K, used 61063K [0x00000000e0000000, 0x0000000100000000)
  region size 1024K, 21 young (21504K), 20 survivors (20480K)
 Metaspace       used 55602K, committed 56192K, reserved 364544K
  class space    used 7705K, committed 8000K, reserved 315392K
}
Event: 260.873 GC heap after
{Heap after GC invocations=11 (full 0):
 garbage-first heap   total 262144K, used 63415K [0x00000000e0000000, 0x0000000100000000)
  region size 1024K, 3 young (3072K), 3 survivors (3072K)
 Metaspace       used 55602K, committed 56192K, reserved 364544K
  class space    used 7705K, committed 8000K, reserved 315392K
}
Event: 343.065 GC heap before
{Heap before GC invocations=11 (full 0):
 garbage-first heap   total 262144K, used 122807K [0x00000000e0000000, 0x0000000100000000)
  region size 1024K, 61 young (62464K), 3 survivors (3072K)
 Metaspace       used 55779K, committed 56384K, reserved 364544K
  class space    used 7709K, committed 8000K, reserved 315392K
}
Event: 343.182 GC heap after
{Heap after GC invocations=12 (full 0):
 garbage-first heap   total 262144K, used 64336K [0x00000000e0000000, 0x0000000100000000)
  region size 1024K, 4 young (4096K), 4 survivors (4096K)
 Metaspace       used 55779K, committed 56384K, reserved 364544K
  class space    used 7709K, committed 8000K, reserved 315392K
}

Deoptimization events (20 events):
Event: 346.792 Thread 0x0000026602c1f1a0 Uncommon trap: trap_request=0xffffffde fr.pc=0x0000026672bc1ca8 relative=0x0000000000000368
Event: 346.792 Thread 0x0000026602c1f1a0 Uncommon trap: reason=class_check action=maybe_recompile pc=0x0000026672bc1ca8 method=org.gradle.internal.component.external.model.maven.DefaultMavenModuleResolveMetadata.include(Lorg/gradle/internal/component/external/model/maven/MavenDependencyDescripto
Event: 346.792 Thread 0x0000026602c1f1a0 DEOPT PACKING pc=0x0000026672bc1ca8 sp=0x000000d9564fab40
Event: 346.792 Thread 0x0000026602c1f1a0 DEOPT UNPACKING pc=0x000002666ace5ba3 sp=0x000000d9564faaf8 mode 2
Event: 352.692 Thread 0x0000026602c1f1a0 Uncommon trap: trap_request=0xffffff45 fr.pc=0x000002667279e0d4 relative=0x0000000000000fb4
Event: 352.692 Thread 0x0000026602c1f1a0 Uncommon trap: reason=unstable_if action=reinterpret pc=0x000002667279e0d4 method=java.util.concurrent.ConcurrentHashMap.addCount(JI)V @ 34 c2
Event: 352.692 Thread 0x00000266027737f0 Uncommon trap: trap_request=0xffffff45 fr.pc=0x000002667279e0d4 relative=0x0000000000000fb4
Event: 352.692 Thread 0x00000266027737f0 Uncommon trap: reason=unstable_if action=reinterpret pc=0x000002667279e0d4 method=java.util.concurrent.ConcurrentHashMap.addCount(JI)V @ 34 c2
Event: 352.692 Thread 0x00000266027737f0 DEOPT PACKING pc=0x000002667279e0d4 sp=0x000000d9583fe3b0
Event: 352.692 Thread 0x0000026602c1f1a0 DEOPT PACKING pc=0x000002667279e0d4 sp=0x000000d9564facc0
Event: 352.695 Thread 0x00000266027737f0 DEOPT UNPACKING pc=0x000002666ace5ba3 sp=0x000000d9583fe280 mode 2
Event: 352.695 Thread 0x0000026602c1f1a0 DEOPT UNPACKING pc=0x000002666ace5ba3 sp=0x000000d9564fab90 mode 2
Event: 353.814 Thread 0x000002667eb18030 Uncommon trap: trap_request=0xffffff45 fr.pc=0x0000026672b3f564 relative=0x0000000000000824
Event: 353.814 Thread 0x000002667eb18030 Uncommon trap: reason=unstable_if action=reinterpret pc=0x0000026672b3f564 method=java.util.concurrent.ConcurrentHashMap.addCount(JI)V @ 7 c2
Event: 353.814 Thread 0x000002667eb18030 DEOPT PACKING pc=0x0000026672b3f564 sp=0x000000d957efe3c0
Event: 353.814 Thread 0x000002667eb18030 DEOPT UNPACKING pc=0x000002666ace5ba3 sp=0x000000d957efe288 mode 2
Event: 353.815 Thread 0x000002667eb18030 Uncommon trap: trap_request=0xffffff45 fr.pc=0x00000266728551c0 relative=0x0000000000000120
Event: 353.815 Thread 0x000002667eb18030 Uncommon trap: reason=unstable_if action=reinterpret pc=0x00000266728551c0 method=java.util.concurrent.ConcurrentHashMap.addCount(JI)V @ 7 c2
Event: 353.815 Thread 0x000002667eb18030 DEOPT PACKING pc=0x00000266728551c0 sp=0x000000d957efe430
Event: 353.815 Thread 0x000002667eb18030 DEOPT UNPACKING pc=0x000002666ace5ba3 sp=0x000000d957efe390 mode 2

Classes unloaded (0 events):
No events

Classes redefined (0 events):
No events

Internal exceptions (20 events):
Event: 94.501 Thread 0x0000026600834eb0 Exception <a 'java/lang/ClassNotFoundException'{0x00000000ecb124b0}: com/google/common/collect/ImmutableListCustomizer> (0x00000000ecb124b0) 
thrown [s\open\src\hotspot\share\classfile\systemDictionary.cpp, line 256]
Event: 94.573 Thread 0x0000026600834eb0 Exception <a 'java/lang/ClassNotFoundException'{0x00000000ecb52c40}: com/google/common/collect/RegularImmutableListCustomizer> (0x00000000ecb52c40) 
thrown [s\open\src\hotspot\share\classfile\systemDictionary.cpp, line 256]
Event: 95.136 Thread 0x0000026602c1cb20 Exception <a 'java/lang/NoSuchMethodError'{0x00000000ec885328}: 'void java.lang.invoke.DirectMethodHandle$Holder.invokeSpecial(java.lang.Object, java.lang.Object, java.lang.Object, java.lang.Object, int, java.lang.Object, java.lang.Object)'> (0x00000000ec885328) 
thrown [s\open\src\hotspot\share\interpreter\linkResolver.cpp, line 759]
Event: 95.256 Thread 0x0000026602c1f1a0 Exception <a 'java/lang/NoSuchMethodError'{0x00000000ec7082a8}: 'void java.lang.invoke.DirectMethodHandle$Holder.invokeInterface(java.lang.Object, java.lang.Object, java.lang.Object, java.lang.Object)'> (0x00000000ec7082a8) 
thrown [s\open\src\hotspot\share\interpreter\linkResolver.cpp, line 759]
Event: 95.701 Thread 0x0000026600dda530 Exception <a 'java/lang/NoSuchMethodError'{0x00000000ec570dd0}: static Lorg/gradle/internal/build/event/types/DefaultTaskStartedProgressEvent;.<clinit>()V> (0x00000000ec570dd0) 
thrown [s\open\src\hotspot\share\prims\jni.cpp, line 1107]
Event: 95.703 Thread 0x0000026600dda530 Exception <a 'java/lang/NoSuchMethodError'{0x00000000ec572e38}: static Lorg/gradle/internal/build/event/types/AbstractProgressEvent;.<clinit>()V> (0x00000000ec572e38) 
thrown [s\open\src\hotspot\share\prims\jni.cpp, line 1107]
Event: 95.710 Thread 0x0000026600dda530 Exception <a 'java/lang/NoSuchMethodError'{0x00000000ec57d468}: static Lorg/gradle/internal/build/event/types/DefaultTaskDescriptor;.<clinit>()V> (0x00000000ec57d468) 
thrown [s\open\src\hotspot\share\prims\jni.cpp, line 1107]
Event: 95.730 Thread 0x0000026600dda530 Exception <a 'java/lang/NoSuchMethodError'{0x00000000ec5c2a38}: static Lorg/gradle/internal/operations/OperationIdentifier;.<clinit>()V> (0x00000000ec5c2a38) 
thrown [s\open\src\hotspot\share\prims\jni.cpp, line 1107]
Event: 95.732 Thread 0x0000026600dda530 Exception <a 'java/lang/NoSuchMethodError'{0x00000000ec5caa68}: static Lorg/gradle/internal/build/event/types/DefaultBinaryPluginIdentifier;.<clinit>()V> (0x00000000ec5caa68) 
thrown [s\open\src\hotspot\share\prims\jni.cpp, line 1107]
Event: 96.906 Thread 0x0000026602c1f1a0 Exception <a 'java/lang/IncompatibleClassChangeError'{0x00000000ec2e5d48}: Found class java.lang.Object, but interface was expected> (0x00000000ec2e5d48) 
thrown [s\open\src\hotspot\share\interpreter\linkResolver.cpp, line 826]
Event: 97.036 Thread 0x0000026602c1f1a0 Exception <a 'java/lang/NoSuchMethodError'{0x00000000ec2f6888}: static Ljava/lang/Object;.<clinit>()V> (0x00000000ec2f6888) 
thrown [s\open\src\hotspot\share\prims\jni.cpp, line 1107]
Event: 98.794 Thread 0x0000026602c1f1a0 Exception <a 'java/lang/ClassNotFoundException'{0x00000000eb3bc550}: org/gradle/api/internal/plugins/NaggingBasePluginConventionBeanInfo> (0x00000000eb3bc550) 
thrown [s\open\src\hotspot\share\classfile\systemDictionary.cpp, line 256]
Event: 98.795 Thread 0x0000026602c1f1a0 Exception <a 'java/lang/ClassNotFoundException'{0x00000000eb3c9268}: org/gradle/api/plugins/BasePluginConventionBeanInfo> (0x00000000eb3c9268) 
thrown [s\open\src\hotspot\share\classfile\systemDictionary.cpp, line 256]
Event: 98.797 Thread 0x0000026602c1f1a0 Exception <a 'java/lang/ClassNotFoundException'{0x00000000eb3d6490}: org/gradle/api/plugins/BasePluginConventionCustomizer> (0x00000000eb3d6490) 
thrown [s\open\src\hotspot\share\classfile\systemDictionary.cpp, line 256]
Event: 98.800 Thread 0x0000026602c1f1a0 Exception <a 'java/lang/ClassNotFoundException'{0x00000000eb3ec5c0}: org/gradle/api/internal/plugins/NaggingBasePluginConventionCustomizer> (0x00000000eb3ec5c0) 
thrown [s\open\src\hotspot\share\classfile\systemDictionary.cpp, line 256]
Event: 98.810 Thread 0x0000026602c1f1a0 Exception <a 'java/lang/ClassNotFoundException'{0x00000000eb2303c0}: org/gradle/api/plugins/internal/NaggingJavaPluginConventionBeanInfo> (0x00000000eb2303c0) 
thrown [s\open\src\hotspot\share\classfile\systemDictionary.cpp, line 256]
Event: 98.811 Thread 0x0000026602c1f1a0 Exception <a 'java/lang/ClassNotFoundException'{0x00000000eb23d0d8}: org/gradle/api/plugins/JavaPluginConventionBeanInfo> (0x00000000eb23d0d8) 
thrown [s\open\src\hotspot\share\classfile\systemDictionary.cpp, line 256]
Event: 98.812 Thread 0x0000026602c1f1a0 Exception <a 'java/lang/ClassNotFoundException'{0x00000000eb24a2c0}: org/gradle/api/plugins/JavaPluginConventionCustomizer> (0x00000000eb24a2c0) 
thrown [s\open\src\hotspot\share\classfile\systemDictionary.cpp, line 256]
Event: 98.815 Thread 0x0000026602c1f1a0 Exception <a 'java/lang/ClassNotFoundException'{0x00000000eb26a350}: org/gradle/api/plugins/internal/NaggingJavaPluginConventionCustomizer> (0x00000000eb26a350) 
thrown [s\open\src\hotspot\share\classfile\systemDictionary.cpp, line 256]
Event: 342.650 Thread 0x0000026602c1f1a0 Exception <a 'java/lang/NoSuchMethodError'{0x00000000ec39d038}: 'void java.lang.invoke.DirectMethodHandle$Holder.invokeVirtual(java.lang.Object, java.lang.Object, java.lang.Object, java.lang.Object)'> (0x00000000ec39d038) 
thrown [s\open\src\hotspot\share\interpreter\linkResolver.cpp, line 759]

VM Operations (20 events):
Event: 350.605 Executing VM operation: Cleanup
Event: 350.606 Executing VM operation: Cleanup done
Event: 352.615 Executing VM operation: Cleanup
Event: 352.615 Executing VM operation: Cleanup done
Event: 354.640 Executing VM operation: Cleanup
Event: 354.640 Executing VM operation: Cleanup done
Event: 356.650 Executing VM operation: Cleanup
Event: 356.650 Executing VM operation: Cleanup done
Event: 357.653 Executing VM operation: Cleanup
Event: 357.654 Executing VM operation: Cleanup done
Event: 365.709 Executing VM operation: Cleanup
Event: 365.709 Executing VM operation: Cleanup done
Event: 371.779 Executing VM operation: Cleanup
Event: 371.779 Executing VM operation: Cleanup done
Event: 374.793 Executing VM operation: Cleanup
Event: 374.901 Executing VM operation: Cleanup done
Event: 378.924 Executing VM operation: Cleanup
Event: 378.943 Executing VM operation: Cleanup done
Event: 383.978 Executing VM operation: Cleanup
Event: 383.994 Executing VM operation: Cleanup done

Events (20 events):
Event: 343.547 Thread 0x000002667dcda4f0 flushing nmethod 0x000002666c0cab90
Event: 343.547 Thread 0x000002667dcda4f0 flushing nmethod 0x000002666c0d9990
Event: 343.548 Thread 0x000002667dcda4f0 flushing nmethod 0x000002666c0da010
Event: 343.548 Thread 0x000002667dcda4f0 flushing nmethod 0x000002666c0dd790
Event: 343.548 Thread 0x000002667dcda4f0 flushing nmethod 0x000002666c0e0190
Event: 343.548 Thread 0x000002667dcda4f0 flushing nmethod 0x000002666c183f90
Event: 343.549 Thread 0x000002667dcda4f0 flushing nmethod 0x000002666c190810
Event: 343.550 Thread 0x000002667dcda4f0 flushing nmethod 0x000002666c202f10
Event: 343.550 Thread 0x000002667dcda4f0 flushing nmethod 0x000002666c203b10
Event: 343.550 Thread 0x000002667dcda4f0 flushing nmethod 0x000002666c209710
Event: 343.550 Thread 0x000002667dcda4f0 flushing nmethod 0x000002666c20c510
Event: 343.550 Thread 0x000002667dcda4f0 flushing nmethod 0x000002666c20de90
Event: 343.550 Thread 0x000002667dcda4f0 flushing nmethod 0x000002666c20ff90
Event: 343.550 Thread 0x000002667dcda4f0 flushing nmethod 0x000002666c216390
Event: 343.550 Thread 0x000002667dcda4f0 flushing nmethod 0x000002666c216810
Event: 343.550 Thread 0x000002667dcda4f0 flushing nmethod 0x000002666c232510
Event: 343.551 Thread 0x000002667dcda4f0 flushing nmethod 0x000002666c256d10
Event: 343.553 Thread 0x000002667dcda4f0 flushing nmethod 0x000002666c34e090
Event: 346.060 loading class java/lang/StackTraceElement$HashedModules
Event: 346.079 loading class java/lang/StackTraceElement$HashedModules done


Dynamic libraries:
0x00007ff6d7030000 - 0x00007ff6d7040000 	C:\Program Files\Java\jdk-17.0.5\bin\java.exe
0x00007ffce79b0000 - 0x00007ffce7ba8000 	C:\WINDOWS\SYSTEM32\ntdll.dll
0x00007ffce5ea0000 - 0x00007ffce5f5f000 	C:\WINDOWS\System32\KERNEL32.DLL
0x00007ffce55c0000 - 0x00007ffce58b6000 	C:\WINDOWS\System32\KERNELBASE.dll
0x00007ffce5140000 - 0x00007ffce5240000 	C:\WINDOWS\System32\ucrtbase.dll
0x00007ffcde890000 - 0x00007ffcde8a8000 	C:\Program Files\Java\jdk-17.0.5\bin\jli.dll
0x00007ffce6f20000 - 0x00007ffce6fcf000 	C:\WINDOWS\System32\ADVAPI32.dll
0x00007ffce6390000 - 0x00007ffce642e000 	C:\WINDOWS\System32\msvcrt.dll
0x00007ffce5a10000 - 0x00007ffce5aac000 	C:\WINDOWS\System32\sechost.dll
0x00007ffce6620000 - 0x00007ffce6746000 	C:\WINDOWS\System32\RPCRT4.dll
0x00007ffce5c50000 - 0x00007ffce5ded000 	C:\WINDOWS\System32\USER32.dll
0x00007ffce5370000 - 0x00007ffce5392000 	C:\WINDOWS\System32\win32u.dll
0x00007ffce7230000 - 0x00007ffce725c000 	C:\WINDOWS\System32\GDI32.dll
0x00007ffce58f0000 - 0x00007ffce5a05000 	C:\WINDOWS\System32\gdi32full.dll
0x00007ffce5240000 - 0x00007ffce52dd000 	C:\WINDOWS\System32\msvcp_win.dll
0x00007ffcc2c10000 - 0x00007ffcc2c2a000 	C:\Program Files\Java\jdk-17.0.5\bin\VCRUNTIME140.dll
0x00007ffcc4100000 - 0x00007ffcc439a000 	C:\WINDOWS\WinSxS\amd64_microsoft.windows.common-controls_6595b64144ccf1df_6.0.19041.1110_none_60b5254171f9507e\COMCTL32.dll
0x00007ffcddef0000 - 0x00007ffcddefa000 	C:\WINDOWS\SYSTEM32\VERSION.dll
0x00007ffce7260000 - 0x00007ffce7290000 	C:\WINDOWS\System32\IMM32.DLL
0x00007ffcc2c00000 - 0x00007ffcc2c0c000 	C:\Program Files\Java\jdk-17.0.5\bin\vcruntime140_1.dll
0x00007ffcbe230000 - 0x00007ffcbe2bd000 	C:\Program Files\Java\jdk-17.0.5\bin\msvcp140.dll
0x00007ffc7d8a0000 - 0x00007ffc7e462000 	C:\Program Files\Java\jdk-17.0.5\bin\server\jvm.dll
0x00007ffce5ab0000 - 0x00007ffce5ab8000 	C:\WINDOWS\System32\PSAPI.DLL
0x00007ffcc9880000 - 0x00007ffcc9889000 	C:\WINDOWS\SYSTEM32\WSOCK32.dll
0x00007ffce6550000 - 0x00007ffce65bb000 	C:\WINDOWS\System32\WS2_32.dll
0x00007ffcc0760000 - 0x00007ffcc0787000 	C:\WINDOWS\SYSTEM32\WINMM.dll
0x00007ffce38d0000 - 0x00007ffce38e2000 	C:\WINDOWS\SYSTEM32\kernel.appcore.dll
0x00007ffcc2bf0000 - 0x00007ffcc2bfa000 	C:\Program Files\Java\jdk-17.0.5\bin\jimage.dll
0x00007ffce3680000 - 0x00007ffce3864000 	C:\WINDOWS\SYSTEM32\DBGHELP.DLL
0x00007ffccc690000 - 0x00007ffccc6c4000 	C:\WINDOWS\SYSTEM32\dbgcore.DLL
0x00007ffce52e0000 - 0x00007ffce5362000 	C:\WINDOWS\System32\bcryptPrimitives.dll
0x00007ffcc2be0000 - 0x00007ffcc2bee000 	C:\Program Files\Java\jdk-17.0.5\bin\instrument.dll
0x00007ffcbe200000 - 0x00007ffcbe225000 	C:\Program Files\Java\jdk-17.0.5\bin\java.dll
0x00007ffcbb5a0000 - 0x00007ffcbb676000 	C:\Program Files\Java\jdk-17.0.5\bin\jsvml.dll
0x00007ffce6750000 - 0x00007ffce6e94000 	C:\WINDOWS\System32\SHELL32.dll
0x00007ffce2ee0000 - 0x00007ffce3673000 	C:\WINDOWS\SYSTEM32\windows.storage.dll
0x00007ffce6030000 - 0x00007ffce6384000 	C:\WINDOWS\System32\combase.dll
0x00007ffce4930000 - 0x00007ffce495e000 	C:\WINDOWS\SYSTEM32\Wldp.dll
0x00007ffce5f80000 - 0x00007ffce602d000 	C:\WINDOWS\System32\SHCORE.dll
0x00007ffce65c0000 - 0x00007ffce6615000 	C:\WINDOWS\System32\shlwapi.dll
0x00007ffce4fd0000 - 0x00007ffce4fef000 	C:\WINDOWS\SYSTEM32\profapi.dll
0x00007ffcc2bc0000 - 0x00007ffcc2bd8000 	C:\Program Files\Java\jdk-17.0.5\bin\zip.dll
0x00007ffcbe1e0000 - 0x00007ffcbe1f9000 	C:\Program Files\Java\jdk-17.0.5\bin\net.dll
0x00007ffcdb580000 - 0x00007ffcdb68a000 	C:\WINDOWS\SYSTEM32\WINHTTP.dll
0x00007ffce4710000 - 0x00007ffce477a000 	C:\WINDOWS\system32\mswsock.dll
0x00007ffcbe1c0000 - 0x00007ffcbe1d6000 	C:\Program Files\Java\jdk-17.0.5\bin\nio.dll
0x00007ffcc1530000 - 0x00007ffcc1540000 	C:\Program Files\Java\jdk-17.0.5\bin\verify.dll
0x00007ffcbe2c0000 - 0x00007ffcbe2e7000 	C:\Users\USER\.gradle\native\c067742578af261105cb4f569cf0c3c89f3d7b1fecec35dd04571415982c5e48\windows-amd64\native-platform.dll
0x00007ffc5a020000 - 0x00007ffc5a164000 	C:\Users\USER\.gradle\native\100fb08df4bc3b14c8652ba06237920a3bd2aa13389f12d3474272988ae205f9\windows-amd64\native-platform-file-events.dll
0x00007ffcc14a0000 - 0x00007ffcc14a9000 	C:\Program Files\Java\jdk-17.0.5\bin\management.dll
0x00007ffcc1220000 - 0x00007ffcc122b000 	C:\Program Files\Java\jdk-17.0.5\bin\management_ext.dll
0x00007ffce4970000 - 0x00007ffce4988000 	C:\WINDOWS\SYSTEM32\CRYPTSP.dll
0x00007ffce4050000 - 0x00007ffce4084000 	C:\WINDOWS\system32\rsaenh.dll
0x00007ffce58c0000 - 0x00007ffce58e7000 	C:\WINDOWS\System32\bcrypt.dll
0x00007ffce4f90000 - 0x00007ffce4fbe000 	C:\WINDOWS\SYSTEM32\USERENV.dll
0x00007ffce48a0000 - 0x00007ffce48ac000 	C:\WINDOWS\SYSTEM32\CRYPTBASE.dll
0x00007ffce4420000 - 0x00007ffce445c000 	C:\WINDOWS\SYSTEM32\IPHLPAPI.DLL
0x00007ffce5e00000 - 0x00007ffce5e08000 	C:\WINDOWS\System32\NSI.dll
0x00007ffcdd170000 - 0x00007ffcdd187000 	C:\WINDOWS\SYSTEM32\dhcpcsvc6.DLL
0x00007ffcdd130000 - 0x00007ffcdd14d000 	C:\WINDOWS\SYSTEM32\dhcpcsvc.DLL
0x00007ffce4460000 - 0x00007ffce452b000 	C:\WINDOWS\SYSTEM32\DNSAPI.dll
0x00007ffcc11b0000 - 0x00007ffcc11be000 	C:\Program Files\Java\jdk-17.0.5\bin\sunmscapi.dll
0x00007ffce53f0000 - 0x00007ffce554e000 	C:\WINDOWS\System32\CRYPT32.dll
0x00007ffce4a80000 - 0x00007ffce4aa8000 	C:\WINDOWS\SYSTEM32\ncrypt.dll
0x00007ffce4a40000 - 0x00007ffce4a7b000 	C:\WINDOWS\SYSTEM32\NTASN1.dll
0x00007ffcd4260000 - 0x00007ffcd4267000 	C:\WINDOWS\system32\wshunix.dll

dbghelp: loaded successfully - version: 4.0.5 - missing functions: none
symbol engine: initialized successfully - sym options: 0x614 - pdb path: .;C:\Program Files\Java\jdk-17.0.5\bin;C:\WINDOWS\SYSTEM32;C:\WINDOWS\WinSxS\amd64_microsoft.windows.common-controls_6595b64144ccf1df_6.0.19041.1110_none_60b5254171f9507e;C:\Program Files\Java\jdk-17.0.5\bin\server;C:\Users\USER\.gradle\native\c067742578af261105cb4f569cf0c3c89f3d7b1fecec35dd04571415982c5e48\windows-amd64;C:\Users\USER\.gradle\native\100fb08df4bc3b14c8652ba06237920a3bd2aa13389f12d3474272988ae205f9\windows-amd64

VM Arguments:
jvm_args: --add-opens=java.base/java.util=ALL-UNNAMED --add-opens=java.base/java.lang=ALL-UNNAMED --add-opens=java.base/java.lang.invoke=ALL-UNNAMED --add-opens=java.prefs/java.util.prefs=ALL-UNNAMED --add-opens=java.base/java.nio.charset=ALL-UNNAMED --add-opens=java.base/java.net=ALL-UNNAMED --add-opens=java.base/java.util.concurrent.atomic=ALL-UNNAMED -XX:MaxMetaspaceSize=384m -XX:+HeapDumpOnOutOfMemoryError -Xms256m -Xmx512m -Dfile.encoding=x-windows-949 -Duser.country=KR -Duser.language=ko -Duser.variant -javaagent:C:\Users\USER\.gradle\wrapper\dists\gradle-8.8-bin\dl7vupf4psengwqhwktix4v1\gradle-8.8\lib\agents\gradle-instrumentation-agent-8.8.jar 
java_command: org.gradle.launcher.daemon.bootstrap.GradleDaemon 8.8
java_class_path (initial): C:\Users\USER\.gradle\wrapper\dists\gradle-8.8-bin\dl7vupf4psengwqhwktix4v1\gradle-8.8\lib\gradle-launcher-8.8.jar
Launcher Type: SUN_STANDARD

[Global flags]
     intx CICompilerCount                          = 4                                         {product} {ergonomic}
   size_t CompressedClassSpaceSize                 = 322961408                                 {product} {ergonomic}
     uint ConcGCThreads                            = 2                                         {product} {ergonomic}
     uint G1ConcRefinementThreads                  = 8                                         {product} {ergonomic}
   size_t G1HeapRegionSize                         = 1048576                                   {product} {ergonomic}
    uintx GCDrainStackTargetSize                   = 64                                        {product} {ergonomic}
     bool HeapDumpOnOutOfMemoryError               = true                                   {manageable} {command line}
   size_t InitialHeapSize                          = 268435456                                 {product} {command line}
   size_t MarkStackSize                            = 4194304                                   {product} {ergonomic}
   size_t MaxHeapSize                              = 536870912                                 {product} {command line}
   size_t MaxMetaspaceSize                         = 402653184                                 {product} {command line}
   size_t MaxNewSize                               = 321912832                                 {product} {ergonomic}
   size_t MinHeapDeltaBytes                        = 1048576                                   {product} {ergonomic}
   size_t MinHeapSize                              = 268435456                                 {product} {command line}
    uintx NonNMethodCodeHeapSize                   = 5839372                                {pd product} {ergonomic}
    uintx NonProfiledCodeHeapSize                  = 122909434                              {pd product} {ergonomic}
    uintx ProfiledCodeHeapSize                     = 122909434                              {pd product} {ergonomic}
    uintx ReservedCodeCacheSize                    = 251658240                              {pd product} {ergonomic}
     bool SegmentedCodeCache                       = true                                      {product} {ergonomic}
   size_t SoftMaxHeapSize                          = 536870912                              {manageable} {ergonomic}
     bool UseCompressedClassPointers               = true                           {product lp64_product} {ergonomic}
     bool UseCompressedOops                        = true                           {product lp64_product} {ergonomic}
     bool UseG1GC                                  = true                                      {product} {ergonomic}
     bool UseLargePagesIndividualAllocation        = false                                  {pd product} {ergonomic}

Logging:
Log output configuration:
 #0: stdout all=warning uptime,level,tags
 #1: stderr all=off uptime,level,tags

Environment Variables:
JAVA_HOME=C:\Program Files\Java\jdk-17.0.5
PATH=C:\Program Files\Java\jdk-17.0.5\bin;C:\app\USER\product\21c\dbhomeXE\bin;C:\Program Files\Python310\Scripts\;C:\Program Files\Python310\;C:\WINDOWS\system32;C:\WINDOWS;C:\WINDOWS\System32\Wbem;C:\WINDOWS\System32\WindowsPowerShell\v1.0\;C:\WINDOWS\System32\OpenSSH\;C:\Program Files\Git\cmd;C:\Program Files\dotnet\;C:\Program Files\nodejs\;C:\Program Files\Docker\Docker\resources\bin;C:\ProgramData\DockerDesktop\version-bin;C:\Program Files\MATLAB\R2023a\bin;C:\Program Files\Zulu\zulu-8\bin\;C:\Program Files\PuTTY\;C:\Program Files\Java\jdk-17.0.5;C:\Users\USER\AppData\Local\Microsoft\WindowsApps;C:\Users\USER\AppData\Local\Microsoft\WindowsApps;C:\Users\USER\.dotnet\tools;C:\Users\USER\AppData\Local\Programs\Microsoft VS Code\bin;C:\Program Files\JetBrains\IntelliJ IDEA Community Edition 2022.1.3\bin;C:\Users\USER\AppData\Roaming\npm;C:\Users\USER\AppData\Local\afreeca;C:\Users\USER\AppData\Local\Android\Sdk\platform-tools;C:\Users\USER\AppData\Local\GitHubDesktop\bin;;C:\Program Files\JetBrains\IntelliJ IDEA 2024.1.2\bin;
USERNAME=USER
OS=Windows_NT
PROCESSOR_IDENTIFIER=Intel64 Family 6 Model 126 Stepping 5, GenuineIntel



---------------  S Y S T E M  ---------------

OS:
 Windows 10 , 64 bit Build 19041 (10.0.19041.2913)
OS uptime: 0 days 4:21 hours
Hyper-V role detected

CPU: total 8 (initial active 8) (4 cores per cpu, 2 threads per core) family 6 model 126 stepping 5 microcode 0xa8, cx8, cmov, fxsr, ht, mmx, 3dnowpref, sse, sse2, sse3, ssse3, sse4.1, sse4.2, popcnt, lzcnt, tsc, tscinvbit, avx, avx2, aes, erms, clmul, bmi1, bmi2, adx, avx512f, avx512dq, avx512cd, avx512bw, avx512vl, sha, fma, vzeroupper, avx512_vpopcntdq, avx512_vpclmulqdq, avx512_vaes, avx512_vnni, clflush, clflushopt, avx512_vbmi2, avx512_vbmi, hv

Memory: 4k page, system-wide physical 7880M (74M free)
TotalPageFile size 32456M (AvailPageFile size 22M)
current process WorkingSet (physical memory assigned to process): 59M, peak: 312M
current process commit charge ("private bytes"): 489M, peak: 496M

vm_info: Java HotSpot(TM) 64-Bit Server VM (17.0.5+9-LTS-191) for windows-amd64 JRE (17.0.5+9-LTS-191), built on Sep 13 2022 17:31:43 by "mach5one" with MS VC++ 16.8 / 16.9 (VS2019)

END.
