#
# There is insufficient memory for the Java Runtime Environment to continue.
# Native memory allocation (malloc) failed to allocate 2158656 bytes for Chunk::new
# Possible reasons:
#   The system is out of physical RAM or swap space
#   The process is running with CompressedOops enabled, and the Java Heap may be blocking the growth of the native heap
# Possible solutions:
#   Reduce memory load on the system
#   Increase physical memory or swap space
#   Check if swap backing store is full
#   Decrease Java heap size (-Xmx/-Xms)
#   Decrease number of Java threads
#   Decrease Java thread stack sizes (-Xss)
#   Set larger code cache with -XX:ReservedCodeCacheSize=
#   JVM is running with Unscaled Compressed Oops mode in which the Java heap is
#     placed in the first 4GB address space. The Java Heap base address is the
#     maximum limit for the native heap growth. Please use -XX:HeapBaseMinAddress
#     to set the Java Heap base and to place the Java Heap above 4GB virtual address.
# This output file may be truncated or incomplete.
#
#  Out of Memory Error (arena.cpp:189), pid=119180, tid=119448
#
# JRE version: Java(TM) SE Runtime Environment (17.0.5+9) (build 17.0.5+9-LTS-191)
# Java VM: Java HotSpot(TM) 64-Bit Server VM (17.0.5+9-LTS-191, mixed mode, sharing, tiered, compressed oops, compressed class ptrs, g1 gc, windows-amd64)
# No core dump will be written. Minidumps are not enabled by default on client versions of Windows
#

---------------  S U M M A R Y ------------

Command Line: --add-opens=java.base/java.util=ALL-UNNAMED --add-opens=java.base/java.lang=ALL-UNNAMED --add-opens=java.base/java.lang.invoke=ALL-UNNAMED --add-opens=java.prefs/java.util.prefs=ALL-UNNAMED --add-opens=java.base/java.nio.charset=ALL-UNNAMED --add-opens=java.base/java.net=ALL-UNNAMED --add-opens=java.base/java.util.concurrent.atomic=ALL-UNNAMED -XX:MaxMetaspaceSize=384m -XX:+HeapDumpOnOutOfMemoryError -Xms256m -Xmx512m -Dfile.encoding=x-windows-949 -Duser.country=KR -Duser.language=ko -Duser.variant -javaagent:C:\Users\USER\.gradle\wrapper\dists\gradle-8.8-bin\dl7vupf4psengwqhwktix4v1\gradle-8.8\lib\agents\gradle-instrumentation-agent-8.8.jar org.gradle.launcher.daemon.bootstrap.GradleDaemon 8.8

Host: Intel(R) Core(TM) i5-1035G1 CPU @ 1.00GHz, 8 cores, 7G,  Windows 10 , 64 bit Build 19041 (10.0.19041.2913)
Time: Thu Jun 13 16:43:14 2024  Windows 10 , 64 bit Build 19041 (10.0.19041.2913) elapsed time: 66.787755 seconds (0d 0h 1m 6s)

---------------  T H R E A D  ---------------

Current thread (0x0000024f3ea51c90):  JavaThread "C2 CompilerThread0" daemon [_thread_in_native, id=119448, stack(0x000000c57e000000,0x000000c57e100000)]


Current CompileTask:
C2:  66788 3459   !   4       java.lang.ClassLoader::loadClass (121 bytes)

Stack: [0x000000c57e000000,0x000000c57e100000]
Native frames: (J=compiled Java code, j=interpreted, Vv=VM code, C=native code)
V  [jvm.dll+0x672eea]
V  [jvm.dll+0x7d2a04]
V  [jvm.dll+0x7d41ae]
V  [jvm.dll+0x7d4813]
V  [jvm.dll+0x242c15]
V  [jvm.dll+0xaa57b]
V  [jvm.dll+0xaab0c]
V  [jvm.dll+0x35ff97]
V  [jvm.dll+0x32a631]
V  [jvm.dll+0x329ada]
V  [jvm.dll+0x215cc1]
V  [jvm.dll+0x2150e1]
V  [jvm.dll+0x1a18ed]
V  [jvm.dll+0x22493a]
V  [jvm.dll+0x222aa5]
V  [jvm.dll+0x7885db]
V  [jvm.dll+0x782b4a]
V  [jvm.dll+0x671d75]
C  [ucrtbase.dll+0x21bb2]
C  [KERNEL32.DLL+0x17614]
C  [ntdll.dll+0x526a1]


---------------  P R O C E S S  ---------------

Threads class SMR info:
_java_thread_list=0x0000024f42d76fc0, length=35, elements={
0x0000024f241809d0, 0x0000024f3ea242d0, 0x0000024f3ea24d90, 0x0000024f3ea44690,
0x0000024f3ea45150, 0x0000024f3ea4a2d0, 0x0000024f3ea4f840, 0x0000024f3ea51c90,
0x0000024f3ea52de0, 0x0000024f3ea6c630, 0x0000024f3f49be40, 0x0000024f3f49c310,
0x0000024f3f49dff0, 0x0000024f3f49ee60, 0x0000024f3f49f800, 0x0000024f3f49e4c0,
0x0000024f3f49e990, 0x0000024f3f49c7e0, 0x0000024f3f49ccb0, 0x0000024f3f49d180,
0x0000024f3f49d650, 0x0000024f3f49f330, 0x0000024f3f49db20, 0x0000024f423bbd60,
0x0000024f423b96e0, 0x0000024f423bb890, 0x0000024f423bda40, 0x0000024f423baef0,
0x0000024f423ba550, 0x0000024f423ba080, 0x0000024f423baa20, 0x0000024f423bcbd0,
0x0000024f423bc700, 0x0000024f423bd0a0, 0x0000024f423b7a00
}

Java Threads: ( => current thread )
  0x0000024f241809d0 JavaThread "main" [_thread_blocked, id=119324, stack(0x000000c57d300000,0x000000c57d400000)]
  0x0000024f3ea242d0 JavaThread "Reference Handler" daemon [_thread_blocked, id=119396, stack(0x000000c57da00000,0x000000c57db00000)]
  0x0000024f3ea24d90 JavaThread "Finalizer" daemon [_thread_blocked, id=119400, stack(0x000000c57db00000,0x000000c57dc00000)]
  0x0000024f3ea44690 JavaThread "Signal Dispatcher" daemon [_thread_blocked, id=119416, stack(0x000000c57dc00000,0x000000c57dd00000)]
  0x0000024f3ea45150 JavaThread "Attach Listener" daemon [_thread_blocked, id=119424, stack(0x000000c57dd00000,0x000000c57de00000)]
  0x0000024f3ea4a2d0 JavaThread "Service Thread" daemon [_thread_blocked, id=119432, stack(0x000000c57de00000,0x000000c57df00000)]
  0x0000024f3ea4f840 JavaThread "Monitor Deflation Thread" daemon [_thread_blocked, id=119440, stack(0x000000c57df00000,0x000000c57e000000)]
=>0x0000024f3ea51c90 JavaThread "C2 CompilerThread0" daemon [_thread_in_native, id=119448, stack(0x000000c57e000000,0x000000c57e100000)]
  0x0000024f3ea52de0 JavaThread "C1 CompilerThread0" daemon [_thread_blocked, id=119452, stack(0x000000c57e100000,0x000000c57e200000)]
  0x0000024f3ea6c630 JavaThread "Sweeper thread" daemon [_thread_blocked, id=119460, stack(0x000000c57e200000,0x000000c57e300000)]
  0x0000024f3f49be40 JavaThread "Common-Cleaner" daemon [_thread_blocked, id=119476, stack(0x000000c57e300000,0x000000c57e400000)]
  0x0000024f3f49c310 JavaThread "Notification Thread" daemon [_thread_blocked, id=119508, stack(0x000000c57e400000,0x000000c57e500000)]
  0x0000024f3f49dff0 JavaThread "Daemon health stats" [_thread_blocked, id=119648, stack(0x000000c57eb00000,0x000000c57ec00000)]
  0x0000024f3f49ee60 JavaThread "Incoming local TCP Connector on port 64591" [_thread_in_native, id=113796, stack(0x000000c57ec00000,0x000000c57ed00000)]
  0x0000024f3f49f800 JavaThread "Daemon periodic checks" [_thread_blocked, id=114608, stack(0x000000c57ed00000,0x000000c57ee00000)]
  0x0000024f3f49e4c0 JavaThread "Daemon" [_thread_blocked, id=63764, stack(0x000000c57ee00000,0x000000c57ef00000)]
  0x0000024f3f49e990 JavaThread "Handler for socket connection from /127.0.0.1:64591 to /127.0.0.1:64592" [_thread_in_native, id=66376, stack(0x000000c57ef00000,0x000000c57f000000)]
  0x0000024f3f49c7e0 JavaThread "Cancel handler" [_thread_blocked, id=117268, stack(0x000000c57f000000,0x000000c57f100000)]
  0x0000024f3f49ccb0 JavaThread "Daemon worker" [_thread_in_Java, id=98940, stack(0x000000c57f100000,0x000000c57f200000)]
  0x0000024f3f49d180 JavaThread "Asynchronous log dispatcher for DefaultDaemonConnection: socket connection from /127.0.0.1:64591 to /127.0.0.1:64592" [_thread_blocked, id=116552, stack(0x000000c57f200000,0x000000c57f300000)]
  0x0000024f3f49d650 JavaThread "Stdin handler" [_thread_blocked, id=39248, stack(0x000000c57f300000,0x000000c57f400000)]
  0x0000024f3f49f330 JavaThread "Daemon client event forwarder" [_thread_blocked, id=115956, stack(0x000000c57f400000,0x000000c57f500000)]
  0x0000024f3f49db20 JavaThread "Cache worker for journal cache (C:\Users\USER\.gradle\caches\journal-1)" [_thread_blocked, id=112764, stack(0x000000c57d000000,0x000000c57d100000)]
  0x0000024f423bbd60 JavaThread "File lock request listener" [_thread_in_native, id=117400, stack(0x000000c57f500000,0x000000c57f600000)]
  0x0000024f423b96e0 JavaThread "File lock release action executor" [_thread_blocked, id=111268, stack(0x000000c57f600000,0x000000c57f700000)]
  0x0000024f423bb890 JavaThread "Cache worker for file hash cache (C:\Users\USER\.gradle\caches\8.8\fileHashes)" [_thread_blocked, id=101872, stack(0x000000c57f700000,0x000000c57f800000)]
  0x0000024f423bda40 JavaThread "Cache worker for file hash cache (C:\coding\Sunjoo\sunjoo-server-auth\.gradle\8.8\fileHashes)" [_thread_blocked, id=118804, stack(0x000000c57f800000,0x000000c57f900000)]
  0x0000024f423baef0 JavaThread "File watcher server" daemon [_thread_in_native, id=111100, stack(0x000000c57fb00000,0x000000c57fc00000)]
  0x0000024f423ba550 JavaThread "File watcher consumer" daemon [_thread_blocked, id=113088, stack(0x000000c57fc00000,0x000000c57fd00000)]
  0x0000024f423ba080 JavaThread "Cache worker for checksums cache (C:\coding\Sunjoo\sunjoo-server-auth\.gradle\8.8\checksums)" [_thread_blocked, id=117900, stack(0x000000c57fe00000,0x000000c57ff00000)]
  0x0000024f423baa20 JavaThread "Cache worker for file content cache (C:\Users\USER\.gradle\caches\8.8\fileContent)" [_thread_blocked, id=119268, stack(0x000000c57ff00000,0x000000c580000000)]
  0x0000024f423bcbd0 JavaThread "Cache worker for cache directory md-rule (C:\Users\USER\.gradle\caches\8.8\md-rule)" [_thread_blocked, id=119676, stack(0x000000c500200000,0x000000c500300000)]
  0x0000024f423bc700 JavaThread "Cache worker for cache directory md-supplier (C:\Users\USER\.gradle\caches\8.8\md-supplier)" [_thread_blocked, id=113468, stack(0x000000c500300000,0x000000c500400000)]
  0x0000024f423bd0a0 JavaThread "jar transforms" [_thread_blocked, id=119776, stack(0x000000c500400000,0x000000c500500000)]
  0x0000024f423b7a00 JavaThread "jar transforms Thread 2" [_thread_blocked, id=105152, stack(0x000000c500500000,0x000000c500600000)]

Other Threads:
  0x0000024f3ea1f8d0 VMThread "VM Thread" [stack: 0x000000c57d900000,0x000000c57da00000] [id=119392]
  0x0000024f24181980 WatcherThread [stack: 0x000000c57e500000,0x000000c57e600000] [id=119512]
  0x0000024f241af7f0 GCTaskThread "GC Thread#0" [stack: 0x000000c57d400000,0x000000c57d500000] [id=119344]
  0x0000024f3f61db50 GCTaskThread "GC Thread#1" [stack: 0x000000c57e600000,0x000000c57e700000] [id=15236]
  0x0000024f3f76f500 GCTaskThread "GC Thread#2" [stack: 0x000000c57e700000,0x000000c57e800000] [id=116068]
  0x0000024f3f76f7b0 GCTaskThread "GC Thread#3" [stack: 0x000000c57e800000,0x000000c57e900000] [id=108548]
  0x0000024f3f76fa60 GCTaskThread "GC Thread#4" [stack: 0x000000c57e900000,0x000000c57ea00000] [id=119096]
  0x0000024f3f6f75d0 GCTaskThread "GC Thread#5" [stack: 0x000000c57ea00000,0x000000c57eb00000] [id=119052]
  0x0000024f3feb0500 GCTaskThread "GC Thread#6" [stack: 0x000000c57f900000,0x000000c57fa00000] [id=114560]
  0x0000024f3feb07b0 GCTaskThread "GC Thread#7" [stack: 0x000000c57fa00000,0x000000c57fb00000] [id=119788]
  0x0000024f241b5650 ConcurrentGCThread "G1 Main Marker" [stack: 0x000000c57d500000,0x000000c57d600000] [id=119348]
  0x0000024f241b5f70 ConcurrentGCThread "G1 Conc#0" [stack: 0x000000c57d600000,0x000000c57d700000] [id=119352]
  0x0000024f3feafa40 ConcurrentGCThread "G1 Conc#1" [stack: 0x000000c57fd00000,0x000000c57fe00000] [id=118984]
  0x0000024f2425d840 ConcurrentGCThread "G1 Refine#0" [stack: 0x000000c57d700000,0x000000c57d800000] [id=119372]
  0x0000024f2425e170 ConcurrentGCThread "G1 Service" [stack: 0x000000c57d800000,0x000000c57d900000] [id=119376]

Threads with active compile tasks:
C2 CompilerThread0    66988 3459   !   4       java.lang.ClassLoader::loadClass (121 bytes)

VM state: not at safepoint (normal execution)

VM Mutex/Monitor currently owned by a thread: None

Heap address: 0x00000000e0000000, size: 512 MB, Compressed Oops mode: 32-bit

CDS archive(s) mapped at: [0x0000000800000000-0x0000000800bd0000-0x0000000800bd0000), size 12386304, SharedBaseAddress: 0x0000000800000000, ArchiveRelocationMode: 0.
Compressed class space mapped at: 0x0000000800c00000-0x0000000814000000, reserved size: 322961408
Narrow klass base: 0x0000000800000000, Narrow klass shift: 0, Narrow klass range: 0x100000000

GC Precious Log:
 CPUs: 8 total, 8 available
 Memory: 7880M
 Large Page Support: Disabled
 NUMA Support: Disabled
 Compressed Oops: Enabled (32-bit)
 Heap Region Size: 1M
 Heap Min Capacity: 256M
 Heap Initial Capacity: 256M
 Heap Max Capacity: 512M
 Pre-touch: Disabled
 Parallel Workers: 8
 Concurrent Workers: 2
 Concurrent Refinement Workers: 8
 Periodic GC: Disabled

Heap:
 garbage-first heap   total 262144K, used 74308K [0x00000000e0000000, 0x0000000100000000)
  region size 1024K, 61 young (62464K), 11 survivors (11264K)
 Metaspace       used 27317K, committed 27712K, reserved 339968K
  class space    used 4090K, committed 4288K, reserved 315392K

Heap Regions: E=young(eden), S=young(survivor), O=old, HS=humongous(starts), HC=humongous(continues), CS=collection set, F=free, OA=open archive, CA=closed archive, TAMS=top-at-mark-start (previous, next)
|   0|0x00000000e0000000, 0x00000000e0100000, 0x00000000e0100000|100%|HS|  |TAMS 0x00000000e0100000, 0x00000000e0000000| Complete 
|   1|0x00000000e0100000, 0x00000000e0200000, 0x00000000e0200000|100%|HC|  |TAMS 0x00000000e0200000, 0x00000000e0100000| Complete 
|   2|0x00000000e0200000, 0x00000000e0300000, 0x00000000e0300000|100%|HC|  |TAMS 0x00000000e0300000, 0x00000000e0200000| Complete 
|   3|0x00000000e0300000, 0x00000000e0400000, 0x00000000e0400000|100%|HC|  |TAMS 0x00000000e0400000, 0x00000000e0300000| Complete 
|   4|0x00000000e0400000, 0x00000000e0500000, 0x00000000e0500000|100%| O|  |TAMS 0x00000000e0500000, 0x00000000e0400000| Complete 
|   5|0x00000000e0500000, 0x00000000e0600000, 0x00000000e0600000|100%| O|  |TAMS 0x00000000e0600000, 0x00000000e0500000| Untracked 
|   6|0x00000000e0600000, 0x00000000e0700000, 0x00000000e0700000|100%| O|  |TAMS 0x00000000e0700000, 0x00000000e0600000| Untracked 
|   7|0x00000000e0700000, 0x00000000e0800000, 0x00000000e0800000|100%| O|  |TAMS 0x00000000e0800000, 0x00000000e0700000| Untracked 
|   8|0x00000000e0800000, 0x00000000e0900000, 0x00000000e0900000|100%| O|  |TAMS 0x00000000e0900000, 0x00000000e0800000| Untracked 
|   9|0x00000000e0900000, 0x00000000e0a00000, 0x00000000e0a00000|100%| O|  |TAMS 0x00000000e0a00000, 0x00000000e0900000| Untracked 
|  10|0x00000000e0a00000, 0x00000000e0b00000, 0x00000000e0b00000|100%| O|  |TAMS 0x00000000e0ab5600, 0x00000000e0a00000| Untracked 
|  11|0x00000000e0b00000, 0x00000000e0c00000, 0x00000000e0c00000|100%|HS|  |TAMS 0x00000000e0c00000, 0x00000000e0b00000| Complete 
|  12|0x00000000e0c00000, 0x00000000e0cc3c00, 0x00000000e0d00000| 76%| O|  |TAMS 0x00000000e0c00000, 0x00000000e0c00000| Untracked 
|  13|0x00000000e0d00000, 0x00000000e0d00000, 0x00000000e0e00000|  0%| F|  |TAMS 0x00000000e0d00000, 0x00000000e0d00000| Untracked 
|  14|0x00000000e0e00000, 0x00000000e0e00000, 0x00000000e0f00000|  0%| F|  |TAMS 0x00000000e0e00000, 0x00000000e0e00000| Untracked 
|  15|0x00000000e0f00000, 0x00000000e0f00000, 0x00000000e1000000|  0%| F|  |TAMS 0x00000000e0f00000, 0x00000000e0f00000| Untracked 
|  16|0x00000000e1000000, 0x00000000e1000000, 0x00000000e1100000|  0%| F|  |TAMS 0x00000000e1000000, 0x00000000e1000000| Untracked 
|  17|0x00000000e1100000, 0x00000000e1100000, 0x00000000e1200000|  0%| F|  |TAMS 0x00000000e1100000, 0x00000000e1100000| Untracked 
|  18|0x00000000e1200000, 0x00000000e1200000, 0x00000000e1300000|  0%| F|  |TAMS 0x00000000e1200000, 0x00000000e1200000| Untracked 
|  19|0x00000000e1300000, 0x00000000e1300000, 0x00000000e1400000|  0%| F|  |TAMS 0x00000000e1300000, 0x00000000e1300000| Untracked 
|  20|0x00000000e1400000, 0x00000000e1400000, 0x00000000e1500000|  0%| F|  |TAMS 0x00000000e1400000, 0x00000000e1400000| Untracked 
|  21|0x00000000e1500000, 0x00000000e1500000, 0x00000000e1600000|  0%| F|  |TAMS 0x00000000e1500000, 0x00000000e1500000| Untracked 
|  22|0x00000000e1600000, 0x00000000e1600000, 0x00000000e1700000|  0%| F|  |TAMS 0x00000000e1600000, 0x00000000e1600000| Untracked 
|  23|0x00000000e1700000, 0x00000000e1700000, 0x00000000e1800000|  0%| F|  |TAMS 0x00000000e1700000, 0x00000000e1700000| Untracked 
|  24|0x00000000e1800000, 0x00000000e1800000, 0x00000000e1900000|  0%| F|  |TAMS 0x00000000e1800000, 0x00000000e1800000| Untracked 
|  25|0x00000000e1900000, 0x00000000e1900000, 0x00000000e1a00000|  0%| F|  |TAMS 0x00000000e1900000, 0x00000000e1900000| Untracked 
|  26|0x00000000e1a00000, 0x00000000e1a00000, 0x00000000e1b00000|  0%| F|  |TAMS 0x00000000e1a00000, 0x00000000e1a00000| Untracked 
|  27|0x00000000e1b00000, 0x00000000e1b00000, 0x00000000e1c00000|  0%| F|  |TAMS 0x00000000e1b00000, 0x00000000e1b00000| Untracked 
|  28|0x00000000e1c00000, 0x00000000e1c00000, 0x00000000e1d00000|  0%| F|  |TAMS 0x00000000e1c00000, 0x00000000e1c00000| Untracked 
|  29|0x00000000e1d00000, 0x00000000e1d00000, 0x00000000e1e00000|  0%| F|  |TAMS 0x00000000e1d00000, 0x00000000e1d00000| Untracked 
|  30|0x00000000e1e00000, 0x00000000e1e00000, 0x00000000e1f00000|  0%| F|  |TAMS 0x00000000e1e00000, 0x00000000e1e00000| Untracked 
|  31|0x00000000e1f00000, 0x00000000e1f00000, 0x00000000e2000000|  0%| F|  |TAMS 0x00000000e1f00000, 0x00000000e1f00000| Untracked 
|  32|0x00000000e2000000, 0x00000000e2000000, 0x00000000e2100000|  0%| F|  |TAMS 0x00000000e2000000, 0x00000000e2000000| Untracked 
|  33|0x00000000e2100000, 0x00000000e2100000, 0x00000000e2200000|  0%| F|  |TAMS 0x00000000e2100000, 0x00000000e2100000| Untracked 
|  34|0x00000000e2200000, 0x00000000e2200000, 0x00000000e2300000|  0%| F|  |TAMS 0x00000000e2200000, 0x00000000e2200000| Untracked 
|  35|0x00000000e2300000, 0x00000000e2300000, 0x00000000e2400000|  0%| F|  |TAMS 0x00000000e2300000, 0x00000000e2300000| Untracked 
|  36|0x00000000e2400000, 0x00000000e2400000, 0x00000000e2500000|  0%| F|  |TAMS 0x00000000e2400000, 0x00000000e2400000| Untracked 
|  37|0x00000000e2500000, 0x00000000e2500000, 0x00000000e2600000|  0%| F|  |TAMS 0x00000000e2500000, 0x00000000e2500000| Untracked 
|  38|0x00000000e2600000, 0x00000000e2600000, 0x00000000e2700000|  0%| F|  |TAMS 0x00000000e2600000, 0x00000000e2600000| Untracked 
|  39|0x00000000e2700000, 0x00000000e2700000, 0x00000000e2800000|  0%| F|  |TAMS 0x00000000e2700000, 0x00000000e2700000| Untracked 
|  40|0x00000000e2800000, 0x00000000e2800000, 0x00000000e2900000|  0%| F|  |TAMS 0x00000000e2800000, 0x00000000e2800000| Untracked 
|  41|0x00000000e2900000, 0x00000000e2900000, 0x00000000e2a00000|  0%| F|  |TAMS 0x00000000e2900000, 0x00000000e2900000| Untracked 
|  42|0x00000000e2a00000, 0x00000000e2a00000, 0x00000000e2b00000|  0%| F|  |TAMS 0x00000000e2a00000, 0x00000000e2a00000| Untracked 
|  43|0x00000000e2b00000, 0x00000000e2b00000, 0x00000000e2c00000|  0%| F|  |TAMS 0x00000000e2b00000, 0x00000000e2b00000| Untracked 
|  44|0x00000000e2c00000, 0x00000000e2c00000, 0x00000000e2d00000|  0%| F|  |TAMS 0x00000000e2c00000, 0x00000000e2c00000| Untracked 
|  45|0x00000000e2d00000, 0x00000000e2d00000, 0x00000000e2e00000|  0%| F|  |TAMS 0x00000000e2d00000, 0x00000000e2d00000| Untracked 
|  46|0x00000000e2e00000, 0x00000000e2e00000, 0x00000000e2f00000|  0%| F|  |TAMS 0x00000000e2e00000, 0x00000000e2e00000| Untracked 
|  47|0x00000000e2f00000, 0x00000000e2f00000, 0x00000000e3000000|  0%| F|  |TAMS 0x00000000e2f00000, 0x00000000e2f00000| Untracked 
|  48|0x00000000e3000000, 0x00000000e3000000, 0x00000000e3100000|  0%| F|  |TAMS 0x00000000e3000000, 0x00000000e3000000| Untracked 
|  49|0x00000000e3100000, 0x00000000e3100000, 0x00000000e3200000|  0%| F|  |TAMS 0x00000000e3100000, 0x00000000e3100000| Untracked 
|  50|0x00000000e3200000, 0x00000000e3200000, 0x00000000e3300000|  0%| F|  |TAMS 0x00000000e3200000, 0x00000000e3200000| Untracked 
|  51|0x00000000e3300000, 0x00000000e3300000, 0x00000000e3400000|  0%| F|  |TAMS 0x00000000e3300000, 0x00000000e3300000| Untracked 
|  52|0x00000000e3400000, 0x00000000e3400000, 0x00000000e3500000|  0%| F|  |TAMS 0x00000000e3400000, 0x00000000e3400000| Untracked 
|  53|0x00000000e3500000, 0x00000000e3500000, 0x00000000e3600000|  0%| F|  |TAMS 0x00000000e3500000, 0x00000000e3500000| Untracked 
|  54|0x00000000e3600000, 0x00000000e3600000, 0x00000000e3700000|  0%| F|  |TAMS 0x00000000e3600000, 0x00000000e3600000| Untracked 
|  55|0x00000000e3700000, 0x00000000e3700000, 0x00000000e3800000|  0%| F|  |TAMS 0x00000000e3700000, 0x00000000e3700000| Untracked 
|  56|0x00000000e3800000, 0x00000000e3800000, 0x00000000e3900000|  0%| F|  |TAMS 0x00000000e3800000, 0x00000000e3800000| Untracked 
|  57|0x00000000e3900000, 0x00000000e3900000, 0x00000000e3a00000|  0%| F|  |TAMS 0x00000000e3900000, 0x00000000e3900000| Untracked 
|  58|0x00000000e3a00000, 0x00000000e3a00000, 0x00000000e3b00000|  0%| F|  |TAMS 0x00000000e3a00000, 0x00000000e3a00000| Untracked 
|  59|0x00000000e3b00000, 0x00000000e3b00000, 0x00000000e3c00000|  0%| F|  |TAMS 0x00000000e3b00000, 0x00000000e3b00000| Untracked 
|  60|0x00000000e3c00000, 0x00000000e3c00000, 0x00000000e3d00000|  0%| F|  |TAMS 0x00000000e3c00000, 0x00000000e3c00000| Untracked 
|  61|0x00000000e3d00000, 0x00000000e3d00000, 0x00000000e3e00000|  0%| F|  |TAMS 0x00000000e3d00000, 0x00000000e3d00000| Untracked 
|  62|0x00000000e3e00000, 0x00000000e3e00000, 0x00000000e3f00000|  0%| F|  |TAMS 0x00000000e3e00000, 0x00000000e3e00000| Untracked 
|  63|0x00000000e3f00000, 0x00000000e3f00000, 0x00000000e4000000|  0%| F|  |TAMS 0x00000000e3f00000, 0x00000000e3f00000| Untracked 
|  64|0x00000000e4000000, 0x00000000e4000000, 0x00000000e4100000|  0%| F|  |TAMS 0x00000000e4000000, 0x00000000e4000000| Untracked 
|  65|0x00000000e4100000, 0x00000000e4100000, 0x00000000e4200000|  0%| F|  |TAMS 0x00000000e4100000, 0x00000000e4100000| Untracked 
|  66|0x00000000e4200000, 0x00000000e4200000, 0x00000000e4300000|  0%| F|  |TAMS 0x00000000e4200000, 0x00000000e4200000| Untracked 
|  67|0x00000000e4300000, 0x00000000e4300000, 0x00000000e4400000|  0%| F|  |TAMS 0x00000000e4300000, 0x00000000e4300000| Untracked 
|  68|0x00000000e4400000, 0x00000000e4400000, 0x00000000e4500000|  0%| F|  |TAMS 0x00000000e4400000, 0x00000000e4400000| Untracked 
|  69|0x00000000e4500000, 0x00000000e4500000, 0x00000000e4600000|  0%| F|  |TAMS 0x00000000e4500000, 0x00000000e4500000| Untracked 
|  70|0x00000000e4600000, 0x00000000e4600000, 0x00000000e4700000|  0%| F|  |TAMS 0x00000000e4600000, 0x00000000e4600000| Untracked 
|  71|0x00000000e4700000, 0x00000000e4700000, 0x00000000e4800000|  0%| F|  |TAMS 0x00000000e4700000, 0x00000000e4700000| Untracked 
|  72|0x00000000e4800000, 0x00000000e4800000, 0x00000000e4900000|  0%| F|  |TAMS 0x00000000e4800000, 0x00000000e4800000| Untracked 
|  73|0x00000000e4900000, 0x00000000e4900000, 0x00000000e4a00000|  0%| F|  |TAMS 0x00000000e4900000, 0x00000000e4900000| Untracked 
|  74|0x00000000e4a00000, 0x00000000e4a00000, 0x00000000e4b00000|  0%| F|  |TAMS 0x00000000e4a00000, 0x00000000e4a00000| Untracked 
|  75|0x00000000e4b00000, 0x00000000e4b00000, 0x00000000e4c00000|  0%| F|  |TAMS 0x00000000e4b00000, 0x00000000e4b00000| Untracked 
|  76|0x00000000e4c00000, 0x00000000e4c00000, 0x00000000e4d00000|  0%| F|  |TAMS 0x00000000e4c00000, 0x00000000e4c00000| Untracked 
|  77|0x00000000e4d00000, 0x00000000e4d00000, 0x00000000e4e00000|  0%| F|  |TAMS 0x00000000e4d00000, 0x00000000e4d00000| Untracked 
|  78|0x00000000e4e00000, 0x00000000e4e00000, 0x00000000e4f00000|  0%| F|  |TAMS 0x00000000e4e00000, 0x00000000e4e00000| Untracked 
|  79|0x00000000e4f00000, 0x00000000e4f00000, 0x00000000e5000000|  0%| F|  |TAMS 0x00000000e4f00000, 0x00000000e4f00000| Untracked 
|  80|0x00000000e5000000, 0x00000000e5000000, 0x00000000e5100000|  0%| F|  |TAMS 0x00000000e5000000, 0x00000000e5000000| Untracked 
|  81|0x00000000e5100000, 0x00000000e5100000, 0x00000000e5200000|  0%| F|  |TAMS 0x00000000e5100000, 0x00000000e5100000| Untracked 
|  82|0x00000000e5200000, 0x00000000e5200000, 0x00000000e5300000|  0%| F|  |TAMS 0x00000000e5200000, 0x00000000e5200000| Untracked 
|  83|0x00000000e5300000, 0x00000000e5300000, 0x00000000e5400000|  0%| F|  |TAMS 0x00000000e5300000, 0x00000000e5300000| Untracked 
|  84|0x00000000e5400000, 0x00000000e5400000, 0x00000000e5500000|  0%| F|  |TAMS 0x00000000e5400000, 0x00000000e5400000| Untracked 
|  85|0x00000000e5500000, 0x00000000e5500000, 0x00000000e5600000|  0%| F|  |TAMS 0x00000000e5500000, 0x00000000e5500000| Untracked 
|  86|0x00000000e5600000, 0x00000000e5600000, 0x00000000e5700000|  0%| F|  |TAMS 0x00000000e5600000, 0x00000000e5600000| Untracked 
|  87|0x00000000e5700000, 0x00000000e5700000, 0x00000000e5800000|  0%| F|  |TAMS 0x00000000e5700000, 0x00000000e5700000| Untracked 
|  88|0x00000000e5800000, 0x00000000e5800000, 0x00000000e5900000|  0%| F|  |TAMS 0x00000000e5800000, 0x00000000e5800000| Untracked 
|  89|0x00000000e5900000, 0x00000000e5900000, 0x00000000e5a00000|  0%| F|  |TAMS 0x00000000e5900000, 0x00000000e5900000| Untracked 
|  90|0x00000000e5a00000, 0x00000000e5a00000, 0x00000000e5b00000|  0%| F|  |TAMS 0x00000000e5a00000, 0x00000000e5a00000| Untracked 
|  91|0x00000000e5b00000, 0x00000000e5b00000, 0x00000000e5c00000|  0%| F|  |TAMS 0x00000000e5b00000, 0x00000000e5b00000| Untracked 
|  92|0x00000000e5c00000, 0x00000000e5c00000, 0x00000000e5d00000|  0%| F|  |TAMS 0x00000000e5c00000, 0x00000000e5c00000| Untracked 
|  93|0x00000000e5d00000, 0x00000000e5d00000, 0x00000000e5e00000|  0%| F|  |TAMS 0x00000000e5d00000, 0x00000000e5d00000| Untracked 
|  94|0x00000000e5e00000, 0x00000000e5e00000, 0x00000000e5f00000|  0%| F|  |TAMS 0x00000000e5e00000, 0x00000000e5e00000| Untracked 
|  95|0x00000000e5f00000, 0x00000000e5f00000, 0x00000000e6000000|  0%| F|  |TAMS 0x00000000e5f00000, 0x00000000e5f00000| Untracked 
|  96|0x00000000e6000000, 0x00000000e6000000, 0x00000000e6100000|  0%| F|  |TAMS 0x00000000e6000000, 0x00000000e6000000| Untracked 
|  97|0x00000000e6100000, 0x00000000e6100000, 0x00000000e6200000|  0%| F|  |TAMS 0x00000000e6100000, 0x00000000e6100000| Untracked 
|  98|0x00000000e6200000, 0x00000000e6200000, 0x00000000e6300000|  0%| F|  |TAMS 0x00000000e6200000, 0x00000000e6200000| Untracked 
|  99|0x00000000e6300000, 0x00000000e6300000, 0x00000000e6400000|  0%| F|  |TAMS 0x00000000e6300000, 0x00000000e6300000| Untracked 
| 100|0x00000000e6400000, 0x00000000e6400000, 0x00000000e6500000|  0%| F|  |TAMS 0x00000000e6400000, 0x00000000e6400000| Untracked 
| 101|0x00000000e6500000, 0x00000000e6500000, 0x00000000e6600000|  0%| F|  |TAMS 0x00000000e6500000, 0x00000000e6500000| Untracked 
| 102|0x00000000e6600000, 0x00000000e6600000, 0x00000000e6700000|  0%| F|  |TAMS 0x00000000e6600000, 0x00000000e6600000| Untracked 
| 103|0x00000000e6700000, 0x00000000e6700000, 0x00000000e6800000|  0%| F|  |TAMS 0x00000000e6700000, 0x00000000e6700000| Untracked 
| 104|0x00000000e6800000, 0x00000000e6800000, 0x00000000e6900000|  0%| F|  |TAMS 0x00000000e6800000, 0x00000000e6800000| Untracked 
| 105|0x00000000e6900000, 0x00000000e6900000, 0x00000000e6a00000|  0%| F|  |TAMS 0x00000000e6900000, 0x00000000e6900000| Untracked 
| 106|0x00000000e6a00000, 0x00000000e6a00000, 0x00000000e6b00000|  0%| F|  |TAMS 0x00000000e6a00000, 0x00000000e6a00000| Untracked 
| 107|0x00000000e6b00000, 0x00000000e6b00000, 0x00000000e6c00000|  0%| F|  |TAMS 0x00000000e6b00000, 0x00000000e6b00000| Untracked 
| 108|0x00000000e6c00000, 0x00000000e6c00000, 0x00000000e6d00000|  0%| F|  |TAMS 0x00000000e6c00000, 0x00000000e6c00000| Untracked 
| 109|0x00000000e6d00000, 0x00000000e6d00000, 0x00000000e6e00000|  0%| F|  |TAMS 0x00000000e6d00000, 0x00000000e6d00000| Untracked 
| 110|0x00000000e6e00000, 0x00000000e6e00000, 0x00000000e6f00000|  0%| F|  |TAMS 0x00000000e6e00000, 0x00000000e6e00000| Untracked 
| 111|0x00000000e6f00000, 0x00000000e6f00000, 0x00000000e7000000|  0%| F|  |TAMS 0x00000000e6f00000, 0x00000000e6f00000| Untracked 
| 112|0x00000000e7000000, 0x00000000e7000000, 0x00000000e7100000|  0%| F|  |TAMS 0x00000000e7000000, 0x00000000e7000000| Untracked 
| 113|0x00000000e7100000, 0x00000000e7100000, 0x00000000e7200000|  0%| F|  |TAMS 0x00000000e7100000, 0x00000000e7100000| Untracked 
| 114|0x00000000e7200000, 0x00000000e7200000, 0x00000000e7300000|  0%| F|  |TAMS 0x00000000e7200000, 0x00000000e7200000| Untracked 
| 115|0x00000000e7300000, 0x00000000e7300000, 0x00000000e7400000|  0%| F|  |TAMS 0x00000000e7300000, 0x00000000e7300000| Untracked 
| 116|0x00000000e7400000, 0x00000000e7400000, 0x00000000e7500000|  0%| F|  |TAMS 0x00000000e7400000, 0x00000000e7400000| Untracked 
| 117|0x00000000e7500000, 0x00000000e7500000, 0x00000000e7600000|  0%| F|  |TAMS 0x00000000e7500000, 0x00000000e7500000| Untracked 
| 118|0x00000000e7600000, 0x00000000e7600000, 0x00000000e7700000|  0%| F|  |TAMS 0x00000000e7600000, 0x00000000e7600000| Untracked 
| 119|0x00000000e7700000, 0x00000000e7700000, 0x00000000e7800000|  0%| F|  |TAMS 0x00000000e7700000, 0x00000000e7700000| Untracked 
| 120|0x00000000e7800000, 0x00000000e7800000, 0x00000000e7900000|  0%| F|  |TAMS 0x00000000e7800000, 0x00000000e7800000| Untracked 
| 121|0x00000000e7900000, 0x00000000e7900000, 0x00000000e7a00000|  0%| F|  |TAMS 0x00000000e7900000, 0x00000000e7900000| Untracked 
| 122|0x00000000e7a00000, 0x00000000e7a00000, 0x00000000e7b00000|  0%| F|  |TAMS 0x00000000e7a00000, 0x00000000e7a00000| Untracked 
| 123|0x00000000e7b00000, 0x00000000e7b00000, 0x00000000e7c00000|  0%| F|  |TAMS 0x00000000e7b00000, 0x00000000e7b00000| Untracked 
| 124|0x00000000e7c00000, 0x00000000e7c00000, 0x00000000e7d00000|  0%| F|  |TAMS 0x00000000e7c00000, 0x00000000e7c00000| Untracked 
| 125|0x00000000e7d00000, 0x00000000e7d00000, 0x00000000e7e00000|  0%| F|  |TAMS 0x00000000e7d00000, 0x00000000e7d00000| Untracked 
| 126|0x00000000e7e00000, 0x00000000e7e00000, 0x00000000e7f00000|  0%| F|  |TAMS 0x00000000e7e00000, 0x00000000e7e00000| Untracked 
| 127|0x00000000e7f00000, 0x00000000e7f00000, 0x00000000e8000000|  0%| F|  |TAMS 0x00000000e7f00000, 0x00000000e7f00000| Untracked 
| 128|0x00000000e8000000, 0x00000000e8000000, 0x00000000e8100000|  0%| F|  |TAMS 0x00000000e8000000, 0x00000000e8000000| Untracked 
| 129|0x00000000e8100000, 0x00000000e8100000, 0x00000000e8200000|  0%| F|  |TAMS 0x00000000e8100000, 0x00000000e8100000| Untracked 
| 130|0x00000000e8200000, 0x00000000e8200000, 0x00000000e8300000|  0%| F|  |TAMS 0x00000000e8200000, 0x00000000e8200000| Untracked 
| 131|0x00000000e8300000, 0x00000000e8300000, 0x00000000e8400000|  0%| F|  |TAMS 0x00000000e8300000, 0x00000000e8300000| Untracked 
| 132|0x00000000e8400000, 0x00000000e8400000, 0x00000000e8500000|  0%| F|  |TAMS 0x00000000e8400000, 0x00000000e8400000| Untracked 
| 133|0x00000000e8500000, 0x00000000e8500000, 0x00000000e8600000|  0%| F|  |TAMS 0x00000000e8500000, 0x00000000e8500000| Untracked 
| 134|0x00000000e8600000, 0x00000000e8600000, 0x00000000e8700000|  0%| F|  |TAMS 0x00000000e8600000, 0x00000000e8600000| Untracked 
| 135|0x00000000e8700000, 0x00000000e8700000, 0x00000000e8800000|  0%| F|  |TAMS 0x00000000e8700000, 0x00000000e8700000| Untracked 
| 136|0x00000000e8800000, 0x00000000e8800000, 0x00000000e8900000|  0%| F|  |TAMS 0x00000000e8800000, 0x00000000e8800000| Untracked 
| 137|0x00000000e8900000, 0x00000000e8900000, 0x00000000e8a00000|  0%| F|  |TAMS 0x00000000e8900000, 0x00000000e8900000| Untracked 
| 138|0x00000000e8a00000, 0x00000000e8a00000, 0x00000000e8b00000|  0%| F|  |TAMS 0x00000000e8a00000, 0x00000000e8a00000| Untracked 
| 139|0x00000000e8b00000, 0x00000000e8b00000, 0x00000000e8c00000|  0%| F|  |TAMS 0x00000000e8b00000, 0x00000000e8b00000| Untracked 
| 140|0x00000000e8c00000, 0x00000000e8c00000, 0x00000000e8d00000|  0%| F|  |TAMS 0x00000000e8c00000, 0x00000000e8c00000| Untracked 
| 141|0x00000000e8d00000, 0x00000000e8d00000, 0x00000000e8e00000|  0%| F|  |TAMS 0x00000000e8d00000, 0x00000000e8d00000| Untracked 
| 142|0x00000000e8e00000, 0x00000000e8e00000, 0x00000000e8f00000|  0%| F|  |TAMS 0x00000000e8e00000, 0x00000000e8e00000| Untracked 
| 143|0x00000000e8f00000, 0x00000000e8f00000, 0x00000000e9000000|  0%| F|  |TAMS 0x00000000e8f00000, 0x00000000e8f00000| Untracked 
| 144|0x00000000e9000000, 0x00000000e9000000, 0x00000000e9100000|  0%| F|  |TAMS 0x00000000e9000000, 0x00000000e9000000| Untracked 
| 145|0x00000000e9100000, 0x00000000e9100000, 0x00000000e9200000|  0%| F|  |TAMS 0x00000000e9100000, 0x00000000e9100000| Untracked 
| 146|0x00000000e9200000, 0x00000000e9200000, 0x00000000e9300000|  0%| F|  |TAMS 0x00000000e9200000, 0x00000000e9200000| Untracked 
| 147|0x00000000e9300000, 0x00000000e9300000, 0x00000000e9400000|  0%| F|  |TAMS 0x00000000e9300000, 0x00000000e9300000| Untracked 
| 148|0x00000000e9400000, 0x00000000e9400000, 0x00000000e9500000|  0%| F|  |TAMS 0x00000000e9400000, 0x00000000e9400000| Untracked 
| 149|0x00000000e9500000, 0x00000000e9500000, 0x00000000e9600000|  0%| F|  |TAMS 0x00000000e9500000, 0x00000000e9500000| Untracked 
| 150|0x00000000e9600000, 0x00000000e9600000, 0x00000000e9700000|  0%| F|  |TAMS 0x00000000e9600000, 0x00000000e9600000| Untracked 
| 151|0x00000000e9700000, 0x00000000e9700000, 0x00000000e9800000|  0%| F|  |TAMS 0x00000000e9700000, 0x00000000e9700000| Untracked 
| 152|0x00000000e9800000, 0x00000000e9800000, 0x00000000e9900000|  0%| F|  |TAMS 0x00000000e9800000, 0x00000000e9800000| Untracked 
| 153|0x00000000e9900000, 0x00000000e9900000, 0x00000000e9a00000|  0%| F|  |TAMS 0x00000000e9900000, 0x00000000e9900000| Untracked 
| 154|0x00000000e9a00000, 0x00000000e9a00000, 0x00000000e9b00000|  0%| F|  |TAMS 0x00000000e9a00000, 0x00000000e9a00000| Untracked 
| 155|0x00000000e9b00000, 0x00000000e9b00000, 0x00000000e9c00000|  0%| F|  |TAMS 0x00000000e9b00000, 0x00000000e9b00000| Untracked 
| 156|0x00000000e9c00000, 0x00000000e9c00000, 0x00000000e9d00000|  0%| F|  |TAMS 0x00000000e9c00000, 0x00000000e9c00000| Untracked 
| 157|0x00000000e9d00000, 0x00000000e9d00000, 0x00000000e9e00000|  0%| F|  |TAMS 0x00000000e9d00000, 0x00000000e9d00000| Untracked 
| 158|0x00000000e9e00000, 0x00000000e9e00000, 0x00000000e9f00000|  0%| F|  |TAMS 0x00000000e9e00000, 0x00000000e9e00000| Untracked 
| 159|0x00000000e9f00000, 0x00000000e9f00000, 0x00000000ea000000|  0%| F|  |TAMS 0x00000000e9f00000, 0x00000000e9f00000| Untracked 
| 160|0x00000000ea000000, 0x00000000ea000000, 0x00000000ea100000|  0%| F|  |TAMS 0x00000000ea000000, 0x00000000ea000000| Untracked 
| 161|0x00000000ea100000, 0x00000000ea100000, 0x00000000ea200000|  0%| F|  |TAMS 0x00000000ea100000, 0x00000000ea100000| Untracked 
| 162|0x00000000ea200000, 0x00000000ea200000, 0x00000000ea300000|  0%| F|  |TAMS 0x00000000ea200000, 0x00000000ea200000| Untracked 
| 163|0x00000000ea300000, 0x00000000ea300000, 0x00000000ea400000|  0%| F|  |TAMS 0x00000000ea300000, 0x00000000ea300000| Untracked 
| 164|0x00000000ea400000, 0x00000000ea400000, 0x00000000ea500000|  0%| F|  |TAMS 0x00000000ea400000, 0x00000000ea400000| Untracked 
| 165|0x00000000ea500000, 0x00000000ea500000, 0x00000000ea600000|  0%| F|  |TAMS 0x00000000ea500000, 0x00000000ea500000| Untracked 
| 166|0x00000000ea600000, 0x00000000ea600000, 0x00000000ea700000|  0%| F|  |TAMS 0x00000000ea600000, 0x00000000ea600000| Untracked 
| 167|0x00000000ea700000, 0x00000000ea700000, 0x00000000ea800000|  0%| F|  |TAMS 0x00000000ea700000, 0x00000000ea700000| Untracked 
| 168|0x00000000ea800000, 0x00000000ea800000, 0x00000000ea900000|  0%| F|  |TAMS 0x00000000ea800000, 0x00000000ea800000| Untracked 
| 169|0x00000000ea900000, 0x00000000ea900000, 0x00000000eaa00000|  0%| F|  |TAMS 0x00000000ea900000, 0x00000000ea900000| Untracked 
| 170|0x00000000eaa00000, 0x00000000eaa00000, 0x00000000eab00000|  0%| F|  |TAMS 0x00000000eaa00000, 0x00000000eaa00000| Untracked 
| 171|0x00000000eab00000, 0x00000000eab00000, 0x00000000eac00000|  0%| F|  |TAMS 0x00000000eab00000, 0x00000000eab00000| Untracked 
| 172|0x00000000eac00000, 0x00000000eac00000, 0x00000000ead00000|  0%| F|  |TAMS 0x00000000eac00000, 0x00000000eac00000| Untracked 
| 173|0x00000000ead00000, 0x00000000ead00000, 0x00000000eae00000|  0%| F|  |TAMS 0x00000000ead00000, 0x00000000ead00000| Untracked 
| 174|0x00000000eae00000, 0x00000000eae00000, 0x00000000eaf00000|  0%| F|  |TAMS 0x00000000eae00000, 0x00000000eae00000| Untracked 
| 175|0x00000000eaf00000, 0x00000000eaf00000, 0x00000000eb000000|  0%| F|  |TAMS 0x00000000eaf00000, 0x00000000eaf00000| Untracked 
| 176|0x00000000eb000000, 0x00000000eb000000, 0x00000000eb100000|  0%| F|  |TAMS 0x00000000eb000000, 0x00000000eb000000| Untracked 
| 177|0x00000000eb100000, 0x00000000eb100000, 0x00000000eb200000|  0%| F|  |TAMS 0x00000000eb100000, 0x00000000eb100000| Untracked 
| 178|0x00000000eb200000, 0x00000000eb200000, 0x00000000eb300000|  0%| F|  |TAMS 0x00000000eb200000, 0x00000000eb200000| Untracked 
| 179|0x00000000eb300000, 0x00000000eb300000, 0x00000000eb400000|  0%| F|  |TAMS 0x00000000eb300000, 0x00000000eb300000| Untracked 
| 180|0x00000000eb400000, 0x00000000eb400000, 0x00000000eb500000|  0%| F|  |TAMS 0x00000000eb400000, 0x00000000eb400000| Untracked 
| 181|0x00000000eb500000, 0x00000000eb500000, 0x00000000eb600000|  0%| F|  |TAMS 0x00000000eb500000, 0x00000000eb500000| Untracked 
| 182|0x00000000eb600000, 0x00000000eb600000, 0x00000000eb700000|  0%| F|  |TAMS 0x00000000eb600000, 0x00000000eb600000| Untracked 
| 183|0x00000000eb700000, 0x00000000eb700000, 0x00000000eb800000|  0%| F|  |TAMS 0x00000000eb700000, 0x00000000eb700000| Untracked 
| 184|0x00000000eb800000, 0x00000000eb800000, 0x00000000eb900000|  0%| F|  |TAMS 0x00000000eb800000, 0x00000000eb800000| Untracked 
| 185|0x00000000eb900000, 0x00000000eb900000, 0x00000000eba00000|  0%| F|  |TAMS 0x00000000eb900000, 0x00000000eb900000| Untracked 
| 186|0x00000000eba00000, 0x00000000eba00000, 0x00000000ebb00000|  0%| F|  |TAMS 0x00000000eba00000, 0x00000000eba00000| Untracked 
| 187|0x00000000ebb00000, 0x00000000ebb00000, 0x00000000ebc00000|  0%| F|  |TAMS 0x00000000ebb00000, 0x00000000ebb00000| Untracked 
| 188|0x00000000ebc00000, 0x00000000ebc00000, 0x00000000ebd00000|  0%| F|  |TAMS 0x00000000ebc00000, 0x00000000ebc00000| Untracked 
| 189|0x00000000ebd00000, 0x00000000ebd00000, 0x00000000ebe00000|  0%| F|  |TAMS 0x00000000ebd00000, 0x00000000ebd00000| Untracked 
| 190|0x00000000ebe00000, 0x00000000ebe00000, 0x00000000ebf00000|  0%| F|  |TAMS 0x00000000ebe00000, 0x00000000ebe00000| Untracked 
| 191|0x00000000ebf00000, 0x00000000ebf00000, 0x00000000ec000000|  0%| F|  |TAMS 0x00000000ebf00000, 0x00000000ebf00000| Untracked 
| 192|0x00000000ec000000, 0x00000000ec000000, 0x00000000ec100000|  0%| F|  |TAMS 0x00000000ec000000, 0x00000000ec000000| Untracked 
| 193|0x00000000ec100000, 0x00000000ec100000, 0x00000000ec200000|  0%| F|  |TAMS 0x00000000ec100000, 0x00000000ec100000| Untracked 
| 194|0x00000000ec200000, 0x00000000ec280800, 0x00000000ec300000| 50%| E|  |TAMS 0x00000000ec200000, 0x00000000ec200000| Complete 
| 195|0x00000000ec300000, 0x00000000ec400000, 0x00000000ec400000|100%| E|CS|TAMS 0x00000000ec300000, 0x00000000ec300000| Complete 
| 196|0x00000000ec400000, 0x00000000ec500000, 0x00000000ec500000|100%| E|CS|TAMS 0x00000000ec400000, 0x00000000ec400000| Complete 
| 197|0x00000000ec500000, 0x00000000ec600000, 0x00000000ec600000|100%| E|CS|TAMS 0x00000000ec500000, 0x00000000ec500000| Complete 
| 198|0x00000000ec600000, 0x00000000ec700000, 0x00000000ec700000|100%| E|CS|TAMS 0x00000000ec600000, 0x00000000ec600000| Complete 
| 199|0x00000000ec700000, 0x00000000ec800000, 0x00000000ec800000|100%| E|CS|TAMS 0x00000000ec700000, 0x00000000ec700000| Complete 
| 200|0x00000000ec800000, 0x00000000ec900000, 0x00000000ec900000|100%| E|CS|TAMS 0x00000000ec800000, 0x00000000ec800000| Complete 
| 201|0x00000000ec900000, 0x00000000eca00000, 0x00000000eca00000|100%| E|CS|TAMS 0x00000000ec900000, 0x00000000ec900000| Complete 
| 202|0x00000000eca00000, 0x00000000ecb00000, 0x00000000ecb00000|100%| E|CS|TAMS 0x00000000eca00000, 0x00000000eca00000| Complete 
| 203|0x00000000ecb00000, 0x00000000ecc00000, 0x00000000ecc00000|100%| E|CS|TAMS 0x00000000ecb00000, 0x00000000ecb00000| Complete 
| 204|0x00000000ecc00000, 0x00000000ecd00000, 0x00000000ecd00000|100%| E|CS|TAMS 0x00000000ecc00000, 0x00000000ecc00000| Complete 
| 205|0x00000000ecd00000, 0x00000000ece00000, 0x00000000ece00000|100%| E|CS|TAMS 0x00000000ecd00000, 0x00000000ecd00000| Complete 
| 206|0x00000000ece00000, 0x00000000ecf00000, 0x00000000ecf00000|100%| E|CS|TAMS 0x00000000ece00000, 0x00000000ece00000| Complete 
| 207|0x00000000ecf00000, 0x00000000ed000000, 0x00000000ed000000|100%| E|CS|TAMS 0x00000000ecf00000, 0x00000000ecf00000| Complete 
| 208|0x00000000ed000000, 0x00000000ed100000, 0x00000000ed100000|100%| E|CS|TAMS 0x00000000ed000000, 0x00000000ed000000| Complete 
| 209|0x00000000ed100000, 0x00000000ed200000, 0x00000000ed200000|100%| E|CS|TAMS 0x00000000ed100000, 0x00000000ed100000| Complete 
| 210|0x00000000ed200000, 0x00000000ed300000, 0x00000000ed300000|100%| E|CS|TAMS 0x00000000ed200000, 0x00000000ed200000| Complete 
| 211|0x00000000ed300000, 0x00000000ed400000, 0x00000000ed400000|100%| E|CS|TAMS 0x00000000ed300000, 0x00000000ed300000| Complete 
| 212|0x00000000ed400000, 0x00000000ed500000, 0x00000000ed500000|100%| E|CS|TAMS 0x00000000ed400000, 0x00000000ed400000| Complete 
| 213|0x00000000ed500000, 0x00000000ed600000, 0x00000000ed600000|100%| E|CS|TAMS 0x00000000ed500000, 0x00000000ed500000| Complete 
| 214|0x00000000ed600000, 0x00000000ed700000, 0x00000000ed700000|100%| E|CS|TAMS 0x00000000ed600000, 0x00000000ed600000| Complete 
| 215|0x00000000ed700000, 0x00000000ed800000, 0x00000000ed800000|100%| E|CS|TAMS 0x00000000ed700000, 0x00000000ed700000| Complete 
| 216|0x00000000ed800000, 0x00000000ed900000, 0x00000000ed900000|100%| E|CS|TAMS 0x00000000ed800000, 0x00000000ed800000| Complete 
| 217|0x00000000ed900000, 0x00000000eda00000, 0x00000000eda00000|100%| E|CS|TAMS 0x00000000ed900000, 0x00000000ed900000| Complete 
| 218|0x00000000eda00000, 0x00000000edb00000, 0x00000000edb00000|100%| E|CS|TAMS 0x00000000eda00000, 0x00000000eda00000| Complete 
| 219|0x00000000edb00000, 0x00000000edc00000, 0x00000000edc00000|100%| E|CS|TAMS 0x00000000edb00000, 0x00000000edb00000| Complete 
| 220|0x00000000edc00000, 0x00000000edd00000, 0x00000000edd00000|100%| E|CS|TAMS 0x00000000edc00000, 0x00000000edc00000| Complete 
| 221|0x00000000edd00000, 0x00000000ede00000, 0x00000000ede00000|100%| E|CS|TAMS 0x00000000edd00000, 0x00000000edd00000| Complete 
| 222|0x00000000ede00000, 0x00000000edf00000, 0x00000000edf00000|100%| E|CS|TAMS 0x00000000ede00000, 0x00000000ede00000| Complete 
| 223|0x00000000edf00000, 0x00000000ee000000, 0x00000000ee000000|100%| E|CS|TAMS 0x00000000edf00000, 0x00000000edf00000| Complete 
| 224|0x00000000ee000000, 0x00000000ee100000, 0x00000000ee100000|100%| E|CS|TAMS 0x00000000ee000000, 0x00000000ee000000| Complete 
| 225|0x00000000ee100000, 0x00000000ee200000, 0x00000000ee200000|100%| E|CS|TAMS 0x00000000ee100000, 0x00000000ee100000| Complete 
| 226|0x00000000ee200000, 0x00000000ee300000, 0x00000000ee300000|100%| E|CS|TAMS 0x00000000ee200000, 0x00000000ee200000| Complete 
| 227|0x00000000ee300000, 0x00000000ee400000, 0x00000000ee400000|100%| E|CS|TAMS 0x00000000ee300000, 0x00000000ee300000| Complete 
| 228|0x00000000ee400000, 0x00000000ee500000, 0x00000000ee500000|100%| E|CS|TAMS 0x00000000ee400000, 0x00000000ee400000| Complete 
| 229|0x00000000ee500000, 0x00000000ee600000, 0x00000000ee600000|100%| E|CS|TAMS 0x00000000ee500000, 0x00000000ee500000| Complete 
| 230|0x00000000ee600000, 0x00000000ee700000, 0x00000000ee700000|100%| E|CS|TAMS 0x00000000ee600000, 0x00000000ee600000| Complete 
| 231|0x00000000ee700000, 0x00000000ee800000, 0x00000000ee800000|100%| E|CS|TAMS 0x00000000ee700000, 0x00000000ee700000| Complete 
| 232|0x00000000ee800000, 0x00000000ee900000, 0x00000000ee900000|100%| E|CS|TAMS 0x00000000ee800000, 0x00000000ee800000| Complete 
| 233|0x00000000ee900000, 0x00000000eea00000, 0x00000000eea00000|100%| E|CS|TAMS 0x00000000ee900000, 0x00000000ee900000| Complete 
| 234|0x00000000eea00000, 0x00000000eeacd7d0, 0x00000000eeb00000| 80%| S|CS|TAMS 0x00000000eea00000, 0x00000000eea00000| Complete 
| 235|0x00000000eeb00000, 0x00000000eec00000, 0x00000000eec00000|100%| S|CS|TAMS 0x00000000eeb00000, 0x00000000eeb00000| Complete 
| 236|0x00000000eec00000, 0x00000000eed00000, 0x00000000eed00000|100%| S|CS|TAMS 0x00000000eec00000, 0x00000000eec00000| Complete 
| 237|0x00000000eed00000, 0x00000000eee00000, 0x00000000eee00000|100%| S|CS|TAMS 0x00000000eed00000, 0x00000000eed00000| Complete 
| 238|0x00000000eee00000, 0x00000000eef00000, 0x00000000eef00000|100%| S|CS|TAMS 0x00000000eee00000, 0x00000000eee00000| Complete 
| 239|0x00000000eef00000, 0x00000000ef000000, 0x00000000ef000000|100%| S|CS|TAMS 0x00000000eef00000, 0x00000000eef00000| Complete 
| 240|0x00000000ef000000, 0x00000000ef100000, 0x00000000ef100000|100%| S|CS|TAMS 0x00000000ef000000, 0x00000000ef000000| Complete 
| 241|0x00000000ef100000, 0x00000000ef200000, 0x00000000ef200000|100%| S|CS|TAMS 0x00000000ef100000, 0x00000000ef100000| Complete 
| 242|0x00000000ef200000, 0x00000000ef300000, 0x00000000ef300000|100%| S|CS|TAMS 0x00000000ef200000, 0x00000000ef200000| Complete 
| 243|0x00000000ef300000, 0x00000000ef400000, 0x00000000ef400000|100%| S|CS|TAMS 0x00000000ef300000, 0x00000000ef300000| Complete 
| 244|0x00000000ef400000, 0x00000000ef500000, 0x00000000ef500000|100%| S|CS|TAMS 0x00000000ef400000, 0x00000000ef400000| Complete 
| 245|0x00000000ef500000, 0x00000000ef600000, 0x00000000ef600000|100%| E|CS|TAMS 0x00000000ef500000, 0x00000000ef500000| Complete 
| 246|0x00000000ef600000, 0x00000000ef700000, 0x00000000ef700000|100%| E|CS|TAMS 0x00000000ef600000, 0x00000000ef600000| Complete 
| 247|0x00000000ef700000, 0x00000000ef800000, 0x00000000ef800000|100%| E|CS|TAMS 0x00000000ef700000, 0x00000000ef700000| Complete 
| 248|0x00000000ef800000, 0x00000000ef900000, 0x00000000ef900000|100%| E|CS|TAMS 0x00000000ef800000, 0x00000000ef800000| Complete 
| 249|0x00000000ef900000, 0x00000000efa00000, 0x00000000efa00000|100%| E|CS|TAMS 0x00000000ef900000, 0x00000000ef900000| Complete 
| 250|0x00000000efa00000, 0x00000000efb00000, 0x00000000efb00000|100%| E|CS|TAMS 0x00000000efa00000, 0x00000000efa00000| Complete 
| 251|0x00000000efb00000, 0x00000000efc00000, 0x00000000efc00000|100%| E|CS|TAMS 0x00000000efb00000, 0x00000000efb00000| Complete 
| 252|0x00000000efc00000, 0x00000000efd00000, 0x00000000efd00000|100%| E|CS|TAMS 0x00000000efc00000, 0x00000000efc00000| Complete 
| 253|0x00000000efd00000, 0x00000000efe00000, 0x00000000efe00000|100%| E|CS|TAMS 0x00000000efd00000, 0x00000000efd00000| Complete 
| 254|0x00000000efe00000, 0x00000000eff00000, 0x00000000eff00000|100%| E|CS|TAMS 0x00000000efe00000, 0x00000000efe00000| Complete 
| 255|0x00000000eff00000, 0x00000000f0000000, 0x00000000f0000000|100%| E|CS|TAMS 0x00000000eff00000, 0x00000000eff00000| Complete 

Card table byte_map: [0x0000024f3ae30000,0x0000024f3af30000] _byte_map_base: 0x0000024f3a730000

Marking Bits (Prev, Next): (CMBitMap*) 0x0000024f241b0d60, (CMBitMap*) 0x0000024f241b0d20
 Prev Bits: [0x0000024f3b830000, 0x0000024f3c030000)
 Next Bits: [0x0000024f3b030000, 0x0000024f3b830000)

Polling page: 0x0000024f22050000

Metaspace:

Usage:
  Non-class:     22.72 MB used.
      Class:      4.00 MB used.
       Both:     26.72 MB used.

Virtual space:
  Non-class space:       24.00 MB reserved,      22.88 MB ( 95%) committed,  3 nodes.
      Class space:      308.00 MB reserved,       4.19 MB (  1%) committed,  1 nodes.
             Both:      332.00 MB reserved,      27.06 MB (  8%) committed. 

Chunk freelists:
   Non-Class:  1.14 MB
       Class:  3.84 MB
        Both:  4.98 MB

MaxMetaspaceSize: 384.00 MB
CompressedClassSpaceSize: 308.00 MB
Initial GC threshold: 21.00 MB
Current GC threshold: 35.12 MB
CDS: on
MetaspaceReclaimPolicy: balanced
 - commit_granule_bytes: 65536.
 - commit_granule_words: 8192.
 - virtual_space_node_default_size: 1048576.
 - enlarge_chunks_in_place: 1.
 - new_chunks_are_fully_committed: 0.
 - uncommit_free_chunks: 1.
 - use_allocation_guard: 0.
 - handle_deallocations: 1.


Internal statistics:

num_allocs_failed_limit: 3.
num_arena_births: 302.
num_arena_deaths: 0.
num_vsnodes_births: 4.
num_vsnodes_deaths: 0.
num_space_committed: 433.
num_space_uncommitted: 0.
num_chunks_returned_to_freelist: 3.
num_chunks_taken_from_freelist: 1355.
num_chunk_merges: 3.
num_chunk_splits: 880.
num_chunks_enlarged: 621.
num_purges: 0.
num_inconsistent_stats: 0.

CodeHeap 'non-profiled nmethods': size=120000Kb used=1879Kb max_used=1879Kb free=118120Kb
 bounds [0x0000024f334d0000, 0x0000024f33740000, 0x0000024f3aa00000]
CodeHeap 'profiled nmethods': size=120000Kb used=7303Kb max_used=7303Kb free=112696Kb
 bounds [0x0000024f2bfa0000, 0x0000024f2c6d0000, 0x0000024f334d0000]
CodeHeap 'non-nmethods': size=5760Kb used=1258Kb max_used=1294Kb free=4501Kb
 bounds [0x0000024f2ba00000, 0x0000024f2bc70000, 0x0000024f2bfa0000]
 total_blobs=4024 nmethods=3468 adapters=468
 compilation: enabled
              stopped_count=0, restarted_count=0
 full_count=0

Compilation events (20 events):
Event: 66.080 Thread 0x0000024f3ea52de0 nmethod 3452 0x0000024f2c6af090 code [0x0000024f2c6af300, 0x0000024f2c6aff78]
Event: 66.088 Thread 0x0000024f3ea52de0 3453       3       org.gradle.internal.instantiation.generator.AbstractClassGenerator::access$1500 (5 bytes)
Event: 66.088 Thread 0x0000024f3ea52de0 nmethod 3453 0x0000024f2c6b0310 code [0x0000024f2c6b04a0, 0x0000024f2c6b05a8]
Event: 66.088 Thread 0x0000024f3ea52de0 3454       3       org.gradle.internal.instantiation.generator.AbstractClassGenerator::isLazyAttachProperty (46 bytes)
Event: 66.091 Thread 0x0000024f3ea52de0 nmethod 3454 0x0000024f2c6b0690 code [0x0000024f2c6b0a20, 0x0000024f2c6b2408]
Event: 66.171 Thread 0x0000024f3ea51c90 3455       4       jdk.internal.util.jar.JarIndex::get (49 bytes)
Event: 66.186 Thread 0x0000024f3ea52de0 3457   !   3       java.net.URLClassLoader::defineClass (224 bytes)
Event: 66.190 Thread 0x0000024f3ea52de0 nmethod 3457 0x0000024f2c6b2b90 code [0x0000024f2c6b2fa0, 0x0000024f2c6b4bf8]
Event: 66.249 Thread 0x0000024f3ea52de0 3458       3       java.lang.ClassLoader::getClassLoadingLock (35 bytes)
Event: 66.250 Thread 0x0000024f3ea52de0 nmethod 3458 0x0000024f2c6b5590 code [0x0000024f2c6b5740, 0x0000024f2c6b5a28]
Event: 66.255 Thread 0x0000024f3ea51c90 nmethod 3455 0x0000024f336a0a10 code [0x0000024f336a0c20, 0x0000024f336a2118]
Event: 66.255 Thread 0x0000024f3ea51c90 3456   !   4       jdk.internal.loader.URLClassPath$JarLoader::getResource (354 bytes)
Event: 66.319 Thread 0x0000024f3ea51c90 nmethod 3456 0x0000024f336a2c90 code [0x0000024f336a2f60, 0x0000024f336a4498]
Event: 66.320 Thread 0x0000024f3ea51c90 3459   !   4       java.lang.ClassLoader::loadClass (121 bytes)
Event: 66.539 Thread 0x0000024f3ea52de0 3462       1       java.net.JarURLConnection::getJarFileURL (5 bytes)
Event: 66.539 Thread 0x0000024f3ea52de0 nmethod 3462 0x0000024f336a5910 code [0x0000024f336a5aa0, 0x0000024f336a5b78]
Event: 66.555 Thread 0x0000024f3ea52de0 3464       3       java.lang.Character::isJavaIdentifierPart (9 bytes)
Event: 66.556 Thread 0x0000024f3ea52de0 nmethod 3464 0x0000024f2c6b5b90 code [0x0000024f2c6b5d40, 0x0000024f2c6b5f38]
Event: 66.556 Thread 0x0000024f3ea52de0 3465       3       java.lang.CharacterDataLatin1::isJavaIdentifierPart (20 bytes)
Event: 66.556 Thread 0x0000024f3ea52de0 nmethod 3465 0x0000024f2c6b6010 code [0x0000024f2c6b61c0, 0x0000024f2c6b63b8]

GC Heap History (8 events):
Event: 11.462 GC heap before
{Heap before GC invocations=0 (full 0):
 garbage-first heap   total 262144K, used 26624K [0x00000000e0000000, 0x0000000100000000)
  region size 1024K, 23 young (23552K), 0 survivors (0K)
 Metaspace       used 1989K, committed 2176K, reserved 323584K
  class space    used 208K, committed 320K, reserved 315392K
}
Event: 11.694 GC heap after
{Heap after GC invocations=1 (full 0):
 garbage-first heap   total 262144K, used 11179K [0x00000000e0000000, 0x0000000100000000)
  region size 1024K, 3 young (3072K), 3 survivors (3072K)
 Metaspace       used 1989K, committed 2176K, reserved 323584K
  class space    used 208K, committed 320K, reserved 315392K
}
Event: 15.491 GC heap before
{Heap before GC invocations=1 (full 0):
 garbage-first heap   total 262144K, used 38827K [0x00000000e0000000, 0x0000000100000000)
  region size 1024K, 30 young (30720K), 3 survivors (3072K)
 Metaspace       used 4075K, committed 4288K, reserved 323584K
  class space    used 507K, committed 640K, reserved 315392K
}
Event: 15.497 GC heap after
{Heap after GC invocations=2 (full 0):
 garbage-first heap   total 262144K, used 12189K [0x00000000e0000000, 0x0000000100000000)
  region size 1024K, 2 young (2048K), 2 survivors (2048K)
 Metaspace       used 4075K, committed 4288K, reserved 323584K
  class space    used 507K, committed 640K, reserved 315392K
}
Event: 42.067 GC heap before
{Heap before GC invocations=2 (full 0):
 garbage-first heap   total 262144K, used 134045K [0x00000000e0000000, 0x0000000100000000)
  region size 1024K, 119 young (121856K), 2 survivors (2048K)
 Metaspace       used 19861K, committed 20160K, reserved 339968K
  class space    used 2884K, committed 3008K, reserved 315392K
}
Event: 42.147 GC heap after
{Heap after GC invocations=3 (full 0):
 garbage-first heap   total 262144K, used 23241K [0x00000000e0000000, 0x0000000100000000)
  region size 1024K, 11 young (11264K), 11 survivors (11264K)
 Metaspace       used 19861K, committed 20160K, reserved 339968K
  class space    used 2884K, committed 3008K, reserved 315392K
}
Event: 43.786 GC heap before
{Heap before GC invocations=3 (full 0):
 garbage-first heap   total 262144K, used 33481K [0x00000000e0000000, 0x0000000100000000)
  region size 1024K, 22 young (22528K), 11 survivors (11264K)
 Metaspace       used 21253K, committed 21504K, reserved 339968K
  class space    used 3120K, committed 3264K, reserved 315392K
}
Event: 43.820 GC heap after
{Heap after GC invocations=4 (full 0):
 garbage-first heap   total 262144K, used 24132K [0x00000000e0000000, 0x0000000100000000)
  region size 1024K, 11 young (11264K), 11 survivors (11264K)
 Metaspace       used 21253K, committed 21504K, reserved 339968K
  class space    used 3120K, committed 3264K, reserved 315392K
}

Deoptimization events (20 events):
Event: 65.714 Thread 0x0000024f3f49ccb0 DEOPT PACKING pc=0x0000024f3352d778 sp=0x000000c57f1fa460
Event: 65.714 Thread 0x0000024f3f49ccb0 DEOPT UNPACKING pc=0x0000024f2ba55ba3 sp=0x000000c57f1fa450 mode 2
Event: 65.714 Thread 0x0000024f3f49ccb0 Uncommon trap: trap_request=0xffffffde fr.pc=0x0000024f3354ff48 relative=0x0000000000000528
Event: 65.714 Thread 0x0000024f3f49ccb0 Uncommon trap: reason=class_check action=maybe_recompile pc=0x0000024f3354ff48 method=jdk.internal.loader.URLClassPath.getResource(Ljava/lang/String;Z)Ljdk/internal/loader/Resource; @ 53 c2
Event: 65.714 Thread 0x0000024f3f49ccb0 DEOPT PACKING pc=0x0000024f3354ff48 sp=0x000000c57f1fa520
Event: 65.714 Thread 0x0000024f3f49ccb0 DEOPT UNPACKING pc=0x0000024f2ba55ba3 sp=0x000000c57f1fa4e0 mode 2
Event: 65.714 Thread 0x0000024f3f49ccb0 Uncommon trap: trap_request=0xffffff45 fr.pc=0x0000024f3362f54c relative=0x000000000000396c
Event: 65.714 Thread 0x0000024f3f49ccb0 Uncommon trap: reason=unstable_if action=reinterpret pc=0x0000024f3362f54c method=java.lang.String.regionMatches(ZILjava/lang/String;II)Z @ 36 c2
Event: 65.714 Thread 0x0000024f3f49ccb0 DEOPT PACKING pc=0x0000024f3362f54c sp=0x000000c57f1fa370
Event: 65.715 Thread 0x0000024f3f49ccb0 DEOPT UNPACKING pc=0x0000024f2ba55ba3 sp=0x000000c57f1fa290 mode 2
Event: 65.755 Thread 0x0000024f3f49ccb0 DEOPT PACKING pc=0x0000024f3360fac0 sp=0x000000c57f1fa5b0
Event: 65.755 Thread 0x0000024f3f49ccb0 DEOPT UNPACKING pc=0x0000024f2ba566e3 sp=0x000000c57f1f9960 mode 0
Event: 65.760 Thread 0x0000024f3f49ccb0 Uncommon trap: trap_request=0xffffff45 fr.pc=0x0000024f335c8a00 relative=0x00000000000000e0
Event: 65.761 Thread 0x0000024f3f49ccb0 Uncommon trap: reason=unstable_if action=reinterpret pc=0x0000024f335c8a00 method=java.lang.ClassLoader.getClassLoadingLock(Ljava/lang/String;)Ljava/lang/Object; @ 6 c2
Event: 65.761 Thread 0x0000024f3f49ccb0 DEOPT PACKING pc=0x0000024f335c8a00 sp=0x000000c57f1f8a40
Event: 65.761 Thread 0x0000024f3f49ccb0 DEOPT UNPACKING pc=0x0000024f2ba55ba3 sp=0x000000c57f1f89e0 mode 2
Event: 65.844 Thread 0x0000024f3f49ccb0 Uncommon trap: trap_request=0xffffff45 fr.pc=0x0000024f33620a70 relative=0x0000000000000730
Event: 65.844 Thread 0x0000024f3f49ccb0 Uncommon trap: reason=unstable_if action=reinterpret pc=0x0000024f33620a70 method=java.lang.Class.getPackageName()Ljava/lang/String; @ 55 c2
Event: 65.844 Thread 0x0000024f3f49ccb0 DEOPT PACKING pc=0x0000024f33620a70 sp=0x000000c57f1fa180
Event: 65.844 Thread 0x0000024f3f49ccb0 DEOPT UNPACKING pc=0x0000024f2ba55ba3 sp=0x000000c57f1fa140 mode 2

Classes unloaded (0 events):
No events

Classes redefined (0 events):
No events

Internal exceptions (20 events):
Event: 43.599 Thread 0x0000024f3f49ccb0 Exception <a 'java/lang/NoSuchMethodError'{0x00000000ef64e118}: 'int java.lang.invoke.DirectMethodHandle$Holder.invokeVirtual(java.lang.Object, java.lang.Object)'> (0x00000000ef64e118) 
thrown [s\open\src\hotspot\share\interpreter\linkResolver.cpp, line 759]
Event: 43.696 Thread 0x0000024f3f49ccb0 Exception <a 'java/lang/NoSuchMethodError'{0x00000000ef660a48}: 'java.lang.Object java.lang.invoke.DirectMethodHandle$Holder.invokeStaticInit(java.lang.Object, java.lang.Object, java.lang.Object)'> (0x00000000ef660a48) 
thrown [s\open\src\hotspot\share\interpreter\linkResolver.cpp, line 759]
Event: 45.548 Thread 0x0000024f3f49ccb0 Exception <a 'java/lang/NoSuchMethodError'{0x00000000ef5daef8}: 'java.lang.Object java.lang.invoke.DirectMethodHandle$Holder.newInvokeSpecial(java.lang.Object, java.lang.Object, int, int)'> (0x00000000ef5daef8) 
thrown [s\open\src\hotspot\share\interpreter\linkResolver.cpp, line 759]
Event: 46.676 Thread 0x0000024f3f49ccb0 Exception <a 'java/lang/NoSuchMethodError'{0x00000000ee7f4f18}: 'java.lang.Object java.lang.invoke.DirectMethodHandle$Holder.invokeSpecialIFC(java.lang.Object, java.lang.Object, java.lang.Object, java.lang.Object)'> (0x00000000ee7f4f18) 
thrown [s\open\src\hotspot\share\interpreter\linkResolver.cpp, line 759]
Event: 47.139 Thread 0x0000024f3f49ccb0 Exception <a 'java/lang/NoSuchMethodError'{0x00000000ee692a20}: 'java.lang.Object java.lang.invoke.DirectMethodHandle$Holder.newInvokeSpecial(java.lang.Object, java.lang.Object, java.lang.Object, java.lang.Object, java.lang.Object, java.lang.Object, java.lang.Object, java.lang.Object, java.lang.Object, java.lang.Object)'> (0x00000000ee692a20) 
thrown [s\open\src\hotspot\share\interpreter\linkResolver.cpp, line 759]
Event: 47.141 Thread 0x0000024f3f49ccb0 Exception <a 'java/lang/NoSuchMethodError'{0x00000000ee697908}: 'java.lang.Object java.lang.invoke.Invokers$Holder.linkToTargetMethod(java.lang.Object, java.lang.Object, java.lang.Object, java.lang.Object, java.lang.Object, java.lang.Object, java.lang.Object, java.lang.Object, java.lang.Object, java.lang.Object)'> (0x00000000ee697908) 
thrown [s\open\src\hotspot\share\interpreter\linkResolver.cpp, line 759]
Event: 48.787 Thread 0x0000024f3f49ccb0 Implicit null exception at 0x0000024f3353090c to 0x0000024f33530d1c
Event: 53.163 Thread 0x0000024f3f49ccb0 Exception <a 'java/lang/NoSuchMethodError'{0x00000000ed410588}: 'java.lang.Object java.lang.invoke.DirectMethodHandle$Holder.newInvokeSpecial(java.lang.Object, java.lang.Object, java.lang.Object, java.lang.Object, java.lang.Object, java.lang.Object, java.lang.Object, java.lang.Object, java.lang.Object, java.lang.Object, java.lang.Object)'> (0x00000000ed410588) 
thrown [s\open\src\hotspot\share\interpreter\linkResolver.cpp, line 759]
Event: 53.168 Thread 0x0000024f3f49ccb0 Exception <a 'java/lang/NoSuchMethodError'{0x00000000ed416370}: 'java.lang.Object java.lang.invoke.DirectMethodHandle$Holder.invokeSpecial(java.lang.Object, java.lang.Object, java.lang.Object, java.lang.Object, java.lang.Object, java.lang.Object, java.lang.Object, java.lang.Object, java.lang.Object, java.lang.Object, java.lang.Object, java.lang.Object)'> (0x00000000ed416370) 
thrown [s\open\src\hotspot\share\interpreter\linkResolver.cpp, line 759]
Event: 53.171 Thread 0x0000024f3f49ccb0 Exception <a 'java/lang/NoSuchMethodError'{0x00000000ed41ba08}: 'java.lang.Object java.lang.invoke.Invokers$Holder.linkToTargetMethod(java.lang.Object, java.lang.Object, java.lang.Object, java.lang.Object, java.lang.Object, java.lang.Object, java.lang.Object, java.lang.Object, java.lang.Object, java.lang.Object, java.lang.Object)'> (0x00000000ed41ba08) 
thrown [s\open\src\hotspot\share\interpreter\linkResolver.cpp, line 759]
Event: 54.806 Thread 0x0000024f3f49ccb0 Exception <a 'java/lang/IncompatibleClassChangeError'{0x00000000ecd177d0}: Found class java.lang.Object, but interface was expected> (0x00000000ecd177d0) 
thrown [s\open\src\hotspot\share\interpreter\linkResolver.cpp, line 826]
Event: 55.695 Thread 0x0000024f3f49ccb0 Exception <a 'java/lang/NoSuchMethodError'{0x00000000ecddf630}: 'int java.lang.invoke.DirectMethodHandle$Holder.invokeStaticInit(java.lang.Object, java.lang.Object, java.lang.Object)'> (0x00000000ecddf630) 
thrown [s\open\src\hotspot\share\interpreter\linkResolver.cpp, line 759]
Event: 55.702 Thread 0x0000024f3f49ccb0 Exception <a 'java/lang/NoSuchMethodError'{0x00000000ecdf55e8}: 'java.lang.Object java.lang.invoke.DirectMethodHandle$Holder.newInvokeSpecial(java.lang.Object, java.lang.Object, long)'> (0x00000000ecdf55e8) 
thrown [s\open\src\hotspot\share\interpreter\linkResolver.cpp, line 759]
Event: 55.702 Thread 0x0000024f3f49ccb0 Exception <a 'java/lang/NoSuchMethodError'{0x00000000ecdf9bf8}: 'java.lang.Object java.lang.invoke.Invokers$Holder.linkToTargetMethod(java.lang.Object, long, java.lang.Object)'> (0x00000000ecdf9bf8) 
thrown [s\open\src\hotspot\share\interpreter\linkResolver.cpp, line 759]
Event: 56.854 Thread 0x0000024f3f49ccb0 Exception <a 'java/lang/NoSuchMethodError'{0x00000000ecaf6b00}: 'int java.lang.invoke.DirectMethodHandle$Holder.invokeInterface(java.lang.Object, java.lang.Object)'> (0x00000000ecaf6b00) 
thrown [s\open\src\hotspot\share\interpreter\linkResolver.cpp, line 759]
Event: 56.902 Thread 0x0000024f3f49ccb0 Exception <a 'java/lang/NoSuchMethodError'{0x00000000ec95a848}: 'java.lang.Object java.lang.invoke.DirectMethodHandle$Holder.invokeVirtual(java.lang.Object, java.lang.Object, int)'> (0x00000000ec95a848) 
thrown [s\open\src\hotspot\share\interpreter\linkResolver.cpp, line 759]
Event: 57.439 Thread 0x0000024f3f49ccb0 Exception <a 'java/lang/NoSuchMethodError'{0x00000000ec845ff8}: 'java.lang.Object java.lang.invoke.DirectMethodHandle$Holder.invokeStatic(java.lang.Object, java.lang.Object, int, java.lang.Object)'> (0x00000000ec845ff8) 
thrown [s\open\src\hotspot\share\interpreter\linkResolver.cpp, line 759]
Event: 57.441 Thread 0x0000024f3f49ccb0 Exception <a 'java/lang/NoSuchMethodError'{0x00000000ec84dd98}: 'java.lang.Object java.lang.invoke.DirectMethodHandle$Holder.newInvokeSpecial(java.lang.Object, java.lang.Object, int, java.lang.Object)'> (0x00000000ec84dd98) 
thrown [s\open\src\hotspot\share\interpreter\linkResolver.cpp, line 759]
Event: 57.444 Thread 0x0000024f3f49ccb0 Exception <a 'java/lang/NoSuchMethodError'{0x00000000ec852680}: 'java.lang.Object java.lang.invoke.DirectMethodHandle$Holder.invokeSpecial(java.lang.Object, java.lang.Object, java.lang.Object, int, java.lang.Object)'> (0x00000000ec852680) 
thrown [s\open\src\hotspot\share\interpreter\linkResolver.cpp, line 759]
Event: 66.414 Thread 0x0000024f3f49ccb0 Exception <a 'java/lang/NoSuchMethodError'{0x00000000ec4c30e0}: 'java.lang.Object java.lang.invoke.DirectMethodHandle$Holder.invokeSpecial(java.lang.Object, java.lang.Object, java.lang.Object, int, java.lang.Object, java.lang.Object)'> (0x00000000ec4c30e0) 
thrown [s\open\src\hotspot\share\interpreter\linkResolver.cpp, line 759]

VM Operations (20 events):
Event: 55.572 Executing VM operation: HandshakeAllThreads done
Event: 55.572 Executing VM operation: Cleanup
Event: 55.573 Executing VM operation: Cleanup done
Event: 55.577 Executing VM operation: HandshakeAllThreads
Event: 55.577 Executing VM operation: HandshakeAllThreads done
Event: 56.581 Executing VM operation: Cleanup
Event: 56.582 Executing VM operation: Cleanup done
Event: 57.590 Executing VM operation: Cleanup
Event: 57.627 Executing VM operation: Cleanup done
Event: 60.653 Executing VM operation: Cleanup
Event: 60.653 Executing VM operation: Cleanup done
Event: 63.671 Executing VM operation: Cleanup
Event: 63.671 Executing VM operation: Cleanup done
Event: 65.685 Executing VM operation: Cleanup
Event: 65.686 Executing VM operation: Cleanup done
Event: 65.753 Executing VM operation: HandshakeAllThreads
Event: 65.754 Executing VM operation: HandshakeAllThreads done
Event: 65.754 Executing VM operation: HandshakeAllThreads
Event: 65.755 Executing VM operation: HandshakeAllThreads done
Event: 66.760 Executing VM operation: Cleanup

Events (20 events):
Event: 65.693 loading class jdk/internal/loader/URLClassPath$FileLoader
Event: 65.695 loading class jdk/internal/loader/URLClassPath$FileLoader done
Event: 65.752 loading class jdk/internal/loader/URLClassPath$FileLoader$1
Event: 65.752 loading class jdk/internal/loader/URLClassPath$FileLoader$1 done
Event: 65.958 loading class java/beans/Transient
Event: 65.963 loading class java/beans/Transient done
Event: 66.164 loading class java/util/stream/IntPipeline$1
Event: 66.164 loading class java/util/stream/IntPipeline$1 done
Event: 66.167 loading class java/util/stream/Nodes$FixedNodeBuilder
Event: 66.168 loading class java/util/stream/Nodes$ArrayNode
Event: 66.169 loading class java/util/stream/Nodes$ArrayNode done
Event: 66.170 loading class java/util/stream/Nodes$FixedNodeBuilder done
Event: 66.170 loading class java/util/stream/IntPipeline$1$1
Event: 66.170 loading class java/util/stream/IntPipeline$1$1 done
Event: 66.311 loading class java/lang/IllegalAccessError
Event: 66.317 loading class java/lang/IllegalAccessError done
Event: 66.393 loading class java/lang/ProcessBuilder
Event: 66.395 loading class java/lang/ProcessBuilder done
Event: 66.395 loading class java/lang/Process
Event: 66.396 loading class java/lang/Process done


Dynamic libraries:
0x00007ff6d7030000 - 0x00007ff6d7040000 	C:\Program Files\Java\jdk-17.0.5\bin\java.exe
0x00007ffce79b0000 - 0x00007ffce7ba8000 	C:\WINDOWS\SYSTEM32\ntdll.dll
0x00007ffce5ea0000 - 0x00007ffce5f5f000 	C:\WINDOWS\System32\KERNEL32.DLL
0x00007ffce55c0000 - 0x00007ffce58b6000 	C:\WINDOWS\System32\KERNELBASE.dll
0x00007ffce5140000 - 0x00007ffce5240000 	C:\WINDOWS\System32\ucrtbase.dll
0x00007ffcc2c10000 - 0x00007ffcc2c2a000 	C:\Program Files\Java\jdk-17.0.5\bin\VCRUNTIME140.dll
0x00007ffcde890000 - 0x00007ffcde8a8000 	C:\Program Files\Java\jdk-17.0.5\bin\jli.dll
0x00007ffce6f20000 - 0x00007ffce6fcf000 	C:\WINDOWS\System32\ADVAPI32.dll
0x00007ffce6390000 - 0x00007ffce642e000 	C:\WINDOWS\System32\msvcrt.dll
0x00007ffce5a10000 - 0x00007ffce5aac000 	C:\WINDOWS\System32\sechost.dll
0x00007ffce6620000 - 0x00007ffce6746000 	C:\WINDOWS\System32\RPCRT4.dll
0x00007ffce5c50000 - 0x00007ffce5ded000 	C:\WINDOWS\System32\USER32.dll
0x00007ffce5370000 - 0x00007ffce5392000 	C:\WINDOWS\System32\win32u.dll
0x00007ffce7230000 - 0x00007ffce725c000 	C:\WINDOWS\System32\GDI32.dll
0x00007ffce58f0000 - 0x00007ffce5a05000 	C:\WINDOWS\System32\gdi32full.dll
0x00007ffce5240000 - 0x00007ffce52dd000 	C:\WINDOWS\System32\msvcp_win.dll
0x00007ffcddef0000 - 0x00007ffcddefa000 	C:\WINDOWS\SYSTEM32\VERSION.dll
0x00007ffcc4100000 - 0x00007ffcc439a000 	C:\WINDOWS\WinSxS\amd64_microsoft.windows.common-controls_6595b64144ccf1df_6.0.19041.1110_none_60b5254171f9507e\COMCTL32.dll
0x00007ffce7260000 - 0x00007ffce7290000 	C:\WINDOWS\System32\IMM32.DLL
0x00007ffcc2c00000 - 0x00007ffcc2c0c000 	C:\Program Files\Java\jdk-17.0.5\bin\vcruntime140_1.dll
0x00007ffcbe230000 - 0x00007ffcbe2bd000 	C:\Program Files\Java\jdk-17.0.5\bin\msvcp140.dll
0x00007ffc7d8a0000 - 0x00007ffc7e462000 	C:\Program Files\Java\jdk-17.0.5\bin\server\jvm.dll
0x00007ffce5ab0000 - 0x00007ffce5ab8000 	C:\WINDOWS\System32\PSAPI.DLL
0x00007ffcc9880000 - 0x00007ffcc9889000 	C:\WINDOWS\SYSTEM32\WSOCK32.dll
0x00007ffce6550000 - 0x00007ffce65bb000 	C:\WINDOWS\System32\WS2_32.dll
0x00007ffcc0760000 - 0x00007ffcc0787000 	C:\WINDOWS\SYSTEM32\WINMM.dll
0x00007ffce38d0000 - 0x00007ffce38e2000 	C:\WINDOWS\SYSTEM32\kernel.appcore.dll
0x00007ffcc2bf0000 - 0x00007ffcc2bfa000 	C:\Program Files\Java\jdk-17.0.5\bin\jimage.dll
0x00007ffce3680000 - 0x00007ffce3864000 	C:\WINDOWS\SYSTEM32\DBGHELP.DLL
0x00007ffccc690000 - 0x00007ffccc6c4000 	C:\WINDOWS\SYSTEM32\dbgcore.DLL
0x00007ffce52e0000 - 0x00007ffce5362000 	C:\WINDOWS\System32\bcryptPrimitives.dll
0x00007ffcc2be0000 - 0x00007ffcc2bee000 	C:\Program Files\Java\jdk-17.0.5\bin\instrument.dll
0x00007ffcbe200000 - 0x00007ffcbe225000 	C:\Program Files\Java\jdk-17.0.5\bin\java.dll
0x00007ffcbb5a0000 - 0x00007ffcbb676000 	C:\Program Files\Java\jdk-17.0.5\bin\jsvml.dll
0x00007ffce6750000 - 0x00007ffce6e94000 	C:\WINDOWS\System32\SHELL32.dll
0x00007ffce2ee0000 - 0x00007ffce3673000 	C:\WINDOWS\SYSTEM32\windows.storage.dll
0x00007ffce6030000 - 0x00007ffce6384000 	C:\WINDOWS\System32\combase.dll
0x00007ffce4930000 - 0x00007ffce495e000 	C:\WINDOWS\SYSTEM32\Wldp.dll
0x00007ffce5f80000 - 0x00007ffce602d000 	C:\WINDOWS\System32\SHCORE.dll
0x00007ffce65c0000 - 0x00007ffce6615000 	C:\WINDOWS\System32\shlwapi.dll
0x00007ffce4fd0000 - 0x00007ffce4fef000 	C:\WINDOWS\SYSTEM32\profapi.dll
0x00007ffcc2bc0000 - 0x00007ffcc2bd8000 	C:\Program Files\Java\jdk-17.0.5\bin\zip.dll
0x00007ffcbe1e0000 - 0x00007ffcbe1f9000 	C:\Program Files\Java\jdk-17.0.5\bin\net.dll
0x00007ffcdb580000 - 0x00007ffcdb68a000 	C:\WINDOWS\SYSTEM32\WINHTTP.dll
0x00007ffce4710000 - 0x00007ffce477a000 	C:\WINDOWS\system32\mswsock.dll
0x00007ffcbe1c0000 - 0x00007ffcbe1d6000 	C:\Program Files\Java\jdk-17.0.5\bin\nio.dll
0x00007ffcc1530000 - 0x00007ffcc1540000 	C:\Program Files\Java\jdk-17.0.5\bin\verify.dll
0x00007ffcbe2c0000 - 0x00007ffcbe2e7000 	C:\Users\USER\.gradle\native\c067742578af261105cb4f569cf0c3c89f3d7b1fecec35dd04571415982c5e48\windows-amd64\native-platform.dll
0x00007ffc5a020000 - 0x00007ffc5a164000 	C:\Users\USER\.gradle\native\100fb08df4bc3b14c8652ba06237920a3bd2aa13389f12d3474272988ae205f9\windows-amd64\native-platform-file-events.dll
0x00007ffcc14a0000 - 0x00007ffcc14a9000 	C:\Program Files\Java\jdk-17.0.5\bin\management.dll
0x00007ffcc1220000 - 0x00007ffcc122b000 	C:\Program Files\Java\jdk-17.0.5\bin\management_ext.dll
0x00007ffce4970000 - 0x00007ffce4988000 	C:\WINDOWS\SYSTEM32\CRYPTSP.dll
0x00007ffce4050000 - 0x00007ffce4084000 	C:\WINDOWS\system32\rsaenh.dll
0x00007ffce58c0000 - 0x00007ffce58e7000 	C:\WINDOWS\System32\bcrypt.dll
0x00007ffce4f90000 - 0x00007ffce4fbe000 	C:\WINDOWS\SYSTEM32\USERENV.dll
0x00007ffce48a0000 - 0x00007ffce48ac000 	C:\WINDOWS\SYSTEM32\CRYPTBASE.dll
0x00007ffce4420000 - 0x00007ffce445c000 	C:\WINDOWS\SYSTEM32\IPHLPAPI.DLL
0x00007ffce5e00000 - 0x00007ffce5e08000 	C:\WINDOWS\System32\NSI.dll
0x00007ffcdd170000 - 0x00007ffcdd187000 	C:\WINDOWS\SYSTEM32\dhcpcsvc6.DLL
0x00007ffcdd130000 - 0x00007ffcdd14d000 	C:\WINDOWS\SYSTEM32\dhcpcsvc.DLL
0x00007ffce4460000 - 0x00007ffce452b000 	C:\WINDOWS\SYSTEM32\DNSAPI.dll
0x00007ffcc11b0000 - 0x00007ffcc11be000 	C:\Program Files\Java\jdk-17.0.5\bin\sunmscapi.dll
0x00007ffce53f0000 - 0x00007ffce554e000 	C:\WINDOWS\System32\CRYPT32.dll
0x00007ffce4a80000 - 0x00007ffce4aa8000 	C:\WINDOWS\SYSTEM32\ncrypt.dll
0x00007ffce4a40000 - 0x00007ffce4a7b000 	C:\WINDOWS\SYSTEM32\NTASN1.dll
0x00007ffcd4260000 - 0x00007ffcd4267000 	C:\WINDOWS\system32\wshunix.dll

dbghelp: loaded successfully - version: 4.0.5 - missing functions: none
symbol engine: initialized successfully - sym options: 0x614 - pdb path: .;C:\Program Files\Java\jdk-17.0.5\bin;C:\WINDOWS\SYSTEM32;C:\WINDOWS\WinSxS\amd64_microsoft.windows.common-controls_6595b64144ccf1df_6.0.19041.1110_none_60b5254171f9507e;C:\Program Files\Java\jdk-17.0.5\bin\server;C:\Users\USER\.gradle\native\c067742578af261105cb4f569cf0c3c89f3d7b1fecec35dd04571415982c5e48\windows-amd64;C:\Users\USER\.gradle\native\100fb08df4bc3b14c8652ba06237920a3bd2aa13389f12d3474272988ae205f9\windows-amd64

VM Arguments:
jvm_args: --add-opens=java.base/java.util=ALL-UNNAMED --add-opens=java.base/java.lang=ALL-UNNAMED --add-opens=java.base/java.lang.invoke=ALL-UNNAMED --add-opens=java.prefs/java.util.prefs=ALL-UNNAMED --add-opens=java.base/java.nio.charset=ALL-UNNAMED --add-opens=java.base/java.net=ALL-UNNAMED --add-opens=java.base/java.util.concurrent.atomic=ALL-UNNAMED -XX:MaxMetaspaceSize=384m -XX:+HeapDumpOnOutOfMemoryError -Xms256m -Xmx512m -Dfile.encoding=x-windows-949 -Duser.country=KR -Duser.language=ko -Duser.variant -javaagent:C:\Users\USER\.gradle\wrapper\dists\gradle-8.8-bin\dl7vupf4psengwqhwktix4v1\gradle-8.8\lib\agents\gradle-instrumentation-agent-8.8.jar 
java_command: org.gradle.launcher.daemon.bootstrap.GradleDaemon 8.8
java_class_path (initial): C:\Users\USER\.gradle\wrapper\dists\gradle-8.8-bin\dl7vupf4psengwqhwktix4v1\gradle-8.8\lib\gradle-launcher-8.8.jar
Launcher Type: SUN_STANDARD

[Global flags]
     intx CICompilerCount                          = 4                                         {product} {ergonomic}
   size_t CompressedClassSpaceSize                 = 322961408                                 {product} {ergonomic}
     uint ConcGCThreads                            = 2                                         {product} {ergonomic}
     uint G1ConcRefinementThreads                  = 8                                         {product} {ergonomic}
   size_t G1HeapRegionSize                         = 1048576                                   {product} {ergonomic}
    uintx GCDrainStackTargetSize                   = 64                                        {product} {ergonomic}
     bool HeapDumpOnOutOfMemoryError               = true                                   {manageable} {command line}
   size_t InitialHeapSize                          = 268435456                                 {product} {command line}
   size_t MarkStackSize                            = 4194304                                   {product} {ergonomic}
   size_t MaxHeapSize                              = 536870912                                 {product} {command line}
   size_t MaxMetaspaceSize                         = 402653184                                 {product} {command line}
   size_t MaxNewSize                               = 321912832                                 {product} {ergonomic}
   size_t MinHeapDeltaBytes                        = 1048576                                   {product} {ergonomic}
   size_t MinHeapSize                              = 268435456                                 {product} {command line}
    uintx NonNMethodCodeHeapSize                   = 5839372                                {pd product} {ergonomic}
    uintx NonProfiledCodeHeapSize                  = 122909434                              {pd product} {ergonomic}
    uintx ProfiledCodeHeapSize                     = 122909434                              {pd product} {ergonomic}
    uintx ReservedCodeCacheSize                    = 251658240                              {pd product} {ergonomic}
     bool SegmentedCodeCache                       = true                                      {product} {ergonomic}
   size_t SoftMaxHeapSize                          = 536870912                              {manageable} {ergonomic}
     bool UseCompressedClassPointers               = true                           {product lp64_product} {ergonomic}
     bool UseCompressedOops                        = true                           {product lp64_product} {ergonomic}
     bool UseG1GC                                  = true                                      {product} {ergonomic}
     bool UseLargePagesIndividualAllocation        = false                                  {pd product} {ergonomic}

Logging:
Log output configuration:
 #0: stdout all=warning uptime,level,tags
 #1: stderr all=off uptime,level,tags

Environment Variables:
JAVA_HOME=C:\Program Files\Java\jdk-17.0.5
PATH=C:\Program Files\Java\jdk-17.0.5\bin;C:\app\USER\product\21c\dbhomeXE\bin;C:\Program Files\Python310\Scripts\;C:\Program Files\Python310\;C:\WINDOWS\system32;C:\WINDOWS;C:\WINDOWS\System32\Wbem;C:\WINDOWS\System32\WindowsPowerShell\v1.0\;C:\WINDOWS\System32\OpenSSH\;C:\Program Files\Git\cmd;C:\Program Files\dotnet\;C:\Program Files\nodejs\;C:\Program Files\Docker\Docker\resources\bin;C:\ProgramData\DockerDesktop\version-bin;C:\Program Files\MATLAB\R2023a\bin;C:\Program Files\Zulu\zulu-8\bin\;C:\Program Files\PuTTY\;C:\Program Files\Java\jdk-17.0.5;C:\Users\USER\AppData\Local\Microsoft\WindowsApps;C:\Users\USER\AppData\Local\Microsoft\WindowsApps;C:\Users\USER\.dotnet\tools;C:\Users\USER\AppData\Local\Programs\Microsoft VS Code\bin;C:\Program Files\JetBrains\IntelliJ IDEA Community Edition 2022.1.3\bin;C:\Users\USER\AppData\Roaming\npm;C:\Users\USER\AppData\Local\afreeca;C:\Users\USER\AppData\Local\Android\Sdk\platform-tools;C:\Users\USER\AppData\Local\GitHubDesktop\bin;;C:\Program Files\JetBrains\IntelliJ IDEA 2024.1.2\bin;
USERNAME=USER
OS=Windows_NT
PROCESSOR_IDENTIFIER=Intel64 Family 6 Model 126 Stepping 5, GenuineIntel



---------------  S Y S T E M  ---------------

OS:
 Windows 10 , 64 bit Build 19041 (10.0.19041.2913)
OS uptime: 0 days 4:20 hours
Hyper-V role detected

CPU: total 8 (initial active 8) (4 cores per cpu, 2 threads per core) family 6 model 126 stepping 5 microcode 0xa8, cx8, cmov, fxsr, ht, mmx, 3dnowpref, sse, sse2, sse3, ssse3, sse4.1, sse4.2, popcnt, lzcnt, tsc, tscinvbit, avx, avx2, aes, erms, clmul, bmi1, bmi2, adx, avx512f, avx512dq, avx512cd, avx512bw, avx512vl, sha, fma, vzeroupper, avx512_vpopcntdq, avx512_vpclmulqdq, avx512_vaes, avx512_vnni, clflush, clflushopt, avx512_vbmi2, avx512_vbmi, hv

Memory: 4k page, system-wide physical 7880M (27M free)
TotalPageFile size 32456M (AvailPageFile size 9M)
current process WorkingSet (physical memory assigned to process): 132M, peak: 192M
current process commit charge ("private bytes"): 424M, peak: 426M

vm_info: Java HotSpot(TM) 64-Bit Server VM (17.0.5+9-LTS-191) for windows-amd64 JRE (17.0.5+9-LTS-191), built on Sep 13 2022 17:31:43 by "mach5one" with MS VC++ 16.8 / 16.9 (VS2019)

END.
